2023-10-27 03:42:26,837 [INFO] Activator:176 - 


2023-10-27 03:42:26,845 [INFO] Activator:177 - !SESSION log4j initialized
2023-10-27 03:42:39,259 [INFO] LogOutputStream:77 - [STDOUT_REDIRECT] 
2023-10-27 03:43:03,336 [ERROR] LogOutputStream:75 - [STDERR_REDIRECT] SLF4J: Failed to load class "org.slf4j.impl.StaticLoggerBinder".
2023-10-27 03:43:03,336 [ERROR] LogOutputStream:75 - [STDERR_REDIRECT] SLF4J: Defaulting to no-operation (NOP) logger implementation
2023-10-27 03:43:03,338 [ERROR] LogOutputStream:75 - [STDERR_REDIRECT] SLF4J: See http://www.slf4j.org/codes.html#StaticLoggerBinder for further details.
2023-10-27 05:25:10,039 [INFO] ApplicationProperties:184 - Using Application install path: D:\STM32CubeIDE_1.12.1\STM32CubeIDE\plugins\com.st.stm32cube.common.mx_6.8.1.202304191431
2023-10-27 05:25:10,082 [INFO] DbMcusXml:78 - Set database path to: D:\STM32CubeIDE_1.12.1\STM32CubeIDE\plugins\com.st.stm32cube.common.mx_6.8.1.202304191431\\db\/mcu/
2023-10-27 05:25:10,082 [INFO] ApiDb:274 - Set plugin database path to: D:\STM32CubeIDE_1.12.1\STM32CubeIDE\plugins\com.st.stm32cube.common.mx_6.8.1.202304191431\\db\/plugins/boardmanager/
2023-10-27 05:25:10,085 [WARN] ApiDb:259 - Overriding images path with different value:  => D:\STM32CubeIDE_1.12.1\STM32CubeIDE\plugins\com.st.stm32cube.common.mx_6.8.1.202304191431\\db\/plugins/mcufinder/images/
2023-10-27 05:25:10,109 [INFO] ApiDb:250 - Set database path to: C:\Users\alan1\.stmcufinder\plugins\mcufinder//mcu/
2023-10-27 05:25:10,112 [INFO] DbMcusAds:125 - Set database path to: C:\Users\alan1\.stmcufinder\plugins\mcufinder//mcu/
2023-10-27 05:25:10,164 [INFO] CrossReferenceDbSqlite:203 - Set database path to: C:\Users\alan1\.stmcufinder\plugins\mcufinder//mcu/cs/
2023-10-27 05:25:10,408 [INFO] RulesReader:64 - Compatibility file has been processed (293 Rules)
2023-10-27 05:25:10,614 [INFO] DbMcusXml:78 - Set database path to: D:\STM32CubeIDE_1.12.1\STM32CubeIDE\plugins\com.st.stm32cube.common.mx_6.8.1.202304191431\\db\/mcu/
2023-10-27 05:25:10,614 [INFO] ApiDb:274 - Set plugin database path to: D:\STM32CubeIDE_1.12.1\STM32CubeIDE\plugins\com.st.stm32cube.common.mx_6.8.1.202304191431\\db\/plugins/boardmanager/
2023-10-27 05:25:10,614 [INFO] ApiDb:261 - Set plugin images path to: D:\STM32CubeIDE_1.12.1\STM32CubeIDE\plugins\com.st.stm32cube.common.mx_6.8.1.202304191431\\db\/plugins/mcufinder/images/
2023-10-27 05:25:10,614 [WARN] DbFile:41 - Overriding database path with different value: C:\Users\alan1\.stmcufinder\plugins\mcufinder/ => C:\Users\alan1\.stmcufinder\plugins\mcufinder
2023-10-27 05:25:10,614 [INFO] ApiDb:250 - Set database path to: C:\Users\alan1\.stmcufinder\plugins\mcufinder//mcu/
2023-10-27 05:25:10,614 [WARN] DbFile:41 - Overriding database path with different value: C:\Users\alan1\.stmcufinder\plugins\mcufinder/ => C:\Users\alan1\.stmcufinder\plugins\mcufinder
2023-10-27 05:25:10,615 [INFO] DbMcusAds:125 - Set database path to: C:\Users\alan1\.stmcufinder\plugins\mcufinder//mcu/
2023-10-27 05:25:10,615 [WARN] DbFile:41 - Overriding database path with different value: C:\Users\alan1\.stmcufinder\plugins\mcufinder/ => C:\Users\alan1\.stmcufinder\plugins\mcufinder
2023-10-27 05:25:10,615 [WARN] DbFile:41 - Overriding database path with different value: C:\Users\alan1\.stmcufinder\plugins\mcufinder/ => C:\Users\alan1\.stmcufinder\plugins\mcufinder
2023-10-27 05:25:10,615 [INFO] CrossReferenceDbSqlite:203 - Set database path to: C:\Users\alan1\.stmcufinder\plugins\mcufinder//mcu/cs/
2023-10-27 05:25:10,751 [INFO] MainPanel:253 - HeapMemory: 498073600
2023-10-27 05:25:10,993 [INFO] DbMcusXml:78 - Set database path to: D:\STM32CubeIDE_1.12.1\STM32CubeIDE\plugins\com.st.stm32cube.common.mx_6.8.1.202304191431\\db\/mcu/
2023-10-27 05:25:10,993 [INFO] ApiDb:274 - Set plugin database path to: D:\STM32CubeIDE_1.12.1\STM32CubeIDE\plugins\com.st.stm32cube.common.mx_6.8.1.202304191431\\db\/plugins/boardmanager/
2023-10-27 05:25:10,993 [INFO] ApiDb:261 - Set plugin images path to: D:\STM32CubeIDE_1.12.1\STM32CubeIDE\plugins\com.st.stm32cube.common.mx_6.8.1.202304191431\\db\/plugins/mcufinder/images/
2023-10-27 05:25:10,994 [WARN] DbFile:41 - Overriding database path with different value: C:\Users\alan1\.stmcufinder\plugins\mcufinder/ => C:\Users\alan1\.stmcufinder\plugins\mcufinder
2023-10-27 05:25:10,994 [INFO] ApiDb:250 - Set database path to: C:\Users\alan1\.stmcufinder\plugins\mcufinder//mcu/
2023-10-27 05:25:10,994 [WARN] DbFile:41 - Overriding database path with different value: C:\Users\alan1\.stmcufinder\plugins\mcufinder/ => C:\Users\alan1\.stmcufinder\plugins\mcufinder
2023-10-27 05:25:10,994 [INFO] DbMcusAds:125 - Set database path to: C:\Users\alan1\.stmcufinder\plugins\mcufinder//mcu/
2023-10-27 05:25:10,994 [WARN] DbFile:41 - Overriding database path with different value: C:\Users\alan1\.stmcufinder\plugins\mcufinder/ => C:\Users\alan1\.stmcufinder\plugins\mcufinder
2023-10-27 05:25:10,994 [WARN] DbFile:41 - Overriding database path with different value: C:\Users\alan1\.stmcufinder\plugins\mcufinder/ => C:\Users\alan1\.stmcufinder\plugins\mcufinder
2023-10-27 05:25:10,995 [INFO] CrossReferenceDbSqlite:203 - Set database path to: C:\Users\alan1\.stmcufinder\plugins\mcufinder//mcu/cs/
2023-10-27 05:25:11,039 [INFO] ApplicationProperties:184 - Using Application install path: D:\STM32CubeIDE_1.12.1\STM32CubeIDE\plugins\com.st.stm32cube.common.mx_6.8.1.202304191431
2023-10-27 05:25:11,040 [INFO] PluginManage:196 - Search for loadable plugins [exclusion list=, ]
2023-10-27 05:25:11,045 [INFO] PluginManage:310 - Check plugin analytics
2023-10-27 05:25:11,421 [INFO] AnalyticsPlugin:253 - Accepted Software Licenses: 
2023-10-27 05:25:11,422 [INFO] AnalyticsPlugin:255 - Accepted CMSIS Pack Licenses: 
2023-10-27 05:25:11,422 [INFO] AnalyticsPlugin:257 - Accepted Firmware Licenses: FW.F4.1.27.0,FW.G4.1.5.0
2023-10-27 05:25:11,434 [INFO] PluginManage:359 - Loaded plugin analytics (category:tool,tabindex:-1)
2023-10-27 05:25:11,434 [INFO] PluginManage:310 - Check plugin cadmodel
2023-10-27 05:25:11,484 [INFO] CADModel:105 - Init CAD model plugin
2023-10-27 05:25:11,485 [INFO] PluginManage:359 - Loaded plugin cadmodel (category:power,tabindex:5)
2023-10-27 05:25:11,485 [INFO] PluginManage:310 - Check plugin clock
2023-10-27 05:25:11,568 [INFO] PluginManage:359 - Loaded plugin clock (category:base,tabindex:2)
2023-10-27 05:25:11,569 [INFO] PluginManage:310 - Check plugin ddr
2023-10-27 05:25:11,574 [INFO] PluginManage:359 - Loaded plugin ddr (category:tool,tabindex:6)
2023-10-27 05:25:11,574 [INFO] PluginManage:310 - Check plugin filemanager
2023-10-27 05:25:11,903 [INFO] PluginManage:359 - Loaded plugin filemanager (category:base,tabindex:10)
2023-10-27 05:25:11,904 [INFO] PluginManage:310 - Check plugin ipmanager
2023-10-27 05:25:11,930 [INFO] PluginManage:359 - Loaded plugin ipmanager (category:base,tabindex:5)
2023-10-27 05:25:11,930 [INFO] PluginManage:310 - Check plugin lpbam
2023-10-27 05:25:11,954 [INFO] PluginManage:359 - Loaded plugin lpbam (category:base,tabindex:0)
2023-10-27 05:25:11,954 [INFO] PluginManage:310 - Check plugin pinoutandconfiguration
2023-10-27 05:25:11,977 [INFO] PluginManage:359 - Loaded plugin pinoutandconfiguration (category:base,tabindex:1)
2023-10-27 05:25:11,978 [INFO] PluginManage:310 - Check plugin pinoutconfig
2023-10-27 05:25:12,186 [WARN] SupportedApi:132 - Cannot load RTOS API schema: s4s-elt-must-match.1: The content of 'definitions' must match (annotation?, (simpleType | complexType)?, (unique | key | keyref)*)). A problem was found starting at: attribute.
2023-10-27 05:25:12,458 [INFO] PluginManage:359 - Loaded plugin pinoutconfig (category:base,tabindex:0)
2023-10-27 05:25:12,458 [INFO] PluginManage:310 - Check plugin power
2023-10-27 05:25:12,534 [INFO] PluginManage:359 - Loaded plugin power (category:power,tabindex:4)
2023-10-27 05:25:12,534 [INFO] PluginManage:310 - Check plugin projectmanager
2023-10-27 05:25:12,570 [INFO] PluginManage:359 - Loaded plugin projectmanager (category:projectmanager,tabindex:3)
2023-10-27 05:25:12,570 [INFO] PluginManage:310 - Check plugin thirdparty
2023-10-27 05:25:13,065 [INFO] PluginManage:359 - Loaded plugin thirdparty (category:base,tabindex:-1)
2023-10-27 05:25:13,065 [WARN] IntegrityCheckThread:84 - waiting for thirdparty lock release [integrity check]
2023-10-27 05:25:13,066 [INFO] PluginManage:310 - Check plugin tools
2023-10-27 05:25:13,066 [INFO] IntegrityCheckThread:86 - entering critical section [integrity check]
2023-10-27 05:25:13,067 [INFO] ThirdPartyUpdaterWithRetryManager:70 - Updater plugin not ready yet. [1/15]
2023-10-27 05:25:13,112 [INFO] PluginManage:359 - Loaded plugin tools (category:base,tabindex:7)
2023-10-27 05:25:13,112 [INFO] PluginManage:310 - Check plugin tutovideos
2023-10-27 05:25:13,437 [INFO] PluginManage:359 - Loaded plugin tutovideos (category:base,tabindex:-1)
2023-10-27 05:25:13,437 [INFO] PluginManage:310 - Check plugin updater
2023-10-27 05:25:13,479 [INFO] PluginManage:359 - Loaded plugin updater (category:base,tabindex:12)
2023-10-27 05:25:13,480 [INFO] PluginManage:283 - PluginManage : Loaded plugins [15]
2023-10-27 05:25:14,076 [INFO] PinOutPanel:1499 - setPackage(No Configuration,No Configuration)
2023-10-27 05:25:14,287 [INFO] CADModel:165 - CPN selected for project level
2023-10-27 05:25:14,287 [INFO] CADModel:114 - Register for checkConnection events
2023-10-27 05:25:14,335 [INFO] IPUIPlugin:80 - create IPUIPlugin
2023-10-27 05:25:14,336 [INFO] PluginManager:220 - loadIPPluginJar : add adc
2023-10-27 05:25:14,393 [INFO] IPUIPlugin:80 - create IPUIPlugin
2023-10-27 05:25:14,394 [INFO] PluginManager:220 - loadIPPluginJar : add aes
2023-10-27 05:25:14,451 [INFO] IPUIPlugin:80 - create IPUIPlugin
2023-10-27 05:25:14,451 [INFO] PluginManager:220 - loadIPPluginJar : add can
2023-10-27 05:25:14,480 [INFO] IPUIPlugin:80 - create IPUIPlugin
2023-10-27 05:25:14,480 [INFO] PluginManager:220 - loadIPPluginJar : add comp
2023-10-27 05:25:14,532 [INFO] IPUIPlugin:80 - create IPUIPlugin
2023-10-27 05:25:14,532 [INFO] PluginManager:220 - loadIPPluginJar : add cryp
2023-10-27 05:25:14,588 [INFO] IPUIPlugin:80 - create IPUIPlugin
2023-10-27 05:25:14,588 [INFO] PluginManager:220 - loadIPPluginJar : add dfsdm
2023-10-27 05:25:14,610 [INFO] IPUIPlugin:80 - create IPUIPlugin
2023-10-27 05:25:14,611 [INFO] PluginManager:220 - loadIPPluginJar : add dma
2023-10-27 05:25:14,675 [INFO] IPUIPlugin:80 - create IPUIPlugin
2023-10-27 05:25:14,675 [INFO] PluginManager:220 - loadIPPluginJar : add dma3
2023-10-27 05:25:14,707 [INFO] IPUIPlugin:80 - create IPUIPlugin
2023-10-27 05:25:14,707 [INFO] PluginManager:220 - loadIPPluginJar : add fatfs
2023-10-27 05:25:14,778 [INFO] IPUIPlugin:80 - create IPUIPlugin
2023-10-27 05:25:14,778 [INFO] PluginManager:220 - loadIPPluginJar : add fmc
2023-10-27 05:25:14,800 [INFO] IPUIPlugin:80 - create IPUIPlugin
2023-10-27 05:25:14,800 [INFO] PluginManager:220 - loadIPPluginJar : add freertos
2023-10-27 05:25:14,841 [INFO] IPUIPlugin:80 - create IPUIPlugin
2023-10-27 05:25:14,841 [INFO] PluginManager:220 - loadIPPluginJar : add genericplugin
2023-10-27 05:25:14,974 [INFO] IPUIPlugin:80 - create IPUIPlugin
2023-10-27 05:25:14,974 [INFO] PluginManager:220 - loadIPPluginJar : add gfxmmu
2023-10-27 05:25:15,147 [INFO] IPUIPlugin:80 - create IPUIPlugin
2023-10-27 05:25:15,147 [INFO] PluginManager:220 - loadIPPluginJar : add gic
2023-10-27 05:25:15,165 [INFO] IPUIPlugin:80 - create IPUIPlugin
2023-10-27 05:25:15,165 [INFO] PluginManager:220 - loadIPPluginJar : add gpio
2023-10-27 05:25:15,289 [INFO] IPUIPlugin:80 - create IPUIPlugin
2023-10-27 05:25:15,289 [INFO] PluginManager:220 - loadIPPluginJar : add gtzc
2023-10-27 05:25:15,340 [INFO] IPUIPlugin:80 - create IPUIPlugin
2023-10-27 05:25:15,340 [INFO] PluginManager:220 - loadIPPluginJar : add hash
2023-10-27 05:25:15,422 [INFO] IPUIPlugin:80 - create IPUIPlugin
2023-10-27 05:25:15,422 [INFO] PluginManager:220 - loadIPPluginJar : add i2c
2023-10-27 05:25:15,493 [INFO] IPUIPlugin:80 - create IPUIPlugin
2023-10-27 05:25:15,494 [INFO] PluginManager:220 - loadIPPluginJar : add i2s
2023-10-27 05:25:15,547 [INFO] IPUIPlugin:80 - create IPUIPlugin
2023-10-27 05:25:15,547 [INFO] PluginManager:220 - loadIPPluginJar : add i3c
2023-10-27 05:25:15,688 [INFO] IPUIPlugin:80 - create IPUIPlugin
2023-10-27 05:25:15,688 [INFO] PluginManager:220 - loadIPPluginJar : add ipddr
2023-10-27 05:25:15,814 [INFO] IPUIPlugin:80 - create IPUIPlugin
2023-10-27 05:25:15,815 [INFO] PluginManager:220 - loadIPPluginJar : add linkedlist
2023-10-27 05:25:15,874 [INFO] IPUIPlugin:80 - create IPUIPlugin
2023-10-27 05:25:15,875 [INFO] PluginManager:220 - loadIPPluginJar : add lorawan
2023-10-27 05:25:15,949 [INFO] IPUIPlugin:80 - create IPUIPlugin
2023-10-27 05:25:15,949 [INFO] PluginManager:220 - loadIPPluginJar : add ltdc
2023-10-27 05:25:15,977 [INFO] IPUIPlugin:80 - create IPUIPlugin
2023-10-27 05:25:15,977 [INFO] PluginManager:220 - loadIPPluginJar : add mdma
2023-10-27 05:25:15,997 [INFO] IPUIPlugin:80 - create IPUIPlugin
2023-10-27 05:25:15,998 [INFO] PluginManager:220 - loadIPPluginJar : add nvic
2023-10-27 05:25:16,054 [INFO] IPUIPlugin:80 - create IPUIPlugin
2023-10-27 05:25:16,055 [INFO] PluginManager:220 - loadIPPluginJar : add opamp
2023-10-27 05:25:16,078 [INFO] ThirdPartyUpdaterWithRetryManager:70 - Updater plugin not ready yet. [2/15]
2023-10-27 05:25:16,176 [INFO] IPUIPlugin:80 - create IPUIPlugin
2023-10-27 05:25:16,177 [INFO] PluginManager:220 - loadIPPluginJar : add openamp
2023-10-27 05:25:16,240 [INFO] IPUIPlugin:80 - create IPUIPlugin
2023-10-27 05:25:16,240 [INFO] PluginManager:220 - loadIPPluginJar : add pdm2pcm
2023-10-27 05:25:16,313 [INFO] IPUIPlugin:80 - create IPUIPlugin
2023-10-27 05:25:16,318 [INFO] PluginManager:220 - loadIPPluginJar : add plateformsettings
2023-10-27 05:25:16,368 [INFO] IPUIPlugin:80 - create IPUIPlugin
2023-10-27 05:25:16,368 [INFO] PluginManager:220 - loadIPPluginJar : add quadspi
2023-10-27 05:25:16,389 [INFO] IPUIPlugin:80 - create IPUIPlugin
2023-10-27 05:25:16,389 [INFO] PluginManager:220 - loadIPPluginJar : add resmgrutility
2023-10-27 05:25:16,476 [INFO] IPUIPlugin:80 - create IPUIPlugin
2023-10-27 05:25:16,476 [INFO] PluginManager:220 - loadIPPluginJar : add sai
2023-10-27 05:25:16,540 [INFO] IPUIPlugin:80 - create IPUIPlugin
2023-10-27 05:25:16,540 [INFO] PluginManager:220 - loadIPPluginJar : add spi
2023-10-27 05:25:16,638 [INFO] IPUIPlugin:80 - create IPUIPlugin
2023-10-27 05:25:16,638 [INFO] PluginManager:220 - loadIPPluginJar : add stm32_wpan
2023-10-27 05:25:16,689 [INFO] IPUIPlugin:80 - create IPUIPlugin
2023-10-27 05:25:16,689 [INFO] PluginManager:220 - loadIPPluginJar : add tim
2023-10-27 05:25:16,769 [INFO] IPUIPlugin:80 - create IPUIPlugin
2023-10-27 05:25:16,769 [INFO] PluginManager:220 - loadIPPluginJar : add touchsensing
2023-10-27 05:25:16,815 [INFO] IPUIPlugin:80 - create IPUIPlugin
2023-10-27 05:25:16,816 [INFO] PluginManager:220 - loadIPPluginJar : add tracer_emb
2023-10-27 05:25:16,851 [INFO] IPUIPlugin:80 - create IPUIPlugin
2023-10-27 05:25:16,851 [INFO] PluginManager:220 - loadIPPluginJar : add ts
2023-10-27 05:25:16,880 [INFO] IPUIPlugin:80 - create IPUIPlugin
2023-10-27 05:25:16,880 [INFO] PluginManager:220 - loadIPPluginJar : add tsc
2023-10-27 05:25:16,908 [INFO] IPUIPlugin:80 - create IPUIPlugin
2023-10-27 05:25:16,908 [INFO] PluginManager:220 - loadIPPluginJar : add ucpd
2023-10-27 05:25:16,977 [INFO] IPUIPlugin:80 - create IPUIPlugin
2023-10-27 05:25:16,977 [INFO] PluginManager:220 - loadIPPluginJar : add usart
2023-10-27 05:25:17,031 [INFO] IPUIPlugin:80 - create IPUIPlugin
2023-10-27 05:25:17,031 [INFO] PluginManager:220 - loadIPPluginJar : add usbx
2023-10-27 05:25:17,245 [INFO] CADModel:165 - CPN selected for project level
2023-10-27 05:25:17,245 [INFO] CADModel:114 - Register for checkConnection events
2023-10-27 05:25:17,246 [FATAL] Updater:308 - Updater called before beeing initialized
2023-10-27 05:25:17,246 [ERROR] CADModel:125 - Updater not yet initialized, retry later 
2023-10-27 05:25:17,602 [INFO] CADModel:165 - CPN selected for project level
2023-10-27 05:25:17,603 [INFO] CADModel:114 - Register for checkConnection events
2023-10-27 05:25:17,603 [FATAL] Updater:308 - Updater called before beeing initialized
2023-10-27 05:25:17,603 [ERROR] CADModel:125 - Updater not yet initialized, retry later 
2023-10-27 05:25:17,625 [FATAL] Updater:308 - Updater called before beeing initialized
2023-10-27 05:25:17,940 [FATAL] Updater:308 - Updater called before beeing initialized
2023-10-27 05:25:17,957 [INFO] DbMcusAds:53 - JSON generation date=Thu Sep 30 02:55:09 EDT 2021 (1632984909247)
2023-10-27 05:25:17,957 [FATAL] Updater:308 - Updater called before beeing initialized
2023-10-27 05:25:18,107 [WARN] DetailPanel:346 - Failed to get advertising image, set to default
2023-10-27 05:25:18,327 [FATAL] Updater:308 - Updater called before beeing initialized
2023-10-27 05:25:18,332 [FATAL] Updater:308 - Updater called before beeing initialized
2023-10-27 05:25:18,333 [FATAL] Updater:308 - Updater called before beeing initialized
2023-10-27 05:25:18,333 [WARN] DetailPanel:346 - Failed to get advertising image, set to default
2023-10-27 05:25:18,334 [FATAL] Updater:308 - Updater called before beeing initialized
2023-10-27 05:25:18,508 [ERROR] Updater:1120 - MainUpdater not yet initialized. External WinMGr cannot be set.
2023-10-27 05:25:18,527 [INFO] Updater:1056 - Updater Version found : 6.8.1
2023-10-27 05:25:18,580 [INFO] ApplicationProperties:184 - Using Application install path: D:\STM32CubeIDE_1.12.1\STM32CubeIDE\plugins\com.st.stm32cube.common.mx_6.8.1.202304191431
2023-10-27 05:25:18,873 [INFO] MainUpdater:2854 - connection check result : 10
2023-10-27 05:25:18,874 [INFO] MainUpdater:3548 - Updater definition file requires update
2023-10-27 05:25:18,876 [INFO] MainUpdater:283 - Updater Check For Update Now.
2023-10-27 05:25:18,878 [INFO] MicroXplorer:498 - Change Database Version : DB.6.0.81
2023-10-27 05:25:19,090 [WARN] MainUpdater:1187 - Updater busy. Cannot search thirdparties
2023-10-27 05:25:19,091 [INFO] ThirdPartyUpdaterWithRetryManager:96 - Updater plugin is busy. [1/15]
2023-10-27 05:25:19,733 [INFO] ServerAccessManage:473 - Download File updaters.zip
2023-10-27 05:25:19,831 [INFO] FileExtend:240 - Unzip File : updaters.zip
2023-10-27 05:25:19,831 [INFO] FileExtend:255 - Standard Zip Deflate
2023-10-27 05:25:21,113 [INFO] ServerAccessManage:473 - Download File PacksControlFlags.xml
2023-10-27 05:25:21,802 [INFO] ServerAccessManage:473 - Download File cubemx.pidx
2023-10-27 05:25:22,098 [WARN] MainUpdater:1187 - Updater busy. Cannot search thirdparties
2023-10-27 05:25:22,098 [INFO] ThirdPartyUpdaterWithRetryManager:96 - Updater plugin is busy. [2/15]
2023-10-27 05:25:23,253 [INFO] ServerAccessManage:473 - Download File STMicroelectronics.X-CUBE-EEPRMA1.pdsc
2023-10-27 05:25:24,663 [ERROR] ServerAccessManage:1089 - Problem, file not found on Server
2023-10-27 05:25:25,102 [WARN] MainUpdater:1187 - Updater busy. Cannot search thirdparties
2023-10-27 05:25:25,102 [INFO] ThirdPartyUpdaterWithRetryManager:96 - Updater plugin is busy. [3/15]
2023-10-27 05:25:26,841 [INFO] ServerAccessManage:473 - Download File STMicroelectronics.X-CUBE-MEMS1.pdsc
2023-10-27 05:25:28,117 [WARN] MainUpdater:1187 - Updater busy. Cannot search thirdparties
2023-10-27 05:25:28,117 [INFO] ThirdPartyUpdaterWithRetryManager:96 - Updater plugin is busy. [4/15]
2023-10-27 05:25:31,120 [WARN] MainUpdater:1187 - Updater busy. Cannot search thirdparties
2023-10-27 05:25:31,120 [INFO] ThirdPartyUpdaterWithRetryManager:96 - Updater plugin is busy. [5/15]
2023-10-27 05:25:34,128 [WARN] MainUpdater:1187 - Updater busy. Cannot search thirdparties
2023-10-27 05:25:34,128 [INFO] ThirdPartyUpdaterWithRetryManager:96 - Updater plugin is busy. [6/15]
2023-10-27 05:25:37,135 [WARN] MainUpdater:1187 - Updater busy. Cannot search thirdparties
2023-10-27 05:25:37,135 [INFO] ThirdPartyUpdaterWithRetryManager:96 - Updater plugin is busy. [7/15]
2023-10-27 05:25:38,219 [ERROR] ServerAccessManage:1096 - Problem, Http access forbiden
2023-10-27 05:25:38,220 [ERROR] ServerAccessManage:651 - Problem, Http access forbiden : RoweBots.I-CUBE-UNISONRTOS.pdsc.
2023-10-27 05:25:38,448 [WARN] PackLoader:240 - Cannot read IP mode file for STMicroelectronics.X-CUBE-EEPRMA1.4.2.0
2023-10-27 05:25:38,523 [WARN] PackLoader:240 - Cannot read IP mode file for STMicroelectronics.X-CUBE-MEMS1.10.0.0
2023-10-27 05:25:38,546 [INFO] CheckServerUpdateThread:120 - End of CheckServer Thread
2023-10-27 05:25:38,747 [INFO] MainUpdater:2854 - connection check result : 10
2023-10-27 05:25:38,769 [INFO] MainUpdater:2854 - connection check result : 10
2023-10-27 05:25:38,838 [INFO] PopulateThirdPartyThread:66 - Ending populate Thread
2023-10-27 05:25:38,847 [INFO] ThirdParty:1030 - CMSIS Pack Vendor :STMicroelectronics X-CUBE-MEMS1 10.0.0
2023-10-27 05:25:38,847 [INFO] ThirdParty:1030 - CMSIS Pack Vendor :STMicroelectronics X-CUBE-EEPRMA1 4.2.0
2023-10-27 05:25:38,848 [INFO] LoadServerUpdatesThread:373 - End of LoadServerUpdate Thread
2023-10-27 05:25:39,178 [INFO] MicroXplorer:468 - Change Database Path : 
2023-10-27 05:25:39,178 [INFO] MicroXplorer:498 - Change Database Version : DB.6.0.81
2023-10-27 05:25:39,179 [WARN] ThirdParty:871 - waiting for thirdparty lock release [close project]
2023-10-27 05:25:40,623 [WARN] PackLoader:240 - Cannot read IP mode file for STMicroelectronics.X-CUBE-SMBUS.2.1.0
2023-10-27 05:25:40,662 [WARN] PackLoader:240 - Cannot read IP mode file for STMicroelectronics.X-CUBE-AZRTOS-F7.1.1.0
2023-10-27 05:25:40,684 [WARN] PackLoader:240 - Cannot read IP mode file for STMicroelectronics.FP-SNS-MOTENV1.4.3.2
2023-10-27 05:25:40,695 [WARN] PackLoader:240 - Cannot read IP mode file for STMicroelectronics.FP-SNS-FLIGHT1.5.0.2
2023-10-27 05:25:40,714 [WARN] PackLoader:240 - Cannot read IP mode file for STMicroelectronics.X-CUBE-DISPLAY.3.0.0
2023-10-27 05:25:40,740 [WARN] PackLoader:240 - Cannot read IP mode file for STMicroelectronics.X-CUBE-BLE1.7.0.0
2023-10-27 05:25:40,760 [WARN] PackLoader:240 - Cannot read IP mode file for emotas.I-CUBE-CANOPEN.1.3.0
2023-10-27 05:25:40,776 [WARN] PackLoader:240 - Cannot read IP mode file for STMicroelectronics.X-CUBE-TOUCHGFX.4.22.0
2023-10-27 05:25:40,790 [WARN] PackLoader:240 - Cannot read IP mode file for STMicroelectronics.X-CUBE-TOUCHGFX.4.22.1
2023-10-27 05:25:40,804 [WARN] PackLoader:240 - Cannot read IP mode file for STMicroelectronics.FP-SNS-SMARTAG2.1.2.0
2023-10-27 05:25:40,831 [INFO] LogOutputStream:77 - [STDOUT_REDIRECT] 1 : Invalid condition id : UX_CORESTACK_Condition cause : null
2023-10-27 05:25:40,832 [INFO] LogOutputStream:77 - [STDOUT_REDIRECT] 1 : Invalid condition id : UX_CORESTACK_Condition cause : null
2023-10-27 05:25:40,835 [INFO] LogOutputStream:77 - [STDOUT_REDIRECT] 1 : Invalid condition id : UX_CORESTACK_Condition cause : null
2023-10-27 05:25:40,836 [INFO] LogOutputStream:77 - [STDOUT_REDIRECT] 1 : Invalid condition id : UX_CORESTACK_Condition cause : null
2023-10-27 05:25:40,838 [INFO] LogOutputStream:77 - [STDOUT_REDIRECT] 1 : Invalid condition id : UX_CORESTACK_Condition cause : null
2023-10-27 05:25:40,842 [WARN] PackLoader:240 - Cannot read IP mode file for STMicroelectronics.X-CUBE-AZRTOS-WL.2.0.0
2023-10-27 05:25:40,866 [WARN] PackLoader:240 - Cannot read IP mode file for WES.I-CUBE-Cesium.1.3.0
2023-10-27 05:25:40,884 [WARN] PackLoader:240 - Cannot read IP mode file for STMicroelectronics.X-CUBE-BLE2.3.3.0
2023-10-27 05:25:40,902 [WARN] PackLoader:240 - Cannot read IP mode file for STMicroelectronics.X-CUBE-ALGOBUILD.1.3.0
2023-10-27 05:25:40,945 [WARN] PackLoader:240 - Cannot read IP mode file for STMicroelectronics.X-CUBE-AZRTOS-G0.1.1.0
2023-10-27 05:25:40,969 [WARN] PackLoader:240 - Cannot read IP mode file for STMicroelectronics.X-CUBE-NFC4.3.0.0
2023-10-27 05:25:40,979 [WARN] PackLoader:240 - Cannot read IP mode file for STMicroelectronics.FP-ATR-SIGFOX1.3.2.0
2023-10-27 05:25:41,032 [WARN] PackLoader:240 - Cannot read IP mode file for SEGGER.I-CUBE-embOS.1.3.1
2023-10-27 05:25:41,104 [WARN] PackLoader:240 - Cannot read IP mode file for STMicroelectronics.X-CUBE-GNSS1.6.0.0
2023-10-27 05:25:41,143 [WARN] PackLoader:240 - Cannot read IP mode file for STMicroelectronics.X-CUBE-AZRTOS-F4.1.1.0
2023-10-27 05:25:41,164 [WARN] PackLoader:240 - Cannot read IP mode file for wolfSSL.I-CUBE-wolfSSL.5.6.3
2023-10-27 05:25:41,204 [WARN] PackLoader:240 - Cannot read IP mode file for STMicroelectronics.X-CUBE-AZRTOS-L5.2.0.0
2023-10-27 05:25:41,285 [WARN] PackLoader:240 - Cannot read IP mode file for STMicroelectronics.X-CUBE-MEMS1.9.6.0
2023-10-27 05:25:41,570 [WARN] PackLoader:240 - Cannot read IP mode file for STMicroelectronics.X-CUBE-EEPRMA1.4.2.0
2023-10-27 05:25:41,593 [WARN] PackLoader:240 - Cannot read IP mode file for ITTIA_DB.I-CUBE-ITTIADB.8.8.0
2023-10-27 05:25:41,623 [WARN] PackLoader:240 - Cannot read IP mode file for STMicroelectronics.X-CUBE-BLEMGR.2.0.0
2023-10-27 05:25:41,684 [WARN] ConditionMgr:438 - getConditionDescription Invalid condition id : UX DEVICE CLASS RTOS Condition cause : null
2023-10-27 05:25:41,685 [WARN] ConditionMgr:438 - getConditionDescription Invalid condition id : UX DEVICE CLASS RTOS Condition cause : null
2023-10-27 05:25:41,695 [WARN] PackLoader:240 - Cannot read IP mode file for STMicroelectronics.X-CUBE-AZRTOS-H7.3.1.0
2023-10-27 05:25:41,698 [WARN] ConditionMgr:1039 - genDependencies : Invalid condition id : UX DEVICE CLASS RTOS Condition cause : null
2023-10-27 05:25:41,698 [WARN] ConditionMgr:1039 - genDependencies : Invalid condition id : UX DEVICE CLASS RTOS Condition cause : null
2023-10-27 05:25:41,699 [WARN] ConditionMgr:1039 - genDependencies : Invalid condition id : UX DEVICE CLASS RTOS Condition cause : null
2023-10-27 05:25:41,700 [WARN] ConditionMgr:1039 - genDependencies : Invalid condition id : UX DEVICE CLASS RTOS Condition cause : null
2023-10-27 05:25:41,701 [WARN] ConditionMgr:1039 - genDependencies : Invalid condition id : UX DEVICE CLASS RTOS Condition cause : null
2023-10-27 05:25:41,727 [WARN] PackLoader:240 - Cannot read IP mode file for STMicroelectronics.X-CUBE-NFC7.1.0.1
2023-10-27 05:25:41,758 [WARN] PackLoader:240 - Cannot read IP mode file for STMicroelectronics.X-CUBE-NFC6.3.0.0
2023-10-27 05:25:41,783 [WARN] PackLoader:240 - Cannot read IP mode file for STMicroelectronics.X-CUBE-EEPRMA1.4.1.0
2023-10-27 05:25:41,842 [WARN] PackLoader:240 - Cannot read IP mode file for STMicroelectronics.X-CUBE-AI.8.1.0
2023-10-27 05:25:41,903 [WARN] ConditionMgr:438 - getConditionDescription Invalid condition id : LAN8742 Phy interface Condition cause : null
2023-10-27 05:25:41,904 [WARN] PackLoader:240 - Cannot read IP mode file for STMicroelectronics.X-CUBE-AZRTOS-L4.2.0.0
2023-10-27 05:25:41,908 [WARN] ConditionMgr:1039 - genDependencies : Invalid condition id : LAN8742 Phy interface Condition cause : null
2023-10-27 05:25:41,908 [WARN] ConditionMgr:1039 - genDependencies : Invalid condition id : LAN8742 Phy interface Condition cause : null
2023-10-27 05:25:41,909 [WARN] ConditionMgr:1039 - genDependencies : Invalid condition id : LAN8742 Phy interface Condition cause : null
2023-10-27 05:25:41,936 [WARN] PackLoader:240 - Cannot read IP mode file for STMicroelectronics.X-CUBE-SFXS2LP1.4.0.0
2023-10-27 05:25:41,961 [WARN] PackLoader:240 - Cannot read IP mode file for STMicroelectronics.X-CUBE-ISPU.1.1.0
2023-10-27 05:25:42,003 [WARN] ConditionMgr:438 - getConditionDescription Invalid condition id : UX DEVICE CLASS RTOS Condition cause : null
2023-10-27 05:25:42,004 [WARN] ConditionMgr:438 - getConditionDescription Invalid condition id : UX DEVICE CLASS RTOS Condition cause : null
2023-10-27 05:25:42,009 [WARN] PackLoader:240 - Cannot read IP mode file for STMicroelectronics.X-CUBE-AZRTOS-WB.2.0.0
2023-10-27 05:25:42,010 [WARN] ConditionMgr:1039 - genDependencies : Invalid condition id : UX DEVICE CLASS RTOS Condition cause : null
2023-10-27 05:25:42,010 [WARN] ConditionMgr:1039 - genDependencies : Invalid condition id : UX DEVICE CLASS RTOS Condition cause : null
2023-10-27 05:25:42,011 [WARN] ConditionMgr:1039 - genDependencies : Invalid condition id : UX DEVICE CLASS RTOS Condition cause : null
2023-10-27 05:25:42,012 [WARN] ConditionMgr:1039 - genDependencies : Invalid condition id : UX DEVICE CLASS RTOS Condition cause : null
2023-10-27 05:25:42,012 [WARN] ConditionMgr:1039 - genDependencies : Invalid condition id : UX DEVICE CLASS RTOS Condition cause : null
2023-10-27 05:25:42,045 [WARN] PackLoader:240 - Cannot read IP mode file for STMicroelectronics.X-CUBE-SUBG2.5.0.0
2023-10-27 05:25:42,089 [WARN] PackLoader:240 - Cannot read IP mode file for STMicroelectronics.X-CUBE-TOF1.3.3.1
2023-10-27 05:25:42,154 [WARN] PackLoader:240 - Cannot read IP mode file for STMicroelectronics.X-CUBE-AZRTOS-G4.2.0.0
2023-10-27 05:25:42,191 [WARN] PackLoader:240 - Cannot read IP mode file for Infineon.AIROC-Wi-Fi-Bluetooth-STM32.1.5.1
2023-10-27 05:25:42,244 [WARN] PackLoader:240 - Cannot read IP mode file for STMicroelectronics.X-CUBE-MEMS1.10.0.0
2023-10-27 05:25:42,413 [WARN] PackLoader:240 - Cannot read IP mode file for STMicroelectronics.X-CUBE-FREERTOS.1.1.0
2023-10-27 05:25:42,434 [WARN] PackLoader:240 - Cannot read IP mode file for portGmbH.I-Cube-SoM-uGOAL.1.1.0
2023-10-27 05:25:42,450 [WARN] PackLoader:240 - Cannot read IP mode file for STMicroelectronics.X-CUBE-ALS.1.0.1
2023-10-27 05:25:42,458 [WARN] PackLoader:240 - Cannot read IP mode file for STMicroelectronics.FP-ATR-ASTRA1.2.0.0
2023-10-27 05:25:42,458 [INFO] ThirdParty:978 - Integrity check success = true
2023-10-27 05:25:42,458 [INFO] IntegrityCheckThread:100 - exiting critical section [integrity check]
2023-10-27 05:25:42,458 [INFO] IntegrityCheckThread:103 - End integrity checks thread
2023-10-27 05:25:42,459 [INFO] ThirdParty:873 - entering critical section [close project]
2023-10-27 05:25:42,460 [INFO] ThirdParty:883 - exiting critical section [close project]
2023-10-27 05:25:42,465 [INFO] PinOutPanel:1499 - setPackage(No Configuration,No Configuration)
2023-10-27 05:25:42,470 [INFO] UtilMem:75 - Begin LoadConfig() Used Memory: 486900216 Bytes (808452096)
2023-10-27 05:25:42,472 [INFO] MicroXplorer:468 - Change Database Path : 
2023-10-27 05:25:42,472 [INFO] MicroXplorer:498 - Change Database Version : DB.6.0.81
2023-10-27 05:25:42,472 [INFO] OpenFileManager:308 - Change cursor
2023-10-27 05:25:42,548 [INFO] Mcu:1937 - Initializing MCU STM32F411R(C-E)Tx STM32F411RETx STM32F411RET6
2023-10-27 05:25:45,272 [INFO] Context:659 - Trying to add GPIOservice into a context  which must be forbidden
2023-10-27 05:25:46,487 [INFO] RtosManager:555 - Registered RTOS mode: class=CMSIS, group=RTOS, mode=CMSIS_V1, owner=FREERTOS
2023-10-27 05:25:46,487 [INFO] RtosManager:555 - Registered RTOS mode: class=CMSIS, group=RTOS2, mode=CMSIS_V2, owner=FREERTOS
2023-10-27 05:25:46,488 [INFO] RtosManager:555 - Registered RTOS mode: class=RTOS, group=Core, mode=CMSIS_V1, owner=FREERTOS
2023-10-27 05:25:46,488 [INFO] RtosManager:555 - Registered RTOS mode: class=RTOS, group=Core, mode=CMSIS_V2, owner=FREERTOS
2023-10-27 05:25:46,488 [WARN] ModelIntegratedComponent:184 - Missing modes for component STMicroelectronics:FreeRTOS:0.0.1:STMicroelectronics:RTOS:FreeRTOS:Core:::10.2.0:
2023-10-27 05:25:46,499 [WARN] ModelIntegratedComponent:182 - Modes not found for component STMicroelectronics:USB_HOST:1.0.0:STMicroelectronics:USB::USB Host:Audio HS::1.0:USB_HOST_1_0_RESTRICTED_HS
2023-10-27 05:25:46,500 [WARN] ModelIntegratedComponent:188 - Modes not found for component STMicroelectronics:USB_HOST:1.0.0:STMicroelectronics:USB::USB Host:Audio HS::1.0:USB_HOST_1_0_RESTRICTED_HS
2023-10-27 05:25:46,500 [WARN] ModelIntegratedComponent:182 - Modes not found for component STMicroelectronics:USB_HOST:1.0.0:STMicroelectronics:USB::USB Host:CDC HS::1.0:USB_HOST_1_0_RESTRICTED_HS
2023-10-27 05:25:46,500 [WARN] ModelIntegratedComponent:188 - Modes not found for component STMicroelectronics:USB_HOST:1.0.0:STMicroelectronics:USB::USB Host:CDC HS::1.0:USB_HOST_1_0_RESTRICTED_HS
2023-10-27 05:25:46,500 [WARN] ModelIntegratedComponent:182 - Modes not found for component STMicroelectronics:USB_HOST:1.0.0:STMicroelectronics:USB::USB Host:MSC HS::1.0:USB_HOST_1_0_RESTRICTED_HS
2023-10-27 05:25:46,500 [WARN] ModelIntegratedComponent:188 - Modes not found for component STMicroelectronics:USB_HOST:1.0.0:STMicroelectronics:USB::USB Host:MSC HS::1.0:USB_HOST_1_0_RESTRICTED_HS
2023-10-27 05:25:46,501 [WARN] ModelIntegratedComponent:182 - Modes not found for component STMicroelectronics:USB_HOST:1.0.0:STMicroelectronics:USB::USB Host:HID HS::1.0:USB_HOST_1_0_RESTRICTED_HS
2023-10-27 05:25:46,501 [WARN] ModelIntegratedComponent:188 - Modes not found for component STMicroelectronics:USB_HOST:1.0.0:STMicroelectronics:USB::USB Host:HID HS::1.0:USB_HOST_1_0_RESTRICTED_HS
2023-10-27 05:25:46,501 [WARN] ModelIntegratedComponent:182 - Modes not found for component STMicroelectronics:USB_HOST:1.0.0:STMicroelectronics:USB::USB Host:MTP HS::1.0:USB_HOST_1_0_RESTRICTED_HS
2023-10-27 05:25:46,501 [WARN] ModelIntegratedComponent:188 - Modes not found for component STMicroelectronics:USB_HOST:1.0.0:STMicroelectronics:USB::USB Host:MTP HS::1.0:USB_HOST_1_0_RESTRICTED_HS
2023-10-27 05:25:46,525 [WARN] ModelIntegratedComponent:63 - No mode defined for component null
2023-10-27 05:25:46,525 [WARN] ModelIntegratedComponent:63 - No mode defined for component null
2023-10-27 05:25:46,526 [WARN] ModelIntegratedComponent:63 - No mode defined for component null
2023-10-27 05:25:46,526 [WARN] ModelIntegratedComponent:63 - No mode defined for component null
2023-10-27 05:25:46,526 [WARN] ModelIntegratedComponent:63 - No mode defined for component null
2023-10-27 05:25:46,526 [WARN] ModelIntegratedComponent:63 - No mode defined for component null
2023-10-27 05:25:46,526 [WARN] ModelIntegratedComponent:63 - No mode defined for component null
2023-10-27 05:25:46,526 [WARN] ModelIntegratedComponent:63 - No mode defined for component null
2023-10-27 05:25:46,527 [WARN] ModelIntegratedComponent:63 - No mode defined for component null
2023-10-27 05:25:46,527 [WARN] ModelIntegratedComponent:63 - No mode defined for component null
2023-10-27 05:25:46,527 [WARN] ModelIntegratedComponent:63 - No mode defined for component null
2023-10-27 05:25:46,527 [WARN] ModelIntegratedComponent:63 - No mode defined for component null
2023-10-27 05:25:46,527 [WARN] ModelIntegratedComponent:63 - No mode defined for component null
2023-10-27 05:25:46,527 [WARN] ModelIntegratedComponent:63 - No mode defined for component null
2023-10-27 05:25:46,527 [WARN] ModelIntegratedComponent:63 - No mode defined for component null
2023-10-27 05:25:46,528 [WARN] ModelIntegratedComponent:63 - No mode defined for component null
2023-10-27 05:25:46,528 [WARN] ModelIntegratedComponent:63 - No mode defined for component null
2023-10-27 05:25:46,528 [WARN] ModelIntegratedComponent:63 - No mode defined for component null
2023-10-27 05:25:46,528 [WARN] ModelIntegratedComponent:63 - No mode defined for component null
2023-10-27 05:25:46,528 [WARN] ModelIntegratedComponent:63 - No mode defined for component null
2023-10-27 05:25:46,528 [WARN] ModelIntegratedComponent:63 - No mode defined for component null
2023-10-27 05:25:46,528 [WARN] ModelIntegratedComponent:63 - No mode defined for component null
2023-10-27 05:25:46,528 [WARN] ModelIntegratedComponent:63 - No mode defined for component null
2023-10-27 05:25:46,529 [WARN] ModelIntegratedComponent:63 - No mode defined for component null
2023-10-27 05:25:46,529 [WARN] ModelIntegratedComponent:63 - No mode defined for component null
2023-10-27 05:25:46,529 [WARN] ModelIntegratedComponent:63 - No mode defined for component null
2023-10-27 05:25:46,529 [WARN] ModelIntegratedComponent:63 - No mode defined for component null
2023-10-27 05:25:46,529 [WARN] ModelIntegratedComponent:63 - No mode defined for component null
2023-10-27 05:25:46,529 [WARN] ModelIntegratedComponent:63 - No mode defined for component null
2023-10-27 05:25:46,529 [WARN] ModelIntegratedComponent:63 - No mode defined for component null
2023-10-27 05:25:46,529 [WARN] ModelIntegratedComponent:63 - No mode defined for component null
2023-10-27 05:25:46,529 [WARN] ModelIntegratedComponent:63 - No mode defined for component null
2023-10-27 05:25:46,530 [WARN] ModelIntegratedComponent:63 - No mode defined for component null
2023-10-27 05:25:46,672 [WARN] ModelIntegratedComponent:182 - Modes not found for component STMicroelectronics:USB_DEVICE:1.0.0:STMicroelectronics:USB::USB Device:Audio HS::1.0:USB_DEVICE_1_0_RESTRICTED_HS
2023-10-27 05:25:46,672 [WARN] ModelIntegratedComponent:188 - Modes not found for component STMicroelectronics:USB_DEVICE:1.0.0:STMicroelectronics:USB::USB Device:Audio HS::1.0:USB_DEVICE_1_0_RESTRICTED_HS
2023-10-27 05:25:46,672 [WARN] ModelIntegratedComponent:182 - Modes not found for component STMicroelectronics:USB_DEVICE:1.0.0:STMicroelectronics:USB::USB Device:CDC HS::1.0:USB_DEVICE_1_0_RESTRICTED_HS
2023-10-27 05:25:46,672 [WARN] ModelIntegratedComponent:188 - Modes not found for component STMicroelectronics:USB_DEVICE:1.0.0:STMicroelectronics:USB::USB Device:CDC HS::1.0:USB_DEVICE_1_0_RESTRICTED_HS
2023-10-27 05:25:46,673 [WARN] ModelIntegratedComponent:182 - Modes not found for component STMicroelectronics:USB_DEVICE:1.0.0:STMicroelectronics:USB::USB Device:DFU HS::1.0:USB_DEVICE_1_0_RESTRICTED_HS
2023-10-27 05:25:46,673 [WARN] ModelIntegratedComponent:188 - Modes not found for component STMicroelectronics:USB_DEVICE:1.0.0:STMicroelectronics:USB::USB Device:DFU HS::1.0:USB_DEVICE_1_0_RESTRICTED_HS
2023-10-27 05:25:46,673 [WARN] ModelIntegratedComponent:182 - Modes not found for component STMicroelectronics:USB_DEVICE:1.0.0:STMicroelectronics:USB::USB Device:HID HS::1.0:USB_DEVICE_1_0_RESTRICTED_HS
2023-10-27 05:25:46,673 [WARN] ModelIntegratedComponent:188 - Modes not found for component STMicroelectronics:USB_DEVICE:1.0.0:STMicroelectronics:USB::USB Device:HID HS::1.0:USB_DEVICE_1_0_RESTRICTED_HS
2023-10-27 05:25:46,673 [WARN] ModelIntegratedComponent:182 - Modes not found for component STMicroelectronics:USB_DEVICE:1.0.0:STMicroelectronics:USB::USB Device:Custom HID HS::1.0:USB_DEVICE_1_0_RESTRICTED_HS
2023-10-27 05:25:46,673 [WARN] ModelIntegratedComponent:188 - Modes not found for component STMicroelectronics:USB_DEVICE:1.0.0:STMicroelectronics:USB::USB Device:Custom HID HS::1.0:USB_DEVICE_1_0_RESTRICTED_HS
2023-10-27 05:25:46,673 [WARN] ModelIntegratedComponent:182 - Modes not found for component STMicroelectronics:USB_DEVICE:1.0.0:STMicroelectronics:USB::USB Device:MSC HS::1.0:USB_DEVICE_1_0_RESTRICTED_HS
2023-10-27 05:25:46,673 [WARN] ModelIntegratedComponent:188 - Modes not found for component STMicroelectronics:USB_DEVICE:1.0.0:STMicroelectronics:USB::USB Device:MSC HS::1.0:USB_DEVICE_1_0_RESTRICTED_HS
2023-10-27 05:25:46,697 [INFO] ThirdPartyModel:298 - Start build external matchings
2023-10-27 05:25:47,370 [INFO] ThirdPartyModel:316 - End build external matchings
2023-10-27 05:25:47,391 [INFO] RtosManager:919 - Current active RTOS is FREERTOS [Cortex-M4NS]
2023-10-27 05:25:48,005 [INFO] UtilMem:75 - End LoadConfig() Used Memory: 580523872 Bytes (808452096)
2023-10-27 05:25:48,233 [INFO] ApiDb:581 - Connected to CubeFinder SQLite database (C:\Users\alan1\.stmcufinder\plugins\mcufinder\mcu\cube-finder-db.db)
2023-10-27 05:25:48,456 [INFO] ApiDb:668 - CubeFinder database Data Model version=2.1
2023-10-27 05:25:48,456 [INFO] ApiDb:669 - CubeFinder database Configuration version=3.0.35
2023-10-27 05:25:48,457 [INFO] ApiDb:670 - CubeFinder database generation date=2023-04-03 (1680511692)
2023-10-27 05:25:48,458 [INFO] ApiDb:671 - CubeFinder database FW Pack versions=[FP-ATR-ASTRA1_V2.0.0, STM32Cube_FW_C0_V1.0.1, STM32Cube_FW_F0_V1.11.4, STM32Cube_FW_F3_V1.11.4, STM32Cube_FW_F4_V1.27.1, STM32Cube_FW_F7_V1.17.0, STM32Cube_FW_G0_V1.6.1, STM32Cube_FW_G4_V1.5.1, STM32Cube_FW_H5_V0.5.1, STM32Cube_FW_H5_V1.0.0, STM32Cube_FW_H7_V1.11.0, STM32Cube_FW_L0_V1.12.2, STM32Cube_FW_L5_V1.5.0, STM32Cube_FW_U5_V1.2.0, STM32Cube_FW_WBA_V1.0.0, STM32Cube_FW_WBA_V1.0.0RC1, STM32Cube_FW_WBA_V1.0.0RC3, STM32Cube_FW_WB_V1.15.0RC1, STM32Cube_FW_WB_V1.16.0, STM32Cube_FW_WB_V1.16.0RC2, STM32Cube_FW_WL_V1.3.0, X-CUBE-ALGOBUILD_V1.3.0, X-CUBE-ALS_V1.0.1, X-CUBE-AZRTOS-F4_V1.1.0, X-CUBE-AZRTOS-F7_V1.1.0, X-CUBE-AZRTOS-G0_V1.1.0, X-CUBE-AZRTOS-G4_V1.0.0, X-CUBE-AZRTOS-H7_V3.0.0, X-CUBE-AZRTOS-L4_V1.0.0, X-CUBE-AZRTOS-L5_V1.1.0, X-CUBE-AZRTOS-WB_V1.1.0, X-CUBE-AZRTOS-WL_V1.0.0, X-CUBE-BLE1_V6.2.4, X-CUBE-BLE2_V3.3.0, X-CUBE-BLEMGR_V1.3.0, X-CUBE-EEPRMA1_V4.1.0, X-CUBE-FREERTOS_V1.0.1, X-CUBE-GNSS1_V6.0.0, X-CUBE-MEMS1_V9.1.0, X-CUBE-MEMS1_V9.4.0, X-CUBE-MEMS1_V9.5.0, X-CUBE-NFC4_V3.0.0, X-CUBE-NFC7_V1.0.0, X-CUBE-SFXS2LP1_V4.0.0, X-CUBE-SUBG2_V5.0.0]
2023-10-27 05:25:51,950 [INFO] ApiDb:240 - Found 297 in-development CPN: [B-G473E-ZEST1S, B-WB1M-WPAN1, B-WL5M-SUBG1, NUCLEO-C031C6, NUCLEO-H503RB, NUCLEO-H563ZI, NUCLEO-U545RE-Q, NUCLEO-U5A5ZJ-Q, NUCLEO-WBA52CG, STEVAL-PROTEUS1, STEVAL-STWINBX1, STM320518-EVAL, STM32C0116-DK, STM32C011D6Y3TR, STM32C011D6Y6TR, STM32C011F4P3, STM32C011F4P6, STM32C011F4U3, STM32C011F4U6TR, STM32C011F6P3, STM32C011F6P6, STM32C011F6U3, STM32C011F6U6TR, STM32C011J4M3, STM32C011J4M6, STM32C011J6M3, STM32C011J6M6, STM32C0316-DK, STM32C031C4T3, STM32C031C4T6, STM32C031C4U3, STM32C031C4U6, STM32C031C6T3, STM32C031C6T6, STM32C031C6U3, STM32C031C6U6, STM32C031F4P3, STM32C031F4P6, STM32C031F6P3, STM32C031F6P6, STM32C031G4U3, STM32C031G4U6, STM32C031G6U3, STM32C031G6U6, STM32C031K4T3, STM32C031K4T6, STM32C031K4U3, STM32C031K4U6, STM32C031K6T3, STM32C031K6T6, STM32C031K6U3, STM32C031K6U6, STM32G071K8TXN, STM32G071K8UXN, STM32G081GBU6N, STM32G081KBT6N, STM32G081KBUXN, STM32G0B1CCT6N, STM32G0B1KCT6, STM32G0B1NEY6TR, STM32G0B1RCT6N, STM32G0C1CCT6, STM32G0C1CCT6N, STM32G0C1CCU6N, STM32G0C1CET6N, STM32G0C1CEU6N, STM32G0C1KCT6, STM32G0C1NEY6TR, STM32G0C1RCI6N, STM32G0C1RCT6N, STM32G0C1REI6N, STM32G0C1RET6N, STM32G0C1VCI6, STM32G0C1VEI6, STM32G471CCT6, STM32G471CCU6, STM32G471CET3, STM32G471CET6, STM32G471CEU3, STM32G471CEU6, STM32G471MCT6, STM32G471MET3, STM32G471MET6, STM32G471MEY6TR, STM32G471QCT6, STM32G471QET3, STM32G471RCT6, STM32G471RET3, STM32G471RET6, STM32G471VCH6, STM32G471VCI6, STM32G471VCT6, STM32G471VEH3, STM32G471VEH6, STM32G471VEI3, STM32G471VEI6, STM32G471VET3, STM32G471VET6, STM32G474CCT6, STM32H503CBT6, STM32H503CBU6, STM32H503EBY6TR, STM32H503KBU6, STM32H503RBT6, STM32H562AGI6, STM32H562AII6, STM32H562IGK6, STM32H562IGT6, STM32H562IIK6, STM32H562IIT6, STM32H562RGT6, STM32H562RGV6, STM32H562RIT6, STM32H562RIV6, STM32H562VGT6, STM32H562VIT6, STM32H562ZGT6, STM32H562ZIT6, STM32H563AGI6, STM32H563AII3Q, STM32H563AII6, STM32H563IGK6, STM32H563IGT6, STM32H563IIK3Q, STM32H563IIK6, STM32H563IIT3Q, STM32H563IIT6, STM32H563MIY3QTR, STM32H563RGT6, STM32H563RGV6, STM32H563RIT6, STM32H563RIV6, STM32H563VGT6, STM32H563VIT3Q, STM32H563VIT6, STM32H563ZGT6, STM32H563ZIT3Q, STM32H563ZIT6, STM32H573AII3Q, STM32H573AII6, STM32H573I-DK, STM32H573IIK3Q, STM32H573IIK6, STM32H573IIT3Q, STM32H573IIT6, STM32H573MIY3QTR, STM32H573RIT6, STM32H573RIV6, STM32H573VIT3Q, STM32H573VIT6, STM32H573ZIT3Q, STM32H573ZIT6, STM32L4R5QGI6STR, STM32MP131AAE3, STM32MP131AAF3, STM32MP131AAG3, STM32MP131CAE3, STM32MP131CAF3, STM32MP131CAG3, STM32MP131DAE7, STM32MP131DAF7, STM32MP131DAG7, STM32MP131FAE7, STM32MP131FAF7, STM32MP131FAG7, STM32MP133AAE3, STM32MP133AAF3, STM32MP133AAG3, STM32MP133CAE3, STM32MP133CAF3, STM32MP133CAG3, STM32MP133DAE7, STM32MP133DAF7, STM32MP133DAG7, STM32MP133FAE7, STM32MP133FAF7, STM32MP133FAG7, STM32MP135AAE3, STM32MP135AAF3, STM32MP135AAG3, STM32MP135CAE3, STM32MP135CAF3, STM32MP135CAG3, STM32MP135DAE7, STM32MP135DAF7, STM32MP135DAG7, STM32MP135F-DK, STM32MP135FAE7, STM32MP135FAF7, STM32MP135FAF7T, STM32MP135FAF7U, STM32MP135FAG7, STM32U535CBT6, STM32U535CBT6Q, STM32U535CBU6, STM32U535CBU6Q, STM32U535CCT6, STM32U535CCT6Q, STM32U535CCU6, STM32U535CCU6Q, STM32U535CET6, STM32U535CET6Q, STM32U535CEU6, STM32U535CEU6Q, STM32U535JEY6QTR, STM32U535NCY6QTR, STM32U535NEY6QTR, STM32U535RBI6, STM32U535RBI6Q, STM32U535RBT6, STM32U535RBT6Q, STM32U535RCI6, STM32U535RCI6Q, STM32U535RCT6, STM32U535RCT6Q, STM32U535REI6, STM32U535REI6Q, STM32U535RET6, STM32U535RET6Q, STM32U535VCI6, STM32U535VCI6Q, STM32U535VCT6, STM32U535VCT6Q, STM32U535VEI6, STM32U535VEI6Q, STM32U535VET6, STM32U535VET6Q, STM32U545CET6, STM32U545CET6Q, STM32U545CEU6, STM32U545CEU6Q, STM32U545JEY6QTR, STM32U545NEY6QTR, STM32U545REI6, STM32U545REI6Q, STM32U545RET6, STM32U545RET6Q, STM32U545VEI6, STM32U545VEI6Q, STM32U545VET6, STM32U545VET6Q, STM32U595AIH6, STM32U595AIH6Q, STM32U595AJH6, STM32U595AJH6Q, STM32U595QII6, STM32U595QII6Q, STM32U595QJI6, STM32U595QJI6Q, STM32U595RIT6, STM32U595RIT6Q, STM32U595RJT6, STM32U595RJT6Q, STM32U595VIT6, STM32U595VIT6Q, STM32U595VJT6, STM32U595VJT6Q, STM32U595ZIT6, STM32U595ZIT6Q, STM32U595ZIY6QTR, STM32U595ZJT6, STM32U595ZJT6Q, STM32U595ZJY6QTR, STM32U599BJY6QTR, STM32U599NIH6Q, STM32U599NJH6Q, STM32U599VIT6Q, STM32U599VJT6, STM32U599VJT6Q, STM32U599ZIT6Q, STM32U599ZIY6QTR, STM32U599ZJT6Q, STM32U599ZJY6QTR, STM32U5A5AJH6, STM32U5A5AJH6Q, STM32U5A5QJI6, STM32U5A5QJI6Q, STM32U5A5RJT6, STM32U5A5RJT6Q, STM32U5A5VJT6, STM32U5A5VJT6Q, STM32U5A5ZJT6, STM32U5A5ZJT6Q, STM32U5A5ZJY6QTR, STM32U5A9BJY6QTR, STM32U5A9J-DK, STM32U5A9NJH6Q, STM32U5A9VJT6Q, STM32U5A9ZJT6Q, STM32U5A9ZJY6QTR, STM32WB1MMCH6, STM32WBA52CEU6, STM32WBA52CEU6T, STM32WBA52CGU6, STM32WBA52CGU6T, STM32WL5MOCH6, STM32WL5MOCH6TR]
2023-10-27 05:25:51,954 [INFO] DbMcus:216 - Found 3775 MCUs, 3775 are supported
2023-10-27 05:25:51,958 [INFO] ApiDb:423 - Load user favorites file C:\Users\alan1/.stm32cubeide/favorites.mcus.txt: 0 item(s)
2023-10-27 05:25:51,958 [INFO] ApiDb:427 - User favorites MCUs=[]
2023-10-27 05:25:51,958 [INFO] DbMcus:222 - Set 0 / 0 favorites MCUs
2023-10-27 05:25:53,205 [WARN] ThirdParty:833 - waiting for thirdparty lock release [change project]
2023-10-27 05:25:53,205 [INFO] ThirdParty:835 - entering critical section [change project]
2023-10-27 05:25:53,206 [INFO] ThirdParty:1030 - CMSIS Pack Vendor :STMicroelectronics X-CUBE-ISPU 1.1.0
2023-10-27 05:25:53,207 [INFO] ThirdParty:1030 - CMSIS Pack Vendor :STMicroelectronics X-CUBE-GNSS1 6.0.0
2023-10-27 05:25:53,208 [INFO] ThirdParty:1030 - CMSIS Pack Vendor :STMicroelectronics USB_HOST 2.0.0
2023-10-27 05:25:53,208 [INFO] ThirdParty:1030 - CMSIS Pack Vendor :STMicroelectronics X-CUBE-AZRTOS-F4 1.1.0
2023-10-27 05:25:53,208 [INFO] ThirdParty:1030 - CMSIS Pack Vendor :STMicroelectronics LIBJPEG 8.0.0
2023-10-27 05:25:53,208 [INFO] ThirdParty:1030 - CMSIS Pack Vendor :wolfSSL I-CUBE-wolfSSL 5.6.3
2023-10-27 05:25:53,208 [INFO] ThirdParty:1030 - CMSIS Pack Vendor :STMicroelectronics X-CUBE-SMBUS 2.1.0
2023-10-27 05:25:53,208 [INFO] ThirdParty:1030 - CMSIS Pack Vendor :STMicroelectronics USB_DEVICE 3.0.0
2023-10-27 05:25:53,208 [INFO] ThirdParty:1030 - CMSIS Pack Vendor :STMicroelectronics X-CUBE-AZRTOS-WB 2.0.0
2023-10-27 05:25:53,208 [INFO] ThirdParty:1030 - CMSIS Pack Vendor :STMicroelectronics X-CUBE-AZRTOS-F7 1.1.0
2023-10-27 05:25:53,208 [INFO] ThirdParty:1030 - CMSIS Pack Vendor :STMicroelectronics X-CUBE-AZRTOS-L5 2.0.0
2023-10-27 05:25:53,209 [INFO] ThirdParty:1030 - CMSIS Pack Vendor :STMicroelectronics USB_DEVICE 2.0.0
2023-10-27 05:25:53,209 [INFO] ThirdParty:1030 - CMSIS Pack Vendor :STMicroelectronics X-CUBE-MEMS1 9.6.0
2023-10-27 05:25:53,209 [INFO] ThirdParty:1030 - CMSIS Pack Vendor :STMicroelectronics X-CUBE-EEPRMA1 4.2.0
2023-10-27 05:25:53,209 [INFO] ThirdParty:1030 - CMSIS Pack Vendor :ITTIA_DB I-CUBE-ITTIADB 8.8.0
2023-10-27 05:25:53,209 [INFO] ThirdParty:1030 - CMSIS Pack Vendor :STMicroelectronics FP-SNS-MOTENV1 4.3.2
2023-10-27 05:25:53,209 [INFO] ThirdParty:1030 - CMSIS Pack Vendor :STMicroelectronics X-CUBE-ALGOBUILD 1.3.0
2023-10-27 05:25:53,209 [INFO] ThirdParty:1030 - CMSIS Pack Vendor :STMicroelectronics FreeRTOS 0.0.1
2023-10-27 05:25:53,209 [INFO] ThirdParty:1030 - CMSIS Pack Vendor :STMicroelectronics X-CUBE-AZRTOS-G0 1.1.0
2023-10-27 05:25:53,209 [INFO] ThirdParty:1030 - CMSIS Pack Vendor :STMicroelectronics X-CUBE-BLEMGR 2.0.0
2023-10-27 05:25:53,209 [INFO] ThirdParty:1030 - CMSIS Pack Vendor :STMicroelectronics X-CUBE-NFC4 3.0.0
2023-10-27 05:25:53,210 [INFO] ThirdParty:1030 - CMSIS Pack Vendor :STMicroelectronics X-CUBE-SUBG2 5.0.0
2023-10-27 05:25:53,210 [INFO] ThirdParty:1030 - CMSIS Pack Vendor :STMicroelectronics STM32_WPAN 1.0.0
2023-10-27 05:25:53,210 [INFO] ThirdParty:1030 - CMSIS Pack Vendor :STMicroelectronics lwIP 2.0.3
2023-10-27 05:25:53,210 [INFO] ThirdParty:1030 - CMSIS Pack Vendor :STMicroelectronics FP-SNS-FLIGHT1 5.0.2
2023-10-27 05:25:53,210 [INFO] ThirdParty:1030 - CMSIS Pack Vendor :STMicroelectronics USB_HOST 1.0.0
2023-10-27 05:25:53,210 [INFO] ThirdParty:1030 - CMSIS Pack Vendor :STMicroelectronics X-CUBE-TOF1 3.3.1
2023-10-27 05:25:53,210 [INFO] ThirdParty:1030 - CMSIS Pack Vendor :STMicroelectronics X-CUBE-AZRTOS-G4 2.0.0
2023-10-27 05:25:53,210 [INFO] ThirdParty:1030 - CMSIS Pack Vendor :STMicroelectronics PDM2PCM 3.1.0
2023-10-27 05:25:53,210 [INFO] ThirdParty:1030 - CMSIS Pack Vendor :STMicroelectronics X-CUBE-AZRTOS-H7 3.1.0
2023-10-27 05:25:53,210 [INFO] ThirdParty:1030 - CMSIS Pack Vendor :Infineon AIROC-Wi-Fi-Bluetooth-STM32 1.5.1
2023-10-27 05:25:53,211 [INFO] ThirdParty:1030 - CMSIS Pack Vendor :STMicroelectronics PDM2PCM 3.3.0
2023-10-27 05:25:53,211 [INFO] ThirdParty:1030 - CMSIS Pack Vendor :STMicroelectronics X-CUBE-DISPLAY 3.0.0
2023-10-27 05:25:53,211 [INFO] ThirdParty:1030 - CMSIS Pack Vendor :STMicroelectronics X-CUBE-BLE1 7.0.0
2023-10-27 05:25:53,211 [INFO] ThirdParty:1030 - CMSIS Pack Vendor :STMicroelectronics FP-ATR-SIGFOX1 3.2.0
2023-10-27 05:25:53,211 [INFO] ThirdParty:1030 - CMSIS Pack Vendor :STMicroelectronics HAL Drivers 0.0.0
2023-10-27 05:25:53,211 [INFO] ThirdParty:1030 - CMSIS Pack Vendor :STMicroelectronics MBEDTLS 2.16.2
2023-10-27 05:25:53,211 [INFO] ThirdParty:1030 - CMSIS Pack Vendor :emotas I-CUBE-CANOPEN 1.3.0
2023-10-27 05:25:53,211 [INFO] ThirdParty:1030 - CMSIS Pack Vendor :STMicroelectronics X-CUBE-MEMS1 10.0.0
2023-10-27 05:25:53,211 [INFO] ThirdParty:1030 - CMSIS Pack Vendor :STMicroelectronics X-CUBE-FREERTOS 1.1.0
2023-10-27 05:25:53,211 [INFO] ThirdParty:1030 - CMSIS Pack Vendor :STMicroelectronics X-CUBE-TOUCHGFX 4.22.0
2023-10-27 05:25:53,211 [INFO] ThirdParty:1030 - CMSIS Pack Vendor :STMicroelectronics X-CUBE-NFC7 1.0.1
2023-10-27 05:25:53,211 [INFO] ThirdParty:1030 - CMSIS Pack Vendor :STMicroelectronics MBEDTLS 2.14.1
2023-10-27 05:25:53,212 [INFO] ThirdParty:1030 - CMSIS Pack Vendor :STMicroelectronics X-CUBE-TOUCHGFX 4.22.1
2023-10-27 05:25:53,212 [INFO] ThirdParty:1030 - CMSIS Pack Vendor :STMicroelectronics X-CUBE-NFC6 3.0.0
2023-10-27 05:25:53,212 [INFO] ThirdParty:1030 - CMSIS Pack Vendor :STMicroelectronics X-CUBE-EEPRMA1 4.1.0
2023-10-27 05:25:53,212 [INFO] ThirdParty:1030 - CMSIS Pack Vendor :portGmbH I-Cube-SoM-uGOAL 1.1.0
2023-10-27 05:25:53,212 [INFO] ThirdParty:1030 - CMSIS Pack Vendor :STMicroelectronics X-CUBE-ALS 1.0.1
2023-10-27 05:25:53,212 [INFO] ThirdParty:1030 - CMSIS Pack Vendor :STMicroelectronics ThreadX 1.0.0
2023-10-27 05:25:53,212 [INFO] ThirdParty:1030 - CMSIS Pack Vendor :STMicroelectronics FP-SNS-SMARTAG2 1.2.0
2023-10-27 05:25:53,212 [INFO] ThirdParty:1030 - CMSIS Pack Vendor :STMicroelectronics X-CUBE-AZRTOS-WL 2.0.0
2023-10-27 05:25:53,212 [INFO] ThirdParty:1030 - CMSIS Pack Vendor :SEGGER I-CUBE-embOS 1.3.1
2023-10-27 05:25:53,212 [INFO] ThirdParty:1030 - CMSIS Pack Vendor :STMicroelectronics USB_DEVICE 1.0.0
2023-10-27 05:25:53,212 [INFO] ThirdParty:1030 - CMSIS Pack Vendor :STMicroelectronics X-CUBE-AI 8.1.0
2023-10-27 05:25:53,212 [INFO] ThirdParty:1030 - CMSIS Pack Vendor :STMicroelectronics X-CUBE-AZRTOS-L4 2.0.0
2023-10-27 05:25:53,212 [INFO] ThirdParty:1030 - CMSIS Pack Vendor :STMicroelectronics ThreadX 0.0.2
2023-10-27 05:25:53,212 [INFO] ThirdParty:1030 - CMSIS Pack Vendor :WES I-CUBE-Cesium 1.3.0
2023-10-27 05:25:53,212 [INFO] ThirdParty:1030 - CMSIS Pack Vendor :STMicroelectronics FP-ATR-ASTRA1 2.0.0
2023-10-27 05:25:53,212 [INFO] ThirdParty:1030 - CMSIS Pack Vendor :STMicroelectronics lwIP 2.1.2
2023-10-27 05:25:53,212 [INFO] ThirdParty:1030 - CMSIS Pack Vendor :STMicroelectronics X-CUBE-SFXS2LP1 4.0.0
2023-10-27 05:25:53,212 [INFO] ThirdParty:1030 - CMSIS Pack Vendor :STMicroelectronics X-CUBE-BLE2 3.3.0
2023-10-27 05:25:53,213 [INFO] ThirdParty:1030 - CMSIS Pack Vendor :STMicroelectronics PDM2PCM 3.2.0
2023-10-27 05:25:53,213 [INFO] ThirdParty:841 - exiting critical section [change project]
2023-10-27 05:25:54,010 [INFO] PinOutPanel:1499 - setPackage(No Configuration,No Configuration)
2023-10-27 05:25:54,012 [INFO] PinOutPanel:1499 - setPackage(STM32F411RETx,LQFP64)
2023-10-27 05:25:55,174 [INFO] UtilMem:75 - Before build in PCC Used Memory: 536048288 Bytes (808452096)
2023-10-27 05:25:57,022 [INFO] UtilMem:75 - After build in PCC Used Memory: 537600920 Bytes (808452096)
2023-10-27 05:25:57,237 [INFO] ApiDbMcu:507 - Load IP Config File for FREERTOS
2023-10-27 05:25:57,303 [INFO] IPUIPlugin:80 - create IPUIPlugin
2023-10-27 05:25:57,304 [INFO] IPUIPlugin:80 - create IPUIPlugin
2023-10-27 05:25:57,305 [INFO] IPUIPlugin:80 - create IPUIPlugin
2023-10-27 05:25:57,305 [INFO] IPUIPlugin:80 - create IPUIPlugin
2023-10-27 05:25:57,305 [INFO] IPUIPlugin:80 - create IPUIPlugin
2023-10-27 05:25:57,306 [INFO] IPUIPlugin:80 - create IPUIPlugin
2023-10-27 05:25:57,306 [INFO] IPUIPlugin:80 - create IPUIPlugin
2023-10-27 05:25:57,306 [INFO] IPUIPlugin:80 - create IPUIPlugin
2023-10-27 05:25:57,306 [INFO] IPUIPlugin:80 - create IPUIPlugin
2023-10-27 05:25:57,307 [INFO] IPUIPlugin:80 - create IPUIPlugin
2023-10-27 05:25:57,307 [INFO] IPUIPlugin:80 - create IPUIPlugin
2023-10-27 05:25:57,307 [INFO] IPUIPlugin:80 - create IPUIPlugin
2023-10-27 05:25:57,307 [INFO] IPUIPlugin:80 - create IPUIPlugin
2023-10-27 05:25:57,308 [INFO] IPUIPlugin:80 - create IPUIPlugin
2023-10-27 05:25:57,308 [INFO] IPUIPlugin:80 - create IPUIPlugin
2023-10-27 05:25:57,309 [INFO] IPUIPlugin:80 - create IPUIPlugin
2023-10-27 05:25:57,309 [INFO] IPUIPlugin:80 - create IPUIPlugin
2023-10-27 05:25:57,309 [INFO] IPUIPlugin:80 - create IPUIPlugin
2023-10-27 05:25:57,310 [INFO] IPUIPlugin:80 - create IPUIPlugin
2023-10-27 05:25:57,310 [INFO] IPUIPlugin:80 - create IPUIPlugin
2023-10-27 05:25:57,311 [INFO] IPUIPlugin:80 - create IPUIPlugin
2023-10-27 05:25:57,311 [INFO] IPUIPlugin:80 - create IPUIPlugin
2023-10-27 05:25:57,312 [INFO] IPUIPlugin:80 - create IPUIPlugin
2023-10-27 05:25:57,312 [INFO] IPUIPlugin:80 - create IPUIPlugin
2023-10-27 05:25:57,313 [INFO] IPUIPlugin:80 - create IPUIPlugin
2023-10-27 05:25:57,313 [INFO] IPUIPlugin:80 - create IPUIPlugin
2023-10-27 05:25:57,314 [INFO] IPUIPlugin:80 - create IPUIPlugin
2023-10-27 05:25:57,315 [INFO] IPUIPlugin:80 - create IPUIPlugin
2023-10-27 05:25:57,315 [INFO] IPUIPlugin:80 - create IPUIPlugin
2023-10-27 05:25:57,316 [INFO] IPUIPlugin:80 - create IPUIPlugin
2023-10-27 05:25:57,316 [INFO] IPUIPlugin:80 - create IPUIPlugin
2023-10-27 05:25:57,317 [INFO] IPUIPlugin:80 - create IPUIPlugin
2023-10-27 05:25:57,317 [INFO] IPUIPlugin:80 - create IPUIPlugin
2023-10-27 05:25:57,318 [INFO] IPUIPlugin:80 - create IPUIPlugin
2023-10-27 05:25:57,318 [INFO] IPUIPlugin:80 - create IPUIPlugin
2023-10-27 05:25:57,319 [INFO] IPUIPlugin:80 - create IPUIPlugin
2023-10-27 05:25:57,319 [INFO] IPUIPlugin:80 - create IPUIPlugin
2023-10-27 05:25:57,320 [INFO] IPUIPlugin:80 - create IPUIPlugin
2023-10-27 05:25:57,321 [INFO] IPUIPlugin:80 - create IPUIPlugin
2023-10-27 05:25:57,321 [INFO] IPUIPlugin:80 - create IPUIPlugin
2023-10-27 05:25:57,322 [INFO] IPUIPlugin:80 - create IPUIPlugin
2023-10-27 05:25:57,323 [INFO] IPUIPlugin:80 - create IPUIPlugin
2023-10-27 05:25:57,324 [INFO] IPUIPlugin:80 - create IPUIPlugin
2023-10-27 05:25:57,374 [INFO] ApiDbMcu:507 - Load IP Config File for PDM2PCM
2023-10-27 05:25:57,461 [WARN] FreeRTOS:1023 - Null or empty value: should not occur! (nothing added to the table)
2023-10-27 05:25:58,114 [INFO] CADModel:165 - CPN selected for project levelSTM32F411RET6
2023-10-27 05:25:58,115 [INFO] CADModel:114 - Register for checkConnection events
2023-10-27 05:25:58,119 [INFO] RtosManager:697 - Active RTOS found at IOC load: FREERTOS [Cortex-M4NS]
2023-10-27 05:25:58,169 [INFO] OpenFileManager:328 - Restore cursor
2023-10-27 05:26:21,377 [INFO] NvicIntPanel:101 - NVIC parent = com.st.microxplorer.plugins.ip.nvic.MultiNvicIntPanel[,0,0,450x165,layout=javax.swing.BoxLayout,alignmentX=0.0,alignmentY=0.0,border=,flags=9,maximumSize=,minimumSize=,preferredSize=]
2023-10-27 05:26:23,000 [INFO] NvicIntPanel:101 - NVIC parent = com.st.microxplorer.plugins.ip.nvic.MultiNvicIntPanel[,0,0,0x0,invalid,layout=javax.swing.BoxLayout,alignmentX=0.0,alignmentY=0.0,border=,flags=9,maximumSize=,minimumSize=,preferredSize=]
2023-10-27 05:27:53,428 [INFO] NvicIntPanel:101 - NVIC parent = com.st.microxplorer.plugins.ip.nvic.MultiNvicIntPanel[,0,0,0x0,invalid,layout=javax.swing.BoxLayout,alignmentX=0.0,alignmentY=0.0,border=,flags=9,maximumSize=,minimumSize=,preferredSize=]
2023-10-27 05:27:55,348 [INFO] NvicIntPanel:101 - NVIC parent = com.st.microxplorer.plugins.ip.nvic.MultiNvicIntPanel[,0,0,0x0,invalid,layout=javax.swing.BoxLayout,alignmentX=0.0,alignmentY=0.0,border=,flags=9,maximumSize=,minimumSize=,preferredSize=]
2023-10-27 05:28:09,779 [INFO] UtilMem:75 - End SaveConfig() Used Memory: 529469824 Bytes (808452096)
2023-10-27 05:28:11,883 [INFO] UtilMem:75 - End SaveConfig() Used Memory: 550441344 Bytes (808452096)
2023-10-27 05:28:13,144 [INFO] UtilMem:75 - End SaveConfig() Used Memory: 608113024 Bytes (808452096)
2023-10-27 05:28:14,119 [INFO] BlockDiagram:2759 - set Specific Code input for plugin: SPI
2023-10-27 05:28:14,119 [INFO] BlockDiagram:2759 - set Specific Code input for plugin: NVIC
2023-10-27 05:28:14,119 [INFO] BlockDiagram:2759 - set Specific Code input for plugin: USART
2023-10-27 05:28:14,119 [INFO] BlockDiagram:2759 - set Specific Code input for plugin: FREERTOS
2023-10-27 05:28:14,120 [INFO] BlockDiagram:2759 - set Specific Code input for plugin: SYS
2023-10-27 05:28:14,121 [INFO] BlockDiagram:2759 - set Specific Code input for plugin: GPIO
2023-10-27 05:28:14,121 [INFO] BlockDiagram:2759 - set Specific Code input for plugin: RCC
2023-10-27 05:28:14,123 [INFO] CodeGenerator:793 - code generatio: config db path: D:\STM32CubeIDE_1.12.1\STM32CubeIDE\plugins\com.st.stm32cube.common.mx_6.8.1.202304191431\\db\
2023-10-27 05:28:15,005 [INFO] CodeEngine:255 - oldGeneratedFile, D:\Rangefinder\Rangefinder_STM_WS\Rangefinder_V3\MXTmpFiles\license.tmp_save
2023-10-27 05:28:15,655 [INFO] CodeEngine:279 - Generated code: D:\Rangefinder\Rangefinder_STM_WS\Rangefinder_V3\MXTmpFiles\license.tmp
2023-10-27 05:28:16,185 [INFO] CodeEngine:255 - oldGeneratedFile, D:\Rangefinder\Rangefinder_STM_WS\Rangefinder_V3\MXTmpFiles\gpio.tmp_save
2023-10-27 05:28:16,721 [INFO] CodeEngine:279 - Generated code: D:\Rangefinder\Rangefinder_STM_WS\Rangefinder_V3\MXTmpFiles\gpio.tmp
2023-10-27 05:28:17,070 [INFO] Middleware:1439 - No code input for Bsp Dependency
2023-10-27 05:28:17,090 [INFO] CodeEngine:255 - oldGeneratedFile, D:\Rangefinder\Rangefinder_STM_WS\Rangefinder_V3\MXTmpFiles\rtos_inc.tmp_save
2023-10-27 05:28:17,278 [INFO] CodeEngine:279 - Generated code: D:\Rangefinder\Rangefinder_STM_WS\Rangefinder_V3\MXTmpFiles\rtos_inc.tmp
2023-10-27 05:28:17,314 [INFO] CodeEngine:255 - oldGeneratedFile, D:\Rangefinder\Rangefinder_STM_WS\Rangefinder_V3\MXTmpFiles\rtos_kernelInit.tmp_save
2023-10-27 05:28:17,494 [INFO] CodeEngine:279 - Generated code: D:\Rangefinder\Rangefinder_STM_WS\Rangefinder_V3\MXTmpFiles\rtos_kernelInit.tmp
2023-10-27 05:28:17,513 [INFO] CodeEngine:255 - oldGeneratedFile, D:\Rangefinder\Rangefinder_STM_WS\Rangefinder_V3\MXTmpFiles\rtos_kernelStart.tmp_save
2023-10-27 05:28:17,716 [INFO] CodeEngine:279 - Generated code: D:\Rangefinder\Rangefinder_STM_WS\Rangefinder_V3\MXTmpFiles\rtos_kernelStart.tmp
2023-10-27 05:28:17,748 [INFO] CodeEngine:255 - oldGeneratedFile, D:\Rangefinder\Rangefinder_STM_WS\Rangefinder_V3\MXTmpFiles\rtos_typedefs.tmp_save
2023-10-27 05:28:17,890 [INFO] CodeEngine:279 - Generated code: D:\Rangefinder\Rangefinder_STM_WS\Rangefinder_V3\MXTmpFiles\rtos_typedefs.tmp
2023-10-27 05:28:17,917 [INFO] CodeEngine:255 - oldGeneratedFile, D:\Rangefinder\Rangefinder_STM_WS\Rangefinder_V3\MXTmpFiles\rtos_vars.tmp_save
2023-10-27 05:28:18,065 [INFO] CodeEngine:279 - Generated code: D:\Rangefinder\Rangefinder_STM_WS\Rangefinder_V3\MXTmpFiles\rtos_vars.tmp
2023-10-27 05:28:18,107 [INFO] CodeEngine:255 - oldGeneratedFile, D:\Rangefinder\Rangefinder_STM_WS\Rangefinder_V3\MXTmpFiles\rtos_pfp.tmp_save
2023-10-27 05:28:18,202 [INFO] CodeEngine:279 - Generated code: D:\Rangefinder\Rangefinder_STM_WS\Rangefinder_V3\MXTmpFiles\rtos_pfp.tmp
2023-10-27 05:28:18,232 [INFO] CodeEngine:255 - oldGeneratedFile, D:\Rangefinder\Rangefinder_STM_WS\Rangefinder_V3\MXTmpFiles\rtos_obj_creat.tmp_save
2023-10-27 05:28:18,347 [INFO] CodeEngine:279 - Generated code: D:\Rangefinder\Rangefinder_STM_WS\Rangefinder_V3\MXTmpFiles\rtos_obj_creat.tmp
2023-10-27 05:28:18,368 [INFO] CodeEngine:255 - oldGeneratedFile, D:\Rangefinder\Rangefinder_STM_WS\Rangefinder_V3\MXTmpFiles\rtos_default_thread.tmp_save
2023-10-27 05:28:18,504 [INFO] CodeEngine:279 - Generated code: D:\Rangefinder\Rangefinder_STM_WS\Rangefinder_V3\MXTmpFiles\rtos_default_thread.tmp
2023-10-27 05:28:18,534 [INFO] CodeEngine:255 - oldGeneratedFile, D:\Rangefinder\Rangefinder_STM_WS\Rangefinder_V3\MXTmpFiles\rtos_threads.tmp_save
2023-10-27 05:28:18,611 [INFO] CodeEngine:279 - Generated code: D:\Rangefinder\Rangefinder_STM_WS\Rangefinder_V3\MXTmpFiles\rtos_threads.tmp
2023-10-27 05:28:18,621 [INFO] Middleware:1439 - No code input for Bsp Dependency
2023-10-27 05:28:18,631 [INFO] CodeEngine:255 - oldGeneratedFile, D:\Rangefinder\Rangefinder_STM_WS\Rangefinder_V3\MXTmpFiles\rtos_inc.tmp_save
2023-10-27 05:28:18,744 [INFO] CodeEngine:279 - Generated code: D:\Rangefinder\Rangefinder_STM_WS\Rangefinder_V3\MXTmpFiles\rtos_inc.tmp
2023-10-27 05:28:18,750 [INFO] CodeEngine:255 - oldGeneratedFile, D:\Rangefinder\Rangefinder_STM_WS\Rangefinder_V3\MXTmpFiles\rtos_kernelInit.tmp_save
2023-10-27 05:28:18,813 [INFO] CodeEngine:279 - Generated code: D:\Rangefinder\Rangefinder_STM_WS\Rangefinder_V3\MXTmpFiles\rtos_kernelInit.tmp
2023-10-27 05:28:18,819 [INFO] CodeEngine:255 - oldGeneratedFile, D:\Rangefinder\Rangefinder_STM_WS\Rangefinder_V3\MXTmpFiles\rtos_kernelStart.tmp_save
2023-10-27 05:28:18,927 [INFO] CodeEngine:279 - Generated code: D:\Rangefinder\Rangefinder_STM_WS\Rangefinder_V3\MXTmpFiles\rtos_kernelStart.tmp
2023-10-27 05:28:18,933 [INFO] CodeEngine:255 - oldGeneratedFile, D:\Rangefinder\Rangefinder_STM_WS\Rangefinder_V3\MXTmpFiles\rtos_typedefs.tmp_save
2023-10-27 05:28:18,990 [INFO] CodeEngine:279 - Generated code: D:\Rangefinder\Rangefinder_STM_WS\Rangefinder_V3\MXTmpFiles\rtos_typedefs.tmp
2023-10-27 05:28:19,003 [INFO] CodeEngine:255 - oldGeneratedFile, D:\Rangefinder\Rangefinder_STM_WS\Rangefinder_V3\MXTmpFiles\rtos_vars.tmp_save
2023-10-27 05:28:19,063 [INFO] CodeEngine:279 - Generated code: D:\Rangefinder\Rangefinder_STM_WS\Rangefinder_V3\MXTmpFiles\rtos_vars.tmp
2023-10-27 05:28:19,068 [INFO] CodeEngine:255 - oldGeneratedFile, D:\Rangefinder\Rangefinder_STM_WS\Rangefinder_V3\MXTmpFiles\rtos_pfp.tmp_save
2023-10-27 05:28:19,122 [INFO] CodeEngine:279 - Generated code: D:\Rangefinder\Rangefinder_STM_WS\Rangefinder_V3\MXTmpFiles\rtos_pfp.tmp
2023-10-27 05:28:19,136 [INFO] CodeEngine:255 - oldGeneratedFile, D:\Rangefinder\Rangefinder_STM_WS\Rangefinder_V3\MXTmpFiles\rtos_obj_creat.tmp_save
2023-10-27 05:28:19,194 [INFO] CodeEngine:279 - Generated code: D:\Rangefinder\Rangefinder_STM_WS\Rangefinder_V3\MXTmpFiles\rtos_obj_creat.tmp
2023-10-27 05:28:19,200 [INFO] CodeEngine:255 - oldGeneratedFile, D:\Rangefinder\Rangefinder_STM_WS\Rangefinder_V3\MXTmpFiles\rtos_default_thread.tmp_save
2023-10-27 05:28:19,263 [INFO] CodeEngine:279 - Generated code: D:\Rangefinder\Rangefinder_STM_WS\Rangefinder_V3\MXTmpFiles\rtos_default_thread.tmp
2023-10-27 05:28:19,269 [INFO] CodeEngine:255 - oldGeneratedFile, D:\Rangefinder\Rangefinder_STM_WS\Rangefinder_V3\MXTmpFiles\rtos_threads.tmp_save
2023-10-27 05:28:19,348 [INFO] CodeEngine:279 - Generated code: D:\Rangefinder\Rangefinder_STM_WS\Rangefinder_V3\MXTmpFiles\rtos_threads.tmp
2023-10-27 05:28:19,381 [INFO] CodeEngine:255 - oldGeneratedFile, D:\Rangefinder\Rangefinder_STM_WS\Rangefinder_V3\Core\Inc\FreeRTOSConfig.h_save
2023-10-27 05:28:19,478 [INFO] CodeEngine:279 - Generated code: D:\Rangefinder\Rangefinder_STM_WS\Rangefinder_V3\Core\Inc\FreeRTOSConfig.h
2023-10-27 05:28:19,502 [INFO] CodeEngine:255 - oldGeneratedFile, D:\Rangefinder\Rangefinder_STM_WS\Rangefinder_V3\Core\Src\freertos.c_save
2023-10-27 05:28:19,600 [INFO] CodeEngine:279 - Generated code: D:\Rangefinder\Rangefinder_STM_WS\Rangefinder_V3\Core\Src\freertos.c
2023-10-27 05:28:19,648 [INFO] CodeEngine:255 - oldGeneratedFile, D:\Rangefinder\Rangefinder_STM_WS\Rangefinder_V3\Core\Src\stm32f4xx_it.c_save
2023-10-27 05:28:19,825 [INFO] CodeEngine:279 - Generated code: D:\Rangefinder\Rangefinder_STM_WS\Rangefinder_V3\Core\Src\stm32f4xx_it.c
2023-10-27 05:28:19,843 [INFO] CodeEngine:255 - oldGeneratedFile, D:\Rangefinder\Rangefinder_STM_WS\Rangefinder_V3\Core\Inc\stm32f4xx_it.h_save
2023-10-27 05:28:20,008 [INFO] CodeEngine:279 - Generated code: D:\Rangefinder\Rangefinder_STM_WS\Rangefinder_V3\Core\Inc\stm32f4xx_it.h
2023-10-27 05:28:20,057 [INFO] CodeEngine:255 - oldGeneratedFile, D:\Rangefinder\Rangefinder_STM_WS\Rangefinder_V3\Core\Src\stm32f4xx_hal_msp.c_save
2023-10-27 05:28:20,377 [INFO] CodeEngine:279 - Generated code: D:\Rangefinder\Rangefinder_STM_WS\Rangefinder_V3\Core\Src\stm32f4xx_hal_msp.c
2023-10-27 05:28:20,394 [INFO] CodeEngine:255 - oldGeneratedFile, D:\Rangefinder\Rangefinder_STM_WS\Rangefinder_V3\MXTmpFiles\system.tmp_save
2023-10-27 05:28:20,566 [INFO] CodeEngine:279 - Generated code: D:\Rangefinder\Rangefinder_STM_WS\Rangefinder_V3\MXTmpFiles\system.tmp
2023-10-27 05:28:20,612 [INFO] CodeEngine:255 - oldGeneratedFile, D:\Rangefinder\Rangefinder_STM_WS\Rangefinder_V3\Core\Src\stm32f4xx_hal_timebase_tim.c_save
2023-10-27 05:28:20,754 [INFO] CodeEngine:279 - Generated code: D:\Rangefinder\Rangefinder_STM_WS\Rangefinder_V3\Core\Src\stm32f4xx_hal_timebase_tim.c
2023-10-27 05:28:20,797 [INFO] CodeEngine:311 - oldGeneratedFile, D:\Rangefinder\Rangefinder_STM_WS\Rangefinder_V3\Core\Inc\stm32f4xx_hal_conf.h_save
2023-10-27 05:28:20,923 [INFO] CodeEngine:335 - Generated code: D:\Rangefinder\Rangefinder_STM_WS\Rangefinder_V3\Core\Inc\stm32f4xx_hal_conf.h
2023-10-27 05:28:21,017 [INFO] CodeEngine:255 - oldGeneratedFile, D:\Rangefinder\Rangefinder_STM_WS\Rangefinder_V3\Core\Inc\main.h_save
2023-10-27 05:28:21,233 [INFO] CodeEngine:279 - Generated code: D:\Rangefinder\Rangefinder_STM_WS\Rangefinder_V3\Core\Inc\main.h
2023-10-27 05:28:21,274 [INFO] CodeEngine:255 - oldGeneratedFile, D:\Rangefinder\Rangefinder_STM_WS\Rangefinder_V3\Core\Src\main.c_save
2023-10-27 05:28:21,759 [INFO] CodeEngine:279 - Generated code: D:\Rangefinder\Rangefinder_STM_WS\Rangefinder_V3\Core\Src\main.c
2023-10-27 05:28:24,043 [INFO] ProjectBuilder:2996 - Time for Copy HAL[1] : 835mS.
2023-10-27 05:28:24,071 [INFO] ProjectBuilder:4304 - Project Generator version: 3.19.2
2023-10-27 05:28:24,559 [INFO] ConfigFileManager:1483 - The Die is : DIE431
2023-10-27 05:28:24,608 [INFO] ApiDbMcu:507 - Load IP Config File for FATFS
2023-10-27 05:28:24,635 [INFO] ApiDbMcu:507 - Load IP Config File for LIBJPEG
2023-10-27 05:28:24,670 [INFO] ApiDbMcu:507 - Load IP Config File for MBEDTLS
2023-10-27 05:28:24,707 [INFO] ApiDbMcu:507 - Load IP Config File for USB_DEVICE
2023-10-27 05:28:24,736 [INFO] ApiDbMcu:507 - Load IP Config File for USB_HOST
2023-10-27 05:28:28,406 [INFO] LogOutputStream:77 - [STDOUT_REDIRECT] 
2023-10-27 05:28:31,957 [INFO] ProjectBuilder:4505 - Time for Generating toolchain IDE Files: 7886mS.
2023-10-27 05:28:31,959 [INFO] ProjectBuilder:2867 - Time for Copy CMSIS : 0mS.
2023-10-27 05:28:31,969 [INFO] ProjectBuilder:2867 - Time for Copy CMSIS : 0mS.
2023-10-27 05:54:08,382 [INFO] Activator:176 - 


2023-10-27 05:54:08,385 [INFO] Activator:177 - !SESSION log4j initialized
2023-10-27 05:54:16,314 [INFO] LogOutputStream:77 - [STDOUT_REDIRECT] 
2023-10-27 05:54:38,031 [ERROR] LogOutputStream:75 - [STDERR_REDIRECT] SLF4J: Failed to load class "org.slf4j.impl.StaticLoggerBinder".
2023-10-27 05:54:38,032 [ERROR] LogOutputStream:75 - [STDERR_REDIRECT] SLF4J: Defaulting to no-operation (NOP) logger implementation
2023-10-27 05:54:38,034 [ERROR] LogOutputStream:75 - [STDERR_REDIRECT] SLF4J: See http://www.slf4j.org/codes.html#StaticLoggerBinder for further details.
2023-10-27 06:42:40,016 [INFO] Activator:176 - 


2023-10-27 06:42:40,019 [INFO] Activator:177 - !SESSION log4j initialized
2023-10-27 06:42:47,550 [INFO] LogOutputStream:77 - [STDOUT_REDIRECT] 
2023-10-27 06:43:09,295 [ERROR] LogOutputStream:75 - [STDERR_REDIRECT] SLF4J: Failed to load class "org.slf4j.impl.StaticLoggerBinder".
2023-10-27 06:43:09,296 [ERROR] LogOutputStream:75 - [STDERR_REDIRECT] SLF4J: Defaulting to no-operation (NOP) logger implementation
2023-10-27 06:43:09,298 [ERROR] LogOutputStream:75 - [STDERR_REDIRECT] SLF4J: See http://www.slf4j.org/codes.html#StaticLoggerBinder for further details.
