2023-11-12 12:04:45,235 [INFO] Activator:176 - 


2023-11-12 12:04:45,244 [INFO] Activator:177 - !SESSION log4j initialized
2023-11-12 12:04:56,143 [INFO] LogOutputStream:77 - [STDOUT_REDIRECT] 
2023-11-12 12:05:20,712 [ERROR] LogOutputStream:75 - [STDERR_REDIRECT] SLF4J: Failed to load class "org.slf4j.impl.StaticLoggerBinder".
2023-11-12 12:05:20,712 [ERROR] LogOutputStream:75 - [STDERR_REDIRECT] SLF4J: Defaulting to no-operation (NOP) logger implementation
2023-11-12 12:05:20,714 [ERROR] LogOutputStream:75 - [STDERR_REDIRECT] SLF4J: See http://www.slf4j.org/codes.html#StaticLoggerBinder for further details.
2023-11-12 12:13:22,712 [INFO] Activator:176 - 


2023-11-12 12:13:22,715 [INFO] Activator:177 - !SESSION log4j initialized
2023-11-12 12:13:29,526 [INFO] LogOutputStream:77 - [STDOUT_REDIRECT] 
2023-11-12 12:13:31,387 [INFO] ApplicationProperties:184 - Using Application install path: D:\STM32CubeIDE_1.12.1\STM32CubeIDE\plugins\com.st.stm32cube.common.mx_6.9.2.202309101412
2023-11-12 12:13:31,423 [INFO] DbMcusXml:78 - Set database path to: D:\STM32CubeIDE_1.12.1\STM32CubeIDE\plugins\com.st.stm32cube.common.mx_6.9.2.202309101412\\db\/mcu/
2023-11-12 12:13:31,423 [INFO] ApiDb:274 - Set plugin database path to: D:\STM32CubeIDE_1.12.1\STM32CubeIDE\plugins\com.st.stm32cube.common.mx_6.9.2.202309101412\\db\/plugins/boardmanager/
2023-11-12 12:13:31,424 [WARN] ApiDb:259 - Overriding images path with different value:  => D:\STM32CubeIDE_1.12.1\STM32CubeIDE\plugins\com.st.stm32cube.common.mx_6.9.2.202309101412\\db\/plugins/mcufinder/images/
2023-11-12 12:13:33,024 [INFO] ApiDb:250 - Set database path to: C:\Users\alan1\.stmcufinder\plugins\mcufinder//mcu/
2023-11-12 12:13:33,025 [INFO] DbMcusAds:125 - Set database path to: C:\Users\alan1\.stmcufinder\plugins\mcufinder//mcu/
2023-11-12 12:13:33,027 [INFO] CrossReferenceDbSqlite:203 - Set database path to: C:\Users\alan1\.stmcufinder\plugins\mcufinder//mcu/cs/
2023-11-12 12:13:33,140 [INFO] RulesReader:64 - Compatibility file has been processed (293 Rules)
2023-11-12 12:13:33,286 [INFO] DbMcusXml:78 - Set database path to: D:\STM32CubeIDE_1.12.1\STM32CubeIDE\plugins\com.st.stm32cube.common.mx_6.9.2.202309101412\\db\/mcu/
2023-11-12 12:13:33,287 [INFO] ApiDb:274 - Set plugin database path to: D:\STM32CubeIDE_1.12.1\STM32CubeIDE\plugins\com.st.stm32cube.common.mx_6.9.2.202309101412\\db\/plugins/boardmanager/
2023-11-12 12:13:33,287 [INFO] ApiDb:261 - Set plugin images path to: D:\STM32CubeIDE_1.12.1\STM32CubeIDE\plugins\com.st.stm32cube.common.mx_6.9.2.202309101412\\db\/plugins/mcufinder/images/
2023-11-12 12:13:33,287 [WARN] DbFile:41 - Overriding database path with different value: C:\Users\alan1\.stmcufinder\plugins\mcufinder/ => C:\Users\alan1\.stmcufinder\plugins\mcufinder
2023-11-12 12:13:33,287 [INFO] ApiDb:250 - Set database path to: C:\Users\alan1\.stmcufinder\plugins\mcufinder//mcu/
2023-11-12 12:13:33,287 [WARN] DbFile:41 - Overriding database path with different value: C:\Users\alan1\.stmcufinder\plugins\mcufinder/ => C:\Users\alan1\.stmcufinder\plugins\mcufinder
2023-11-12 12:13:33,287 [INFO] DbMcusAds:125 - Set database path to: C:\Users\alan1\.stmcufinder\plugins\mcufinder//mcu/
2023-11-12 12:13:33,287 [WARN] DbFile:41 - Overriding database path with different value: C:\Users\alan1\.stmcufinder\plugins\mcufinder/ => C:\Users\alan1\.stmcufinder\plugins\mcufinder
2023-11-12 12:13:33,288 [WARN] DbFile:41 - Overriding database path with different value: C:\Users\alan1\.stmcufinder\plugins\mcufinder/ => C:\Users\alan1\.stmcufinder\plugins\mcufinder
2023-11-12 12:13:33,288 [INFO] CrossReferenceDbSqlite:203 - Set database path to: C:\Users\alan1\.stmcufinder\plugins\mcufinder//mcu/cs/
2023-11-12 12:13:33,404 [INFO] MainPanel:262 - HeapMemory: 268435456
2023-11-12 12:13:33,490 [INFO] DbMcusXml:78 - Set database path to: D:\STM32CubeIDE_1.12.1\STM32CubeIDE\plugins\com.st.stm32cube.common.mx_6.9.2.202309101412\\db\/mcu/
2023-11-12 12:13:33,490 [INFO] ApiDb:274 - Set plugin database path to: D:\STM32CubeIDE_1.12.1\STM32CubeIDE\plugins\com.st.stm32cube.common.mx_6.9.2.202309101412\\db\/plugins/boardmanager/
2023-11-12 12:13:33,490 [INFO] ApiDb:261 - Set plugin images path to: D:\STM32CubeIDE_1.12.1\STM32CubeIDE\plugins\com.st.stm32cube.common.mx_6.9.2.202309101412\\db\/plugins/mcufinder/images/
2023-11-12 12:13:33,491 [WARN] DbFile:41 - Overriding database path with different value: C:\Users\alan1\.stmcufinder\plugins\mcufinder/ => C:\Users\alan1\.stmcufinder\plugins\mcufinder
2023-11-12 12:13:33,491 [INFO] ApiDb:250 - Set database path to: C:\Users\alan1\.stmcufinder\plugins\mcufinder//mcu/
2023-11-12 12:13:33,491 [WARN] DbFile:41 - Overriding database path with different value: C:\Users\alan1\.stmcufinder\plugins\mcufinder/ => C:\Users\alan1\.stmcufinder\plugins\mcufinder
2023-11-12 12:13:33,491 [INFO] DbMcusAds:125 - Set database path to: C:\Users\alan1\.stmcufinder\plugins\mcufinder//mcu/
2023-11-12 12:13:33,491 [WARN] DbFile:41 - Overriding database path with different value: C:\Users\alan1\.stmcufinder\plugins\mcufinder/ => C:\Users\alan1\.stmcufinder\plugins\mcufinder
2023-11-12 12:13:33,491 [WARN] DbFile:41 - Overriding database path with different value: C:\Users\alan1\.stmcufinder\plugins\mcufinder/ => C:\Users\alan1\.stmcufinder\plugins\mcufinder
2023-11-12 12:13:33,491 [INFO] CrossReferenceDbSqlite:203 - Set database path to: C:\Users\alan1\.stmcufinder\plugins\mcufinder//mcu/cs/
2023-11-12 12:13:33,509 [INFO] ApplicationProperties:184 - Using Application install path: D:\STM32CubeIDE_1.12.1\STM32CubeIDE\plugins\com.st.stm32cube.common.mx_6.9.2.202309101412
2023-11-12 12:13:33,511 [INFO] PluginManage:196 - Search for loadable plugins [exclusion list=, ]
2023-11-12 12:13:33,513 [INFO] PluginManage:310 - Check plugin analytics
2023-11-12 12:13:33,725 [INFO] AnalyticsPlugin:253 - Accepted Software Licenses: 
2023-11-12 12:13:33,725 [INFO] AnalyticsPlugin:255 - Accepted CMSIS Pack Licenses: 
2023-11-12 12:13:33,725 [INFO] AnalyticsPlugin:257 - Accepted Firmware Licenses: FW.F4.1.27.0,FW.G4.1.5.0
2023-11-12 12:13:33,730 [INFO] PluginManage:359 - Loaded plugin analytics (category:tool,tabindex:-1)
2023-11-12 12:13:33,730 [INFO] PluginManage:310 - Check plugin cadmodel
2023-11-12 12:13:33,734 [INFO] CADModel:105 - Init CAD model plugin
2023-11-12 12:13:33,735 [INFO] PluginManage:359 - Loaded plugin cadmodel (category:power,tabindex:5)
2023-11-12 12:13:33,735 [INFO] PluginManage:310 - Check plugin clock
2023-11-12 12:13:33,747 [INFO] PluginManage:359 - Loaded plugin clock (category:base,tabindex:2)
2023-11-12 12:13:33,747 [INFO] PluginManage:310 - Check plugin ddr
2023-11-12 12:13:33,750 [INFO] PluginManage:359 - Loaded plugin ddr (category:tool,tabindex:6)
2023-11-12 12:13:33,751 [INFO] PluginManage:310 - Check plugin filemanager
2023-11-12 12:13:34,659 [INFO] PluginManage:359 - Loaded plugin filemanager (category:base,tabindex:10)
2023-11-12 12:13:34,659 [INFO] PluginManage:310 - Check plugin ipmanager
2023-11-12 12:13:34,669 [INFO] PluginManage:359 - Loaded plugin ipmanager (category:base,tabindex:5)
2023-11-12 12:13:34,669 [INFO] PluginManage:310 - Check plugin lpbam
2023-11-12 12:13:34,679 [INFO] PluginManage:359 - Loaded plugin lpbam (category:base,tabindex:0)
2023-11-12 12:13:34,680 [INFO] PluginManage:310 - Check plugin memorymap
2023-11-12 12:13:34,692 [INFO] PluginManage:359 - Loaded plugin memorymap (category:base,tabindex:4)
2023-11-12 12:13:34,693 [INFO] PluginManage:310 - Check plugin pinoutandconfiguration
2023-11-12 12:13:34,701 [INFO] PluginManage:359 - Loaded plugin pinoutandconfiguration (category:base,tabindex:1)
2023-11-12 12:13:34,701 [INFO] PluginManage:310 - Check plugin pinoutconfig
2023-11-12 12:13:34,781 [WARN] SupportedApi:132 - Cannot load RTOS API schema: s4s-elt-must-match.1: The content of 'definitions' must match (annotation?, (simpleType | complexType)?, (unique | key | keyref)*)). A problem was found starting at: attribute.
2023-11-12 12:13:34,907 [INFO] PluginManage:359 - Loaded plugin pinoutconfig (category:base,tabindex:0)
2023-11-12 12:13:34,907 [INFO] PluginManage:310 - Check plugin power
2023-11-12 12:13:34,916 [INFO] PluginManage:359 - Loaded plugin power (category:power,tabindex:4)
2023-11-12 12:13:34,916 [INFO] PluginManage:310 - Check plugin projectmanager
2023-11-12 12:13:34,930 [INFO] PluginManage:359 - Loaded plugin projectmanager (category:projectmanager,tabindex:3)
2023-11-12 12:13:34,930 [INFO] PluginManage:310 - Check plugin thirdparty
2023-11-12 12:13:35,063 [WARN] IntegrityCheckThread:84 - waiting for thirdparty lock release [integrity check]
2023-11-12 12:13:35,064 [INFO] IntegrityCheckThread:86 - entering critical section [integrity check]
2023-11-12 12:13:35,065 [INFO] PluginManage:359 - Loaded plugin thirdparty (category:base,tabindex:-1)
2023-11-12 12:13:35,065 [INFO] ThirdPartyUpdaterWithRetryManager:70 - Updater plugin not ready yet. [1/15]
2023-11-12 12:13:35,065 [INFO] PluginManage:310 - Check plugin tools
2023-11-12 12:13:35,068 [INFO] PluginManage:359 - Loaded plugin tools (category:base,tabindex:7)
2023-11-12 12:13:35,069 [INFO] PluginManage:310 - Check plugin tutovideos
2023-11-12 12:13:35,223 [INFO] PluginManage:359 - Loaded plugin tutovideos (category:base,tabindex:-1)
2023-11-12 12:13:35,223 [INFO] PluginManage:310 - Check plugin updater
2023-11-12 12:13:35,231 [INFO] PluginManage:359 - Loaded plugin updater (category:base,tabindex:12)
2023-11-12 12:13:35,231 [INFO] PluginManage:310 - Check plugin userauth
2023-11-12 12:13:35,235 [INFO] UserAuth:113 - Init User Auth plugin
2023-11-12 12:13:35,236 [INFO] PluginManage:359 - Loaded plugin userauth (category:base,tabindex:14)
2023-11-12 12:13:35,236 [INFO] PluginManage:283 - PluginManage : Loaded plugins [17]
2023-11-12 12:13:35,448 [INFO] PinOutPanel:1499 - setPackage(No Configuration,No Configuration)
2023-11-12 12:13:35,579 [INFO] CADModel:165 - CPN selected for project level
2023-11-12 12:13:35,579 [INFO] CADModel:114 - Register for checkConnection events
2023-11-12 12:13:35,592 [INFO] IPUIPlugin:80 - create IPUIPlugin
2023-11-12 12:13:35,592 [INFO] PluginManager:220 - loadIPPluginJar : add adc
2023-11-12 12:13:35,594 [INFO] IPUIPlugin:80 - create IPUIPlugin
2023-11-12 12:13:35,594 [INFO] PluginManager:220 - loadIPPluginJar : add aes
2023-11-12 12:13:35,597 [INFO] IPUIPlugin:80 - create IPUIPlugin
2023-11-12 12:13:35,597 [INFO] PluginManager:220 - loadIPPluginJar : add can
2023-11-12 12:13:35,599 [INFO] IPUIPlugin:80 - create IPUIPlugin
2023-11-12 12:13:35,599 [INFO] PluginManager:220 - loadIPPluginJar : add comp
2023-11-12 12:13:35,601 [INFO] IPUIPlugin:80 - create IPUIPlugin
2023-11-12 12:13:35,601 [INFO] PluginManager:220 - loadIPPluginJar : add cryp
2023-11-12 12:13:35,603 [INFO] IPUIPlugin:80 - create IPUIPlugin
2023-11-12 12:13:35,603 [INFO] PluginManager:220 - loadIPPluginJar : add dfsdm
2023-11-12 12:13:35,607 [INFO] IPUIPlugin:80 - create IPUIPlugin
2023-11-12 12:13:35,608 [INFO] PluginManager:220 - loadIPPluginJar : add dma
2023-11-12 12:13:35,610 [INFO] IPUIPlugin:80 - create IPUIPlugin
2023-11-12 12:13:35,610 [INFO] PluginManager:220 - loadIPPluginJar : add dma3
2023-11-12 12:13:35,612 [INFO] IPUIPlugin:80 - create IPUIPlugin
2023-11-12 12:13:35,612 [INFO] PluginManager:220 - loadIPPluginJar : add fatfs
2023-11-12 12:13:35,615 [INFO] IPUIPlugin:80 - create IPUIPlugin
2023-11-12 12:13:35,615 [INFO] PluginManager:220 - loadIPPluginJar : add fmc
2023-11-12 12:13:35,620 [INFO] IPUIPlugin:80 - create IPUIPlugin
2023-11-12 12:13:35,620 [INFO] PluginManager:220 - loadIPPluginJar : add freertos
2023-11-12 12:13:35,621 [INFO] IPUIPlugin:80 - create IPUIPlugin
2023-11-12 12:13:35,621 [INFO] PluginManager:220 - loadIPPluginJar : add genericplugin
2023-11-12 12:13:35,622 [INFO] IPUIPlugin:80 - create IPUIPlugin
2023-11-12 12:13:35,622 [INFO] PluginManager:220 - loadIPPluginJar : add gfxmmu
2023-11-12 12:13:35,626 [INFO] IPUIPlugin:80 - create IPUIPlugin
2023-11-12 12:13:35,626 [INFO] PluginManager:220 - loadIPPluginJar : add gic
2023-11-12 12:13:35,630 [INFO] IPUIPlugin:80 - create IPUIPlugin
2023-11-12 12:13:35,630 [INFO] PluginManager:220 - loadIPPluginJar : add gpio
2023-11-12 12:13:35,632 [INFO] IPUIPlugin:80 - create IPUIPlugin
2023-11-12 12:13:35,632 [INFO] PluginManager:220 - loadIPPluginJar : add gtzc
2023-11-12 12:13:35,634 [INFO] IPUIPlugin:80 - create IPUIPlugin
2023-11-12 12:13:35,634 [INFO] PluginManager:220 - loadIPPluginJar : add hash
2023-11-12 12:13:35,637 [INFO] IPUIPlugin:80 - create IPUIPlugin
2023-11-12 12:13:35,637 [INFO] PluginManager:220 - loadIPPluginJar : add i2c
2023-11-12 12:13:35,639 [INFO] IPUIPlugin:80 - create IPUIPlugin
2023-11-12 12:13:35,639 [INFO] PluginManager:220 - loadIPPluginJar : add i2s
2023-11-12 12:13:35,641 [INFO] IPUIPlugin:80 - create IPUIPlugin
2023-11-12 12:13:35,641 [INFO] PluginManager:220 - loadIPPluginJar : add i3c
2023-11-12 12:13:35,644 [INFO] IPUIPlugin:80 - create IPUIPlugin
2023-11-12 12:13:35,644 [INFO] PluginManager:220 - loadIPPluginJar : add ipddr
2023-11-12 12:13:35,650 [INFO] IPUIPlugin:80 - create IPUIPlugin
2023-11-12 12:13:35,650 [INFO] PluginManager:220 - loadIPPluginJar : add linkedlist
2023-11-12 12:13:35,652 [INFO] IPUIPlugin:80 - create IPUIPlugin
2023-11-12 12:13:35,653 [INFO] PluginManager:220 - loadIPPluginJar : add lorawan
2023-11-12 12:13:35,654 [INFO] IPUIPlugin:80 - create IPUIPlugin
2023-11-12 12:13:35,654 [INFO] PluginManager:220 - loadIPPluginJar : add ltdc
2023-11-12 12:13:35,658 [INFO] IPUIPlugin:80 - create IPUIPlugin
2023-11-12 12:13:35,658 [INFO] PluginManager:220 - loadIPPluginJar : add mdma
2023-11-12 12:13:35,661 [INFO] IPUIPlugin:80 - create IPUIPlugin
2023-11-12 12:13:35,661 [INFO] PluginManager:220 - loadIPPluginJar : add nvic
2023-11-12 12:13:35,664 [INFO] IPUIPlugin:80 - create IPUIPlugin
2023-11-12 12:13:35,664 [INFO] PluginManager:220 - loadIPPluginJar : add opamp
2023-11-12 12:13:35,667 [INFO] IPUIPlugin:80 - create IPUIPlugin
2023-11-12 12:13:35,667 [INFO] PluginManager:220 - loadIPPluginJar : add openamp
2023-11-12 12:13:35,669 [INFO] IPUIPlugin:80 - create IPUIPlugin
2023-11-12 12:13:35,669 [INFO] PluginManager:220 - loadIPPluginJar : add pdm2pcm
2023-11-12 12:13:35,675 [INFO] IPUIPlugin:80 - create IPUIPlugin
2023-11-12 12:13:35,677 [INFO] PluginManager:220 - loadIPPluginJar : add plateformsettings
2023-11-12 12:13:35,679 [INFO] IPUIPlugin:80 - create IPUIPlugin
2023-11-12 12:13:35,679 [INFO] PluginManager:220 - loadIPPluginJar : add quadspi
2023-11-12 12:13:35,681 [INFO] IPUIPlugin:80 - create IPUIPlugin
2023-11-12 12:13:35,682 [INFO] PluginManager:220 - loadIPPluginJar : add resmgrutility
2023-11-12 12:13:35,684 [INFO] IPUIPlugin:80 - create IPUIPlugin
2023-11-12 12:13:35,684 [INFO] PluginManager:220 - loadIPPluginJar : add sai
2023-11-12 12:13:35,686 [INFO] IPUIPlugin:80 - create IPUIPlugin
2023-11-12 12:13:35,686 [INFO] PluginManager:220 - loadIPPluginJar : add spi
2023-11-12 12:13:35,690 [INFO] IPUIPlugin:80 - create IPUIPlugin
2023-11-12 12:13:35,690 [INFO] PluginManager:220 - loadIPPluginJar : add stm32_wpan
2023-11-12 12:13:35,691 [INFO] IPUIPlugin:80 - create IPUIPlugin
2023-11-12 12:13:35,692 [INFO] PluginManager:220 - loadIPPluginJar : add tim
2023-11-12 12:13:35,694 [INFO] IPUIPlugin:80 - create IPUIPlugin
2023-11-12 12:13:35,694 [INFO] PluginManager:220 - loadIPPluginJar : add touchsensing
2023-11-12 12:13:35,695 [INFO] IPUIPlugin:80 - create IPUIPlugin
2023-11-12 12:13:35,696 [INFO] PluginManager:220 - loadIPPluginJar : add tracer_emb
2023-11-12 12:13:35,697 [INFO] IPUIPlugin:80 - create IPUIPlugin
2023-11-12 12:13:35,697 [INFO] PluginManager:220 - loadIPPluginJar : add ts
2023-11-12 12:13:35,698 [INFO] IPUIPlugin:80 - create IPUIPlugin
2023-11-12 12:13:35,699 [INFO] PluginManager:220 - loadIPPluginJar : add tsc
2023-11-12 12:13:35,700 [INFO] IPUIPlugin:80 - create IPUIPlugin
2023-11-12 12:13:35,700 [INFO] PluginManager:220 - loadIPPluginJar : add ucpd
2023-11-12 12:13:35,702 [INFO] IPUIPlugin:80 - create IPUIPlugin
2023-11-12 12:13:35,702 [INFO] PluginManager:220 - loadIPPluginJar : add usart
2023-11-12 12:13:35,705 [INFO] IPUIPlugin:80 - create IPUIPlugin
2023-11-12 12:13:35,706 [INFO] PluginManager:220 - loadIPPluginJar : add usbx
2023-11-12 12:13:35,841 [INFO] CADModel:165 - CPN selected for project level
2023-11-12 12:13:35,842 [INFO] CADModel:114 - Register for checkConnection events
2023-11-12 12:13:35,842 [FATAL] Updater:308 - Updater called before beeing initialized
2023-11-12 12:13:35,842 [ERROR] CADModel:125 - Updater not yet initialized, retry later 
2023-11-12 12:13:35,986 [INFO] CADModel:165 - CPN selected for project level
2023-11-12 12:13:35,986 [INFO] CADModel:114 - Register for checkConnection events
2023-11-12 12:13:35,987 [FATAL] Updater:308 - Updater called before beeing initialized
2023-11-12 12:13:35,987 [ERROR] CADModel:125 - Updater not yet initialized, retry later 
2023-11-12 12:13:35,990 [FATAL] Updater:308 - Updater called before beeing initialized
2023-11-12 12:13:36,183 [FATAL] Updater:308 - Updater called before beeing initialized
2023-11-12 12:13:36,190 [INFO] DbMcusAds:53 - JSON generation date=Thu Sep 30 02:55:09 EDT 2021 (1632984909247)
2023-11-12 12:13:36,190 [FATAL] Updater:308 - Updater called before beeing initialized
2023-11-12 12:13:36,237 [WARN] DetailPanel:346 - Failed to get advertising image, set to default
2023-11-12 12:13:36,370 [FATAL] Updater:308 - Updater called before beeing initialized
2023-11-12 12:13:36,372 [FATAL] Updater:308 - Updater called before beeing initialized
2023-11-12 12:13:36,372 [FATAL] Updater:308 - Updater called before beeing initialized
2023-11-12 12:13:36,372 [WARN] DetailPanel:346 - Failed to get advertising image, set to default
2023-11-12 12:13:36,373 [FATAL] Updater:308 - Updater called before beeing initialized
2023-11-12 12:13:36,435 [ERROR] Updater:1120 - MainUpdater not yet initialized. External WinMGr cannot be set.
2023-11-12 12:13:36,437 [INFO] Updater:1056 - Updater Version found : 6.9.2
2023-11-12 12:13:36,467 [INFO] ApplicationProperties:184 - Using Application install path: D:\STM32CubeIDE_1.12.1\STM32CubeIDE\plugins\com.st.stm32cube.common.mx_6.9.2.202309101412
2023-11-12 12:13:36,552 [INFO] MainUpdater:521 - Copy updater definitions from MX database
2023-11-12 12:13:36,699 [INFO] MainUpdater:2868 - connection check result : 10
2023-11-12 12:13:36,700 [INFO] MainUpdater:3562 - Updater definition file requires update
2023-11-12 12:13:36,702 [INFO] MainUpdater:285 - Updater Check For Update Now.
2023-11-12 12:13:36,702 [INFO] MicroXplorer:498 - Change Database Version : DB.6.0.92
2023-11-12 12:13:36,712 [INFO] McuFinderGlobals:63 - Set McuFinder mode to 2 (CubeIDE integrated)
2023-11-12 12:13:36,713 [INFO] UserAuth:179 - activating auth plugin
2023-11-12 12:13:36,715 [INFO] UserAuth:393 - Internet connection configuration mode: 1
2023-11-12 12:13:36,736 [INFO] JxBrowserEngine:151 - Initiate JxBrowser Engine with user profile folder
2023-11-12 12:13:36,765 [INFO] ServerAccessManage:473 - Download File updaters.zip
2023-11-12 12:13:36,908 [INFO] FileExtend:240 - Unzip File : updaters.zip
2023-11-12 12:13:36,909 [INFO] FileExtend:255 - Standard Zip Deflate
2023-11-12 12:13:37,753 [INFO] ServerAccessManage:473 - Download File PacksControlFlags.xml
2023-11-12 12:13:37,921 [INFO] ServerAccessManage:473 - Download File cubemx.pidx
2023-11-12 12:13:38,067 [WARN] MainUpdater:1189 - Updater busy. Cannot search thirdparties
2023-11-12 12:13:38,068 [INFO] ThirdPartyUpdaterWithRetryManager:96 - Updater plugin is busy. [1/15]
2023-11-12 12:13:38,522 [INFO] ServerAccessManage:473 - Download File STMicroelectronics.FP-SNS-MOTENVWB1.pdsc
2023-11-12 12:13:40,331 [ERROR] ServerAccessManage:1096 - Problem, Http access forbiden
2023-11-12 12:13:40,332 [ERROR] ServerAccessManage:651 - Problem, Http access forbiden : RoweBots.I-CUBE-UNISONRTOS.pdsc.
2023-11-12 12:13:40,612 [WARN] PackLoader:240 - Cannot read IP mode file for STMicroelectronics.FP-SNS-MOTENVWB1.1.3.0
2023-11-12 12:13:40,616 [INFO] PopulateThirdPartyThread:66 - Ending populate Thread
2023-11-12 12:13:40,618 [INFO] ThirdParty:1030 - CMSIS Pack Vendor :STMicroelectronics FP-SNS-MOTENVWB1 1.3.0
2023-11-12 12:13:40,618 [INFO] LoadServerUpdatesThread:373 - End of LoadServerUpdate Thread
2023-11-12 12:13:40,782 [INFO] CheckServerUpdateThread:120 - End of CheckServer Thread
2023-11-12 12:13:41,517 [WARN] PackLoader:240 - Cannot read IP mode file for STMicroelectronics.X-CUBE-SMBUS.2.1.0
2023-11-12 12:13:41,576 [WARN] PackLoader:240 - Cannot read IP mode file for STMicroelectronics.X-CUBE-AZRTOS-F7.1.1.0
2023-11-12 12:13:41,611 [WARN] PackLoader:240 - Cannot read IP mode file for STMicroelectronics.FP-SNS-MOTENV1.4.3.2
2023-11-12 12:13:41,624 [WARN] PackLoader:240 - Cannot read IP mode file for STMicroelectronics.FP-SNS-FLIGHT1.5.0.2
2023-11-12 12:13:41,645 [WARN] PackLoader:240 - Cannot read IP mode file for STMicroelectronics.X-CUBE-DISPLAY.3.0.0
2023-11-12 12:13:41,670 [WARN] PackLoader:240 - Cannot read IP mode file for STMicroelectronics.X-CUBE-BLE1.7.0.0
2023-11-12 12:13:41,691 [WARN] PackLoader:240 - Cannot read IP mode file for emotas.I-CUBE-CANOPEN.1.3.0
2023-11-12 12:13:41,709 [WARN] PackLoader:240 - Cannot read IP mode file for STMicroelectronics.X-CUBE-TOUCHGFX.4.22.0
2023-11-12 12:13:41,722 [WARN] PackLoader:240 - Cannot read IP mode file for STMicroelectronics.X-CUBE-TOUCHGFX.4.22.1
2023-11-12 12:13:41,738 [WARN] PackLoader:240 - Cannot read IP mode file for STMicroelectronics.FP-SNS-SMARTAG2.1.2.0
2023-11-12 12:13:41,765 [INFO] LogOutputStream:77 - [STDOUT_REDIRECT] 1 : Invalid condition id : UX_CORESTACK_Condition cause : null
2023-11-12 12:13:41,766 [INFO] LogOutputStream:77 - [STDOUT_REDIRECT] 1 : Invalid condition id : UX_CORESTACK_Condition cause : null
2023-11-12 12:13:41,767 [INFO] LogOutputStream:77 - [STDOUT_REDIRECT] 1 : Invalid condition id : UX_CORESTACK_Condition cause : null
2023-11-12 12:13:41,769 [INFO] LogOutputStream:77 - [STDOUT_REDIRECT] 1 : Invalid condition id : UX_CORESTACK_Condition cause : null
2023-11-12 12:13:41,770 [INFO] LogOutputStream:77 - [STDOUT_REDIRECT] 1 : Invalid condition id : UX_CORESTACK_Condition cause : null
2023-11-12 12:13:41,774 [WARN] PackLoader:240 - Cannot read IP mode file for STMicroelectronics.X-CUBE-AZRTOS-WL.2.0.0
2023-11-12 12:13:41,794 [WARN] PackLoader:240 - Cannot read IP mode file for WES.I-CUBE-Cesium.1.3.0
2023-11-12 12:13:41,808 [WARN] PackLoader:240 - Cannot read IP mode file for STMicroelectronics.X-CUBE-BLE2.3.3.0
2023-11-12 12:13:41,823 [WARN] PackLoader:240 - Cannot read IP mode file for STMicroelectronics.X-CUBE-ALGOBUILD.1.3.0
2023-11-12 12:13:41,855 [WARN] PackLoader:240 - Cannot read IP mode file for STMicroelectronics.X-CUBE-AZRTOS-G0.1.1.0
2023-11-12 12:13:41,873 [WARN] PackLoader:240 - Cannot read IP mode file for STMicroelectronics.X-CUBE-NFC4.3.0.0
2023-11-12 12:13:41,894 [WARN] PackLoader:240 - Cannot read IP mode file for STMicroelectronics.X-CUBE-BLEMGR.3.0.0
2023-11-12 12:13:41,903 [WARN] PackLoader:240 - Cannot read IP mode file for STMicroelectronics.FP-ATR-SIGFOX1.3.2.0
2023-11-12 12:13:41,967 [WARN] PackLoader:240 - Cannot read IP mode file for SEGGER.I-CUBE-embOS.1.3.1
2023-11-12 12:13:42,064 [WARN] PackLoader:240 - Cannot read IP mode file for STMicroelectronics.X-CUBE-GNSS1.6.0.0
2023-11-12 12:13:42,121 [WARN] PackLoader:240 - Cannot read IP mode file for STMicroelectronics.X-CUBE-AZRTOS-F4.1.1.0
2023-11-12 12:13:42,150 [WARN] PackLoader:240 - Cannot read IP mode file for wolfSSL.I-CUBE-wolfSSL.5.6.3
2023-11-12 12:13:42,204 [WARN] PackLoader:240 - Cannot read IP mode file for STMicroelectronics.X-CUBE-AZRTOS-L5.2.0.0
2023-11-12 12:13:42,279 [WARN] PackLoader:240 - Cannot read IP mode file for STMicroelectronics.X-CUBE-MEMS1.9.6.0
2023-11-12 12:13:42,543 [WARN] PackLoader:240 - Cannot read IP mode file for STMicroelectronics.X-CUBE-EEPRMA1.4.2.0
2023-11-12 12:13:42,564 [WARN] PackLoader:240 - Cannot read IP mode file for ITTIA_DB.I-CUBE-ITTIADB.8.8.0
2023-11-12 12:13:42,584 [WARN] PackLoader:240 - Cannot read IP mode file for STMicroelectronics.X-CUBE-BLEMGR.2.0.0
2023-11-12 12:13:42,632 [WARN] ConditionMgr:438 - getConditionDescription Invalid condition id : UX DEVICE CLASS RTOS Condition cause : null
2023-11-12 12:13:42,633 [WARN] ConditionMgr:438 - getConditionDescription Invalid condition id : UX DEVICE CLASS RTOS Condition cause : null
2023-11-12 12:13:42,636 [WARN] PackLoader:240 - Cannot read IP mode file for STMicroelectronics.X-CUBE-AZRTOS-H7.3.1.0
2023-11-12 12:13:42,637 [WARN] ConditionMgr:1039 - genDependencies : Invalid condition id : UX DEVICE CLASS RTOS Condition cause : null
2023-11-12 12:13:42,638 [WARN] ConditionMgr:1039 - genDependencies : Invalid condition id : UX DEVICE CLASS RTOS Condition cause : null
2023-11-12 12:13:42,638 [WARN] ConditionMgr:1039 - genDependencies : Invalid condition id : UX DEVICE CLASS RTOS Condition cause : null
2023-11-12 12:13:42,639 [WARN] ConditionMgr:1039 - genDependencies : Invalid condition id : UX DEVICE CLASS RTOS Condition cause : null
2023-11-12 12:13:42,639 [WARN] ConditionMgr:1039 - genDependencies : Invalid condition id : UX DEVICE CLASS RTOS Condition cause : null
2023-11-12 12:13:42,656 [WARN] PackLoader:240 - Cannot read IP mode file for STMicroelectronics.X-CUBE-NFC7.1.0.1
2023-11-12 12:13:42,674 [WARN] PackLoader:240 - Cannot read IP mode file for STMicroelectronics.X-CUBE-NFC6.3.0.0
2023-11-12 12:13:42,692 [WARN] PackLoader:240 - Cannot read IP mode file for STMicroelectronics.X-CUBE-EEPRMA1.4.1.0
2023-11-12 12:13:42,711 [WARN] PackLoader:240 - Cannot read IP mode file for STMicroelectronics.X-CUBE-AI.8.1.0
2023-11-12 12:13:42,749 [WARN] ConditionMgr:438 - getConditionDescription Invalid condition id : LAN8742 Phy interface Condition cause : null
2023-11-12 12:13:42,750 [WARN] PackLoader:240 - Cannot read IP mode file for STMicroelectronics.X-CUBE-AZRTOS-L4.2.0.0
2023-11-12 12:13:42,751 [WARN] ConditionMgr:1039 - genDependencies : Invalid condition id : LAN8742 Phy interface Condition cause : null
2023-11-12 12:13:42,751 [WARN] ConditionMgr:1039 - genDependencies : Invalid condition id : LAN8742 Phy interface Condition cause : null
2023-11-12 12:13:42,752 [WARN] ConditionMgr:1039 - genDependencies : Invalid condition id : LAN8742 Phy interface Condition cause : null
2023-11-12 12:13:42,772 [WARN] PackLoader:240 - Cannot read IP mode file for STMicroelectronics.X-CUBE-SFXS2LP1.4.0.0
2023-11-12 12:13:42,791 [WARN] PackLoader:240 - Cannot read IP mode file for STMicroelectronics.X-CUBE-ISPU.1.1.0
2023-11-12 12:13:42,832 [WARN] ConditionMgr:438 - getConditionDescription Invalid condition id : UX DEVICE CLASS RTOS Condition cause : null
2023-11-12 12:13:42,832 [WARN] ConditionMgr:438 - getConditionDescription Invalid condition id : UX DEVICE CLASS RTOS Condition cause : null
2023-11-12 12:13:42,836 [WARN] PackLoader:240 - Cannot read IP mode file for STMicroelectronics.X-CUBE-AZRTOS-WB.2.0.0
2023-11-12 12:13:42,837 [WARN] ConditionMgr:1039 - genDependencies : Invalid condition id : UX DEVICE CLASS RTOS Condition cause : null
2023-11-12 12:13:42,837 [WARN] ConditionMgr:1039 - genDependencies : Invalid condition id : UX DEVICE CLASS RTOS Condition cause : null
2023-11-12 12:13:42,838 [WARN] ConditionMgr:1039 - genDependencies : Invalid condition id : UX DEVICE CLASS RTOS Condition cause : null
2023-11-12 12:13:42,838 [WARN] ConditionMgr:1039 - genDependencies : Invalid condition id : UX DEVICE CLASS RTOS Condition cause : null
2023-11-12 12:13:42,838 [WARN] ConditionMgr:1039 - genDependencies : Invalid condition id : UX DEVICE CLASS RTOS Condition cause : null
2023-11-12 12:13:42,867 [WARN] PackLoader:240 - Cannot read IP mode file for STMicroelectronics.X-CUBE-SUBG2.5.0.0
2023-11-12 12:13:42,901 [WARN] PackLoader:240 - Cannot read IP mode file for STMicroelectronics.X-CUBE-TOF1.3.3.1
2023-11-12 12:13:42,954 [WARN] PackLoader:240 - Cannot read IP mode file for STMicroelectronics.X-CUBE-AZRTOS-G4.2.0.0
2023-11-12 12:13:42,989 [WARN] PackLoader:240 - Cannot read IP mode file for Infineon.AIROC-Wi-Fi-Bluetooth-STM32.1.5.1
2023-11-12 12:13:43,000 [WARN] PackLoader:240 - Cannot read IP mode file for STMicroelectronics.FP-SNS-MOTENVWB1.1.3.0
2023-11-12 12:13:43,068 [WARN] PackLoader:240 - Cannot read IP mode file for STMicroelectronics.X-CUBE-MEMS1.10.0.0
2023-11-12 12:13:43,227 [WARN] PackLoader:240 - Cannot read IP mode file for STMicroelectronics.X-CUBE-FREERTOS.1.1.0
2023-11-12 12:13:43,247 [WARN] PackLoader:240 - Cannot read IP mode file for portGmbH.I-Cube-SoM-uGOAL.1.1.0
2023-11-12 12:13:43,269 [WARN] PackLoader:240 - Cannot read IP mode file for STMicroelectronics.X-CUBE-ALS.1.0.1
2023-11-12 12:13:43,288 [WARN] PackLoader:240 - Cannot read IP mode file for STMicroelectronics.FP-ATR-ASTRA1.2.0.0
2023-11-12 12:13:43,289 [INFO] ThirdParty:978 - Integrity check success = true
2023-11-12 12:13:43,290 [INFO] IntegrityCheckThread:100 - exiting critical section [integrity check]
2023-11-12 12:13:43,290 [INFO] IntegrityCheckThread:103 - End integrity checks thread
2023-11-12 12:13:45,170 [INFO] WebApp:157 - Instantiating new browser for Auth
2023-11-12 12:13:45,802 [INFO] WebApp:753 - Register for checkConnection events
2023-11-12 12:13:45,802 [INFO] WebApp:390 - Apply proxy settings
2023-11-12 12:13:45,802 [INFO] WebApp:475 - Chromium requires no authentication
2023-11-12 12:13:45,809 [INFO] WebApp:418 - Direct internet connection detected
2023-11-12 12:13:46,018 [INFO] WebApp:188 - Starting web application
2023-11-12 12:13:46,018 [INFO] WebApp:520 - Web application path used D:\STM32CubeIDE_1.12.1\STM32CubeIDE\plugins\com.st.stm32cube.common.mx_6.9.2.202309101412\db\plugins\mcufinder\reactClient1\index.html
2023-11-12 12:14:06,646 [ERROR] LogOutputStream:75 - [STDERR_REDIRECT] SLF4J: Failed to load class "org.slf4j.impl.StaticLoggerBinder".
2023-11-12 12:14:06,647 [ERROR] LogOutputStream:75 - [STDERR_REDIRECT] SLF4J: Defaulting to no-operation (NOP) logger implementation
2023-11-12 12:14:06,649 [ERROR] LogOutputStream:75 - [STDERR_REDIRECT] SLF4J: See http://www.slf4j.org/codes.html#StaticLoggerBinder for further details.
2023-11-12 14:10:21,955 [ERROR] LogOutputStream:75 - [STDERR_REDIRECT] 
