2023-10-08 10:40:57,216 [INFO] Activator:176 - 


2023-10-08 10:40:57,220 [INFO] Activator:177 - !SESSION log4j initialized
2023-10-08 10:41:03,648 [INFO] LogOutputStream:77 - [STDOUT_REDIRECT] 
2023-10-08 10:41:13,135 [INFO] ApplicationProperties:184 - Using Application install path: D:\STM32CubeIDE_1.12.1\STM32CubeIDE\plugins\com.st.stm32cube.common.mx_6.8.1.202304191431
2023-10-08 10:41:13,155 [INFO] DbMcusXml:78 - Set database path to: D:\STM32CubeIDE_1.12.1\STM32CubeIDE\plugins\com.st.stm32cube.common.mx_6.8.1.202304191431\\db\/mcu/
2023-10-08 10:41:13,156 [INFO] ApiDb:274 - Set plugin database path to: D:\STM32CubeIDE_1.12.1\STM32CubeIDE\plugins\com.st.stm32cube.common.mx_6.8.1.202304191431\\db\/plugins/boardmanager/
2023-10-08 10:41:13,206 [WARN] ApiDb:259 - Overriding images path with different value:  => D:\STM32CubeIDE_1.12.1\STM32CubeIDE\plugins\com.st.stm32cube.common.mx_6.8.1.202304191431\\db\/plugins/mcufinder/images/
2023-10-08 10:41:13,223 [INFO] ApiDb:250 - Set database path to: C:\Users\alan1\.stmcufinder\plugins\mcufinder//mcu/
2023-10-08 10:41:13,227 [INFO] DbMcusAds:125 - Set database path to: C:\Users\alan1\.stmcufinder\plugins\mcufinder//mcu/
2023-10-08 10:41:13,231 [INFO] CrossReferenceDbSqlite:203 - Set database path to: C:\Users\alan1\.stmcufinder\plugins\mcufinder//mcu/cs/
2023-10-08 10:41:13,393 [INFO] RulesReader:64 - Compatibility file has been processed (293 Rules)
2023-10-08 10:41:13,574 [INFO] DbMcusXml:78 - Set database path to: D:\STM32CubeIDE_1.12.1\STM32CubeIDE\plugins\com.st.stm32cube.common.mx_6.8.1.202304191431\\db\/mcu/
2023-10-08 10:41:13,574 [INFO] ApiDb:274 - Set plugin database path to: D:\STM32CubeIDE_1.12.1\STM32CubeIDE\plugins\com.st.stm32cube.common.mx_6.8.1.202304191431\\db\/plugins/boardmanager/
2023-10-08 10:41:13,575 [INFO] ApiDb:261 - Set plugin images path to: D:\STM32CubeIDE_1.12.1\STM32CubeIDE\plugins\com.st.stm32cube.common.mx_6.8.1.202304191431\\db\/plugins/mcufinder/images/
2023-10-08 10:41:13,575 [WARN] DbFile:41 - Overriding database path with different value: C:\Users\alan1\.stmcufinder\plugins\mcufinder/ => C:\Users\alan1\.stmcufinder\plugins\mcufinder
2023-10-08 10:41:13,575 [INFO] ApiDb:250 - Set database path to: C:\Users\alan1\.stmcufinder\plugins\mcufinder//mcu/
2023-10-08 10:41:13,575 [WARN] DbFile:41 - Overriding database path with different value: C:\Users\alan1\.stmcufinder\plugins\mcufinder/ => C:\Users\alan1\.stmcufinder\plugins\mcufinder
2023-10-08 10:41:13,576 [INFO] DbMcusAds:125 - Set database path to: C:\Users\alan1\.stmcufinder\plugins\mcufinder//mcu/
2023-10-08 10:41:13,576 [WARN] DbFile:41 - Overriding database path with different value: C:\Users\alan1\.stmcufinder\plugins\mcufinder/ => C:\Users\alan1\.stmcufinder\plugins\mcufinder
2023-10-08 10:41:13,576 [WARN] DbFile:41 - Overriding database path with different value: C:\Users\alan1\.stmcufinder\plugins\mcufinder/ => C:\Users\alan1\.stmcufinder\plugins\mcufinder
2023-10-08 10:41:13,576 [INFO] CrossReferenceDbSqlite:203 - Set database path to: C:\Users\alan1\.stmcufinder\plugins\mcufinder//mcu/cs/
2023-10-08 10:41:13,688 [INFO] MainPanel:253 - HeapMemory: 268435456
2023-10-08 10:41:13,818 [INFO] DbMcusXml:78 - Set database path to: D:\STM32CubeIDE_1.12.1\STM32CubeIDE\plugins\com.st.stm32cube.common.mx_6.8.1.202304191431\\db\/mcu/
2023-10-08 10:41:13,819 [INFO] ApiDb:274 - Set plugin database path to: D:\STM32CubeIDE_1.12.1\STM32CubeIDE\plugins\com.st.stm32cube.common.mx_6.8.1.202304191431\\db\/plugins/boardmanager/
2023-10-08 10:41:13,819 [INFO] ApiDb:261 - Set plugin images path to: D:\STM32CubeIDE_1.12.1\STM32CubeIDE\plugins\com.st.stm32cube.common.mx_6.8.1.202304191431\\db\/plugins/mcufinder/images/
2023-10-08 10:41:13,820 [WARN] DbFile:41 - Overriding database path with different value: C:\Users\alan1\.stmcufinder\plugins\mcufinder/ => C:\Users\alan1\.stmcufinder\plugins\mcufinder
2023-10-08 10:41:13,820 [INFO] ApiDb:250 - Set database path to: C:\Users\alan1\.stmcufinder\plugins\mcufinder//mcu/
2023-10-08 10:41:13,820 [WARN] DbFile:41 - Overriding database path with different value: C:\Users\alan1\.stmcufinder\plugins\mcufinder/ => C:\Users\alan1\.stmcufinder\plugins\mcufinder
2023-10-08 10:41:13,820 [INFO] DbMcusAds:125 - Set database path to: C:\Users\alan1\.stmcufinder\plugins\mcufinder//mcu/
2023-10-08 10:41:13,820 [WARN] DbFile:41 - Overriding database path with different value: C:\Users\alan1\.stmcufinder\plugins\mcufinder/ => C:\Users\alan1\.stmcufinder\plugins\mcufinder
2023-10-08 10:41:13,821 [WARN] DbFile:41 - Overriding database path with different value: C:\Users\alan1\.stmcufinder\plugins\mcufinder/ => C:\Users\alan1\.stmcufinder\plugins\mcufinder
2023-10-08 10:41:13,821 [INFO] CrossReferenceDbSqlite:203 - Set database path to: C:\Users\alan1\.stmcufinder\plugins\mcufinder//mcu/cs/
2023-10-08 10:41:13,851 [INFO] ApplicationProperties:184 - Using Application install path: D:\STM32CubeIDE_1.12.1\STM32CubeIDE\plugins\com.st.stm32cube.common.mx_6.8.1.202304191431
2023-10-08 10:41:13,853 [INFO] PluginManage:196 - Search for loadable plugins [exclusion list=, ]
2023-10-08 10:41:13,855 [INFO] PluginManage:310 - Check plugin analytics
2023-10-08 10:41:14,095 [INFO] AnalyticsPlugin:253 - Accepted Software Licenses: 
2023-10-08 10:41:14,096 [INFO] AnalyticsPlugin:255 - Accepted CMSIS Pack Licenses: 
2023-10-08 10:41:14,096 [INFO] AnalyticsPlugin:257 - Accepted Firmware Licenses: FW.F4.1.27.0
2023-10-08 10:41:14,122 [INFO] PluginManage:359 - Loaded plugin analytics (category:tool,tabindex:-1)
2023-10-08 10:41:14,123 [INFO] PluginManage:310 - Check plugin cadmodel
2023-10-08 10:41:14,129 [INFO] CADModel:105 - Init CAD model plugin
2023-10-08 10:41:14,129 [INFO] PluginManage:359 - Loaded plugin cadmodel (category:power,tabindex:5)
2023-10-08 10:41:14,130 [INFO] PluginManage:310 - Check plugin clock
2023-10-08 10:41:14,146 [INFO] PluginManage:359 - Loaded plugin clock (category:base,tabindex:2)
2023-10-08 10:41:14,146 [INFO] PluginManage:310 - Check plugin ddr
2023-10-08 10:41:14,151 [INFO] PluginManage:359 - Loaded plugin ddr (category:tool,tabindex:6)
2023-10-08 10:41:14,151 [INFO] PluginManage:310 - Check plugin filemanager
2023-10-08 10:41:14,317 [INFO] PluginManage:359 - Loaded plugin filemanager (category:base,tabindex:10)
2023-10-08 10:41:14,317 [INFO] PluginManage:310 - Check plugin ipmanager
2023-10-08 10:41:14,335 [INFO] PluginManage:359 - Loaded plugin ipmanager (category:base,tabindex:5)
2023-10-08 10:41:14,335 [INFO] PluginManage:310 - Check plugin lpbam
2023-10-08 10:41:14,345 [INFO] PluginManage:359 - Loaded plugin lpbam (category:base,tabindex:0)
2023-10-08 10:41:14,345 [INFO] PluginManage:310 - Check plugin pinoutandconfiguration
2023-10-08 10:41:14,354 [INFO] PluginManage:359 - Loaded plugin pinoutandconfiguration (category:base,tabindex:1)
2023-10-08 10:41:14,354 [INFO] PluginManage:310 - Check plugin pinoutconfig
2023-10-08 10:41:14,425 [WARN] SupportedApi:132 - Cannot load RTOS API schema: s4s-elt-must-match.1: The content of 'definitions' must match (annotation?, (simpleType | complexType)?, (unique | key | keyref)*)). A problem was found starting at: attribute.
2023-10-08 10:41:14,596 [INFO] PluginManage:359 - Loaded plugin pinoutconfig (category:base,tabindex:0)
2023-10-08 10:41:14,597 [INFO] PluginManage:310 - Check plugin power
2023-10-08 10:41:14,613 [INFO] PluginManage:359 - Loaded plugin power (category:power,tabindex:4)
2023-10-08 10:41:14,613 [INFO] PluginManage:310 - Check plugin projectmanager
2023-10-08 10:41:14,637 [INFO] PluginManage:359 - Loaded plugin projectmanager (category:projectmanager,tabindex:3)
2023-10-08 10:41:14,637 [INFO] PluginManage:310 - Check plugin thirdparty
2023-10-08 10:41:14,781 [INFO] PluginManage:359 - Loaded plugin thirdparty (category:base,tabindex:-1)
2023-10-08 10:41:14,781 [WARN] IntegrityCheckThread:84 - waiting for thirdparty lock release [integrity check]
2023-10-08 10:41:14,781 [INFO] PluginManage:310 - Check plugin tools
2023-10-08 10:41:14,781 [INFO] IntegrityCheckThread:86 - entering critical section [integrity check]
2023-10-08 10:41:14,784 [INFO] ThirdPartyUpdaterWithRetryManager:70 - Updater plugin not ready yet. [1/15]
2023-10-08 10:41:14,784 [INFO] PluginManage:359 - Loaded plugin tools (category:base,tabindex:7)
2023-10-08 10:41:14,785 [INFO] PluginManage:310 - Check plugin tutovideos
2023-10-08 10:41:15,039 [INFO] PluginManage:359 - Loaded plugin tutovideos (category:base,tabindex:-1)
2023-10-08 10:41:15,039 [INFO] PluginManage:310 - Check plugin updater
2023-10-08 10:41:15,065 [INFO] PluginManage:359 - Loaded plugin updater (category:base,tabindex:12)
2023-10-08 10:41:15,066 [INFO] PluginManage:283 - PluginManage : Loaded plugins [15]
2023-10-08 10:41:15,434 [INFO] PinOutPanel:1499 - setPackage(No Configuration,No Configuration)
2023-10-08 10:41:15,533 [INFO] CADModel:165 - CPN selected for project level
2023-10-08 10:41:15,533 [INFO] CADModel:114 - Register for checkConnection events
2023-10-08 10:41:15,549 [INFO] IPUIPlugin:80 - create IPUIPlugin
2023-10-08 10:41:15,550 [INFO] PluginManager:220 - loadIPPluginJar : add adc
2023-10-08 10:41:15,552 [INFO] IPUIPlugin:80 - create IPUIPlugin
2023-10-08 10:41:15,552 [INFO] PluginManager:220 - loadIPPluginJar : add aes
2023-10-08 10:41:15,554 [INFO] IPUIPlugin:80 - create IPUIPlugin
2023-10-08 10:41:15,555 [INFO] PluginManager:220 - loadIPPluginJar : add can
2023-10-08 10:41:15,556 [INFO] IPUIPlugin:80 - create IPUIPlugin
2023-10-08 10:41:15,556 [INFO] PluginManager:220 - loadIPPluginJar : add comp
2023-10-08 10:41:15,559 [INFO] IPUIPlugin:80 - create IPUIPlugin
2023-10-08 10:41:15,559 [INFO] PluginManager:220 - loadIPPluginJar : add cryp
2023-10-08 10:41:15,561 [INFO] IPUIPlugin:80 - create IPUIPlugin
2023-10-08 10:41:15,561 [INFO] PluginManager:220 - loadIPPluginJar : add dfsdm
2023-10-08 10:41:15,567 [INFO] IPUIPlugin:80 - create IPUIPlugin
2023-10-08 10:41:15,568 [INFO] PluginManager:220 - loadIPPluginJar : add dma
2023-10-08 10:41:15,570 [INFO] IPUIPlugin:80 - create IPUIPlugin
2023-10-08 10:41:15,570 [INFO] PluginManager:220 - loadIPPluginJar : add dma3
2023-10-08 10:41:15,572 [INFO] IPUIPlugin:80 - create IPUIPlugin
2023-10-08 10:41:15,572 [INFO] PluginManager:220 - loadIPPluginJar : add fatfs
2023-10-08 10:41:15,576 [INFO] IPUIPlugin:80 - create IPUIPlugin
2023-10-08 10:41:15,576 [INFO] PluginManager:220 - loadIPPluginJar : add fmc
2023-10-08 10:41:15,581 [INFO] IPUIPlugin:80 - create IPUIPlugin
2023-10-08 10:41:15,581 [INFO] PluginManager:220 - loadIPPluginJar : add freertos
2023-10-08 10:41:15,583 [INFO] IPUIPlugin:80 - create IPUIPlugin
2023-10-08 10:41:15,583 [INFO] PluginManager:220 - loadIPPluginJar : add genericplugin
2023-10-08 10:41:15,585 [INFO] IPUIPlugin:80 - create IPUIPlugin
2023-10-08 10:41:15,585 [INFO] PluginManager:220 - loadIPPluginJar : add gfxmmu
2023-10-08 10:41:15,591 [INFO] IPUIPlugin:80 - create IPUIPlugin
2023-10-08 10:41:15,591 [INFO] PluginManager:220 - loadIPPluginJar : add gic
2023-10-08 10:41:15,597 [INFO] IPUIPlugin:80 - create IPUIPlugin
2023-10-08 10:41:15,597 [INFO] PluginManager:220 - loadIPPluginJar : add gpio
2023-10-08 10:41:15,602 [INFO] IPUIPlugin:80 - create IPUIPlugin
2023-10-08 10:41:15,603 [INFO] PluginManager:220 - loadIPPluginJar : add gtzc
2023-10-08 10:41:15,606 [INFO] IPUIPlugin:80 - create IPUIPlugin
2023-10-08 10:41:15,606 [INFO] PluginManager:220 - loadIPPluginJar : add hash
2023-10-08 10:41:15,609 [INFO] IPUIPlugin:80 - create IPUIPlugin
2023-10-08 10:41:15,609 [INFO] PluginManager:220 - loadIPPluginJar : add i2c
2023-10-08 10:41:15,613 [INFO] IPUIPlugin:80 - create IPUIPlugin
2023-10-08 10:41:15,613 [INFO] PluginManager:220 - loadIPPluginJar : add i2s
2023-10-08 10:41:15,616 [INFO] IPUIPlugin:80 - create IPUIPlugin
2023-10-08 10:41:15,616 [INFO] PluginManager:220 - loadIPPluginJar : add i3c
2023-10-08 10:41:15,619 [INFO] IPUIPlugin:80 - create IPUIPlugin
2023-10-08 10:41:15,619 [INFO] PluginManager:220 - loadIPPluginJar : add ipddr
2023-10-08 10:41:15,627 [INFO] IPUIPlugin:80 - create IPUIPlugin
2023-10-08 10:41:15,628 [INFO] PluginManager:220 - loadIPPluginJar : add linkedlist
2023-10-08 10:41:15,631 [INFO] IPUIPlugin:80 - create IPUIPlugin
2023-10-08 10:41:15,631 [INFO] PluginManager:220 - loadIPPluginJar : add lorawan
2023-10-08 10:41:15,632 [INFO] IPUIPlugin:80 - create IPUIPlugin
2023-10-08 10:41:15,632 [INFO] PluginManager:220 - loadIPPluginJar : add ltdc
2023-10-08 10:41:15,638 [INFO] IPUIPlugin:80 - create IPUIPlugin
2023-10-08 10:41:15,638 [INFO] PluginManager:220 - loadIPPluginJar : add mdma
2023-10-08 10:41:15,641 [INFO] IPUIPlugin:80 - create IPUIPlugin
2023-10-08 10:41:15,642 [INFO] PluginManager:220 - loadIPPluginJar : add nvic
2023-10-08 10:41:15,644 [INFO] IPUIPlugin:80 - create IPUIPlugin
2023-10-08 10:41:15,644 [INFO] PluginManager:220 - loadIPPluginJar : add opamp
2023-10-08 10:41:15,647 [INFO] IPUIPlugin:80 - create IPUIPlugin
2023-10-08 10:41:15,648 [INFO] PluginManager:220 - loadIPPluginJar : add openamp
2023-10-08 10:41:15,651 [INFO] IPUIPlugin:80 - create IPUIPlugin
2023-10-08 10:41:15,651 [INFO] PluginManager:220 - loadIPPluginJar : add pdm2pcm
2023-10-08 10:41:15,659 [INFO] IPUIPlugin:80 - create IPUIPlugin
2023-10-08 10:41:15,663 [INFO] PluginManager:220 - loadIPPluginJar : add plateformsettings
2023-10-08 10:41:15,664 [INFO] IPUIPlugin:80 - create IPUIPlugin
2023-10-08 10:41:15,664 [INFO] PluginManager:220 - loadIPPluginJar : add quadspi
2023-10-08 10:41:15,668 [INFO] IPUIPlugin:80 - create IPUIPlugin
2023-10-08 10:41:15,668 [INFO] PluginManager:220 - loadIPPluginJar : add resmgrutility
2023-10-08 10:41:15,671 [INFO] IPUIPlugin:80 - create IPUIPlugin
2023-10-08 10:41:15,672 [INFO] PluginManager:220 - loadIPPluginJar : add sai
2023-10-08 10:41:15,674 [INFO] IPUIPlugin:80 - create IPUIPlugin
2023-10-08 10:41:15,674 [INFO] PluginManager:220 - loadIPPluginJar : add spi
2023-10-08 10:41:15,684 [INFO] IPUIPlugin:80 - create IPUIPlugin
2023-10-08 10:41:15,684 [INFO] PluginManager:220 - loadIPPluginJar : add stm32_wpan
2023-10-08 10:41:15,687 [INFO] IPUIPlugin:80 - create IPUIPlugin
2023-10-08 10:41:15,688 [INFO] PluginManager:220 - loadIPPluginJar : add tim
2023-10-08 10:41:15,694 [INFO] IPUIPlugin:80 - create IPUIPlugin
2023-10-08 10:41:15,694 [INFO] PluginManager:220 - loadIPPluginJar : add touchsensing
2023-10-08 10:41:15,697 [INFO] IPUIPlugin:80 - create IPUIPlugin
2023-10-08 10:41:15,697 [INFO] PluginManager:220 - loadIPPluginJar : add tracer_emb
2023-10-08 10:41:15,700 [INFO] IPUIPlugin:80 - create IPUIPlugin
2023-10-08 10:41:15,701 [INFO] PluginManager:220 - loadIPPluginJar : add ts
2023-10-08 10:41:15,704 [INFO] IPUIPlugin:80 - create IPUIPlugin
2023-10-08 10:41:15,704 [INFO] PluginManager:220 - loadIPPluginJar : add tsc
2023-10-08 10:41:15,707 [INFO] IPUIPlugin:80 - create IPUIPlugin
2023-10-08 10:41:15,707 [INFO] PluginManager:220 - loadIPPluginJar : add ucpd
2023-10-08 10:41:15,712 [INFO] IPUIPlugin:80 - create IPUIPlugin
2023-10-08 10:41:15,712 [INFO] PluginManager:220 - loadIPPluginJar : add usart
2023-10-08 10:41:15,717 [INFO] IPUIPlugin:80 - create IPUIPlugin
2023-10-08 10:41:15,717 [INFO] PluginManager:220 - loadIPPluginJar : add usbx
2023-10-08 10:41:15,880 [INFO] CADModel:165 - CPN selected for project level
2023-10-08 10:41:15,880 [INFO] CADModel:114 - Register for checkConnection events
2023-10-08 10:41:15,880 [FATAL] Updater:308 - Updater called before beeing initialized
2023-10-08 10:41:15,881 [ERROR] CADModel:125 - Updater not yet initialized, retry later 
2023-10-08 10:41:16,035 [INFO] CADModel:165 - CPN selected for project level
2023-10-08 10:41:16,035 [INFO] CADModel:114 - Register for checkConnection events
2023-10-08 10:41:16,035 [FATAL] Updater:308 - Updater called before beeing initialized
2023-10-08 10:41:16,035 [ERROR] CADModel:125 - Updater not yet initialized, retry later 
2023-10-08 10:41:16,040 [FATAL] Updater:308 - Updater called before beeing initialized
2023-10-08 10:41:16,284 [FATAL] Updater:308 - Updater called before beeing initialized
2023-10-08 10:41:16,292 [INFO] DbMcusAds:53 - JSON generation date=Thu Sep 30 02:55:09 EDT 2021 (1632984909247)
2023-10-08 10:41:16,292 [FATAL] Updater:308 - Updater called before beeing initialized
2023-10-08 10:41:16,337 [WARN] DetailPanel:346 - Failed to get advertising image, set to default
2023-10-08 10:41:16,494 [FATAL] Updater:308 - Updater called before beeing initialized
2023-10-08 10:41:16,496 [FATAL] Updater:308 - Updater called before beeing initialized
2023-10-08 10:41:16,496 [FATAL] Updater:308 - Updater called before beeing initialized
2023-10-08 10:41:16,496 [WARN] DetailPanel:346 - Failed to get advertising image, set to default
2023-10-08 10:41:16,497 [FATAL] Updater:308 - Updater called before beeing initialized
2023-10-08 10:41:16,560 [ERROR] Updater:1120 - MainUpdater not yet initialized. External WinMGr cannot be set.
2023-10-08 10:41:16,562 [INFO] Updater:1056 - Updater Version found : 6.8.1
2023-10-08 10:41:16,578 [INFO] ApplicationProperties:184 - Using Application install path: D:\STM32CubeIDE_1.12.1\STM32CubeIDE\plugins\com.st.stm32cube.common.mx_6.8.1.202304191431
2023-10-08 10:41:16,717 [INFO] MainUpdater:2854 - connection check result : 10
2023-10-08 10:41:16,718 [INFO] MainUpdater:283 - Updater Check For Update Now.
2023-10-08 10:41:16,718 [INFO] MicroXplorer:498 - Change Database Version : DB.6.0.81
2023-10-08 10:41:16,908 [INFO] CheckServerUpdateThread:120 - End of CheckServer Thread
2023-10-08 10:41:16,934 [INFO] MainUpdater:2854 - connection check result : 10
2023-10-08 10:41:16,935 [INFO] MainUpdater:2854 - connection check result : 10
2023-10-08 10:41:16,975 [INFO] MicroXplorer:468 - Change Database Path : 
2023-10-08 10:41:16,976 [INFO] MicroXplorer:498 - Change Database Version : DB.6.0.81
2023-10-08 10:41:16,977 [WARN] ThirdParty:871 - waiting for thirdparty lock release [close project]
2023-10-08 10:41:18,031 [WARN] PackLoader:240 - Cannot read IP mode file for STMicroelectronics.X-CUBE-SMBUS.2.1.0
2023-10-08 10:41:18,058 [WARN] PackLoader:240 - Cannot read IP mode file for STMicroelectronics.X-CUBE-AZRTOS-F7.1.1.0
2023-10-08 10:41:18,069 [WARN] PackLoader:240 - Cannot read IP mode file for STMicroelectronics.FP-SNS-MOTENV1.4.3.2
2023-10-08 10:41:18,077 [WARN] PackLoader:240 - Cannot read IP mode file for STMicroelectronics.FP-SNS-FLIGHT1.5.0.2
2023-10-08 10:41:18,085 [WARN] PackLoader:240 - Cannot read IP mode file for STMicroelectronics.X-CUBE-DISPLAY.3.0.0
2023-10-08 10:41:18,099 [WARN] PackLoader:240 - Cannot read IP mode file for STMicroelectronics.X-CUBE-BLE1.7.0.0
2023-10-08 10:41:18,106 [WARN] PackLoader:240 - Cannot read IP mode file for emotas.I-CUBE-CANOPEN.1.3.0
2023-10-08 10:41:18,112 [WARN] PackLoader:240 - Cannot read IP mode file for STMicroelectronics.X-CUBE-TOUCHGFX.4.22.0
2023-10-08 10:41:18,114 [WARN] PackLoader:240 - Cannot read IP mode file for STMicroelectronics.X-CUBE-TOUCHGFX.4.22.1
2023-10-08 10:41:18,119 [WARN] PackLoader:240 - Cannot read IP mode file for STMicroelectronics.FP-SNS-SMARTAG2.1.2.0
2023-10-08 10:41:18,134 [INFO] LogOutputStream:77 - [STDOUT_REDIRECT] 1 : Invalid condition id : UX_CORESTACK_Condition cause : null
2023-10-08 10:41:18,134 [INFO] LogOutputStream:77 - [STDOUT_REDIRECT] 1 : Invalid condition id : UX_CORESTACK_Condition cause : null
2023-10-08 10:41:18,136 [INFO] LogOutputStream:77 - [STDOUT_REDIRECT] 1 : Invalid condition id : UX_CORESTACK_Condition cause : null
2023-10-08 10:41:18,137 [INFO] LogOutputStream:77 - [STDOUT_REDIRECT] 1 : Invalid condition id : UX_CORESTACK_Condition cause : null
2023-10-08 10:41:18,138 [INFO] LogOutputStream:77 - [STDOUT_REDIRECT] 1 : Invalid condition id : UX_CORESTACK_Condition cause : null
2023-10-08 10:41:18,142 [WARN] PackLoader:240 - Cannot read IP mode file for STMicroelectronics.X-CUBE-AZRTOS-WL.2.0.0
2023-10-08 10:41:18,152 [WARN] PackLoader:240 - Cannot read IP mode file for WES.I-CUBE-Cesium.1.3.0
2023-10-08 10:41:18,157 [WARN] PackLoader:240 - Cannot read IP mode file for STMicroelectronics.X-CUBE-BLE2.3.3.0
2023-10-08 10:41:18,164 [WARN] PackLoader:240 - Cannot read IP mode file for STMicroelectronics.X-CUBE-ALGOBUILD.1.3.0
2023-10-08 10:41:18,178 [WARN] PackLoader:240 - Cannot read IP mode file for STMicroelectronics.X-CUBE-AZRTOS-G0.1.1.0
2023-10-08 10:41:18,186 [WARN] PackLoader:240 - Cannot read IP mode file for STMicroelectronics.X-CUBE-NFC4.3.0.0
2023-10-08 10:41:18,192 [WARN] PackLoader:240 - Cannot read IP mode file for STMicroelectronics.FP-ATR-SIGFOX1.3.2.0
2023-10-08 10:41:18,242 [WARN] PackLoader:240 - Cannot read IP mode file for SEGGER.I-CUBE-embOS.1.3.1
2023-10-08 10:41:18,287 [WARN] PackLoader:240 - Cannot read IP mode file for STMicroelectronics.X-CUBE-GNSS1.6.0.0
2023-10-08 10:41:18,304 [WARN] PackLoader:240 - Cannot read IP mode file for STMicroelectronics.X-CUBE-AZRTOS-F4.1.1.0
2023-10-08 10:41:18,312 [WARN] PackLoader:240 - Cannot read IP mode file for wolfSSL.I-CUBE-wolfSSL.5.6.3
2023-10-08 10:41:18,328 [WARN] PackLoader:240 - Cannot read IP mode file for STMicroelectronics.X-CUBE-AZRTOS-L5.2.0.0
2023-10-08 10:41:18,369 [WARN] PackLoader:240 - Cannot read IP mode file for STMicroelectronics.X-CUBE-MEMS1.9.6.0
2023-10-08 10:41:18,609 [WARN] PackLoader:240 - Cannot read IP mode file for ITTIA_DB.I-CUBE-ITTIADB.8.8.0
2023-10-08 10:41:18,652 [WARN] PackLoader:240 - Cannot read IP mode file for STMicroelectronics.X-CUBE-BLEMGR.2.0.0
2023-10-08 10:41:18,669 [WARN] ConditionMgr:438 - getConditionDescription Invalid condition id : UX DEVICE CLASS RTOS Condition cause : null
2023-10-08 10:41:18,669 [WARN] ConditionMgr:438 - getConditionDescription Invalid condition id : UX DEVICE CLASS RTOS Condition cause : null
2023-10-08 10:41:18,673 [WARN] PackLoader:240 - Cannot read IP mode file for STMicroelectronics.X-CUBE-AZRTOS-H7.3.1.0
2023-10-08 10:41:18,674 [WARN] ConditionMgr:1039 - genDependencies : Invalid condition id : UX DEVICE CLASS RTOS Condition cause : null
2023-10-08 10:41:18,674 [WARN] ConditionMgr:1039 - genDependencies : Invalid condition id : UX DEVICE CLASS RTOS Condition cause : null
2023-10-08 10:41:18,674 [WARN] ConditionMgr:1039 - genDependencies : Invalid condition id : UX DEVICE CLASS RTOS Condition cause : null
2023-10-08 10:41:18,675 [WARN] ConditionMgr:1039 - genDependencies : Invalid condition id : UX DEVICE CLASS RTOS Condition cause : null
2023-10-08 10:41:18,675 [WARN] ConditionMgr:1039 - genDependencies : Invalid condition id : UX DEVICE CLASS RTOS Condition cause : null
2023-10-08 10:41:18,682 [WARN] PackLoader:240 - Cannot read IP mode file for STMicroelectronics.X-CUBE-NFC7.1.0.1
2023-10-08 10:41:18,691 [WARN] PackLoader:240 - Cannot read IP mode file for STMicroelectronics.X-CUBE-NFC6.3.0.0
2023-10-08 10:41:18,699 [WARN] PackLoader:240 - Cannot read IP mode file for STMicroelectronics.X-CUBE-EEPRMA1.4.1.0
2023-10-08 10:41:18,705 [WARN] PackLoader:240 - Cannot read IP mode file for STMicroelectronics.X-CUBE-AI.8.1.0
2023-10-08 10:41:18,723 [WARN] ConditionMgr:438 - getConditionDescription Invalid condition id : LAN8742 Phy interface Condition cause : null
2023-10-08 10:41:18,732 [WARN] PackLoader:240 - Cannot read IP mode file for STMicroelectronics.X-CUBE-AZRTOS-L4.2.0.0
2023-10-08 10:41:18,734 [WARN] ConditionMgr:1039 - genDependencies : Invalid condition id : LAN8742 Phy interface Condition cause : null
2023-10-08 10:41:18,734 [WARN] ConditionMgr:1039 - genDependencies : Invalid condition id : LAN8742 Phy interface Condition cause : null
2023-10-08 10:41:18,735 [WARN] ConditionMgr:1039 - genDependencies : Invalid condition id : LAN8742 Phy interface Condition cause : null
2023-10-08 10:41:18,746 [WARN] PackLoader:240 - Cannot read IP mode file for STMicroelectronics.X-CUBE-SFXS2LP1.4.0.0
2023-10-08 10:41:18,756 [WARN] PackLoader:240 - Cannot read IP mode file for STMicroelectronics.X-CUBE-ISPU.1.1.0
2023-10-08 10:41:18,769 [WARN] ConditionMgr:438 - getConditionDescription Invalid condition id : UX DEVICE CLASS RTOS Condition cause : null
2023-10-08 10:41:18,769 [WARN] ConditionMgr:438 - getConditionDescription Invalid condition id : UX DEVICE CLASS RTOS Condition cause : null
2023-10-08 10:41:18,772 [WARN] PackLoader:240 - Cannot read IP mode file for STMicroelectronics.X-CUBE-AZRTOS-WB.2.0.0
2023-10-08 10:41:18,773 [WARN] ConditionMgr:1039 - genDependencies : Invalid condition id : UX DEVICE CLASS RTOS Condition cause : null
2023-10-08 10:41:18,773 [WARN] ConditionMgr:1039 - genDependencies : Invalid condition id : UX DEVICE CLASS RTOS Condition cause : null
2023-10-08 10:41:18,774 [WARN] ConditionMgr:1039 - genDependencies : Invalid condition id : UX DEVICE CLASS RTOS Condition cause : null
2023-10-08 10:41:18,774 [WARN] ConditionMgr:1039 - genDependencies : Invalid condition id : UX DEVICE CLASS RTOS Condition cause : null
2023-10-08 10:41:18,774 [WARN] ConditionMgr:1039 - genDependencies : Invalid condition id : UX DEVICE CLASS RTOS Condition cause : null
2023-10-08 10:41:18,786 [WARN] PackLoader:240 - Cannot read IP mode file for STMicroelectronics.X-CUBE-SUBG2.5.0.0
2023-10-08 10:41:18,801 [WARN] PackLoader:240 - Cannot read IP mode file for STMicroelectronics.X-CUBE-TOF1.3.3.1
2023-10-08 10:41:18,831 [WARN] PackLoader:240 - Cannot read IP mode file for STMicroelectronics.X-CUBE-AZRTOS-G4.2.0.0
2023-10-08 10:41:18,845 [WARN] PackLoader:240 - Cannot read IP mode file for Infineon.AIROC-Wi-Fi-Bluetooth-STM32.1.5.1
2023-10-08 10:41:18,856 [WARN] PackLoader:240 - Cannot read IP mode file for STMicroelectronics.X-CUBE-FREERTOS.1.1.0
2023-10-08 10:41:18,864 [WARN] PackLoader:240 - Cannot read IP mode file for portGmbH.I-Cube-SoM-uGOAL.1.1.0
2023-10-08 10:41:18,870 [WARN] PackLoader:240 - Cannot read IP mode file for STMicroelectronics.X-CUBE-ALS.1.0.1
2023-10-08 10:41:18,876 [WARN] PackLoader:240 - Cannot read IP mode file for STMicroelectronics.FP-ATR-ASTRA1.2.0.0
2023-10-08 10:41:18,877 [INFO] ThirdParty:978 - Integrity check success = true
2023-10-08 10:41:18,877 [INFO] IntegrityCheckThread:100 - exiting critical section [integrity check]
2023-10-08 10:41:18,877 [INFO] IntegrityCheckThread:103 - End integrity checks thread
2023-10-08 10:41:18,877 [INFO] ThirdParty:873 - entering critical section [close project]
2023-10-08 10:41:18,881 [INFO] ThirdParty:883 - exiting critical section [close project]
2023-10-08 10:41:18,899 [INFO] PinOutPanel:1499 - setPackage(No Configuration,No Configuration)
2023-10-08 10:41:18,909 [INFO] UtilMem:75 - Begin LoadConfig() Used Memory: 180186240 Bytes (268435456)
2023-10-08 10:41:18,912 [INFO] MicroXplorer:468 - Change Database Path : 
2023-10-08 10:41:18,913 [INFO] MicroXplorer:498 - Change Database Version : DB.6.0.81
2023-10-08 10:41:18,913 [INFO] OpenFileManager:308 - Change cursor
2023-10-08 10:41:18,998 [INFO] Mcu:1937 - Initializing MCU STM32F411R(C-E)Tx STM32F411RETx STM32F411RET6
2023-10-08 10:41:21,570 [INFO] Context:659 - Trying to add GPIOservice into a context  which must be forbidden
2023-10-08 10:41:22,375 [INFO] RtosManager:555 - Registered RTOS mode: class=CMSIS, group=RTOS, mode=CMSIS_V1, owner=FREERTOS
2023-10-08 10:41:22,376 [INFO] RtosManager:555 - Registered RTOS mode: class=CMSIS, group=RTOS2, mode=CMSIS_V2, owner=FREERTOS
2023-10-08 10:41:22,376 [INFO] RtosManager:555 - Registered RTOS mode: class=RTOS, group=Core, mode=CMSIS_V1, owner=FREERTOS
2023-10-08 10:41:22,376 [INFO] RtosManager:555 - Registered RTOS mode: class=RTOS, group=Core, mode=CMSIS_V2, owner=FREERTOS
2023-10-08 10:41:22,376 [WARN] ModelIntegratedComponent:184 - Missing modes for component STMicroelectronics:FreeRTOS:0.0.1:STMicroelectronics:RTOS:FreeRTOS:Core:::10.2.0:
2023-10-08 10:41:22,382 [WARN] ModelIntegratedComponent:182 - Modes not found for component STMicroelectronics:USB_HOST:1.0.0:STMicroelectronics:USB::USB Host:Audio HS::1.0:USB_HOST_1_0_RESTRICTED_HS
2023-10-08 10:41:22,382 [WARN] ModelIntegratedComponent:188 - Modes not found for component STMicroelectronics:USB_HOST:1.0.0:STMicroelectronics:USB::USB Host:Audio HS::1.0:USB_HOST_1_0_RESTRICTED_HS
2023-10-08 10:41:22,383 [WARN] ModelIntegratedComponent:182 - Modes not found for component STMicroelectronics:USB_HOST:1.0.0:STMicroelectronics:USB::USB Host:CDC HS::1.0:USB_HOST_1_0_RESTRICTED_HS
2023-10-08 10:41:22,383 [WARN] ModelIntegratedComponent:188 - Modes not found for component STMicroelectronics:USB_HOST:1.0.0:STMicroelectronics:USB::USB Host:CDC HS::1.0:USB_HOST_1_0_RESTRICTED_HS
2023-10-08 10:41:22,383 [WARN] ModelIntegratedComponent:182 - Modes not found for component STMicroelectronics:USB_HOST:1.0.0:STMicroelectronics:USB::USB Host:MSC HS::1.0:USB_HOST_1_0_RESTRICTED_HS
2023-10-08 10:41:22,384 [WARN] ModelIntegratedComponent:188 - Modes not found for component STMicroelectronics:USB_HOST:1.0.0:STMicroelectronics:USB::USB Host:MSC HS::1.0:USB_HOST_1_0_RESTRICTED_HS
2023-10-08 10:41:22,384 [WARN] ModelIntegratedComponent:182 - Modes not found for component STMicroelectronics:USB_HOST:1.0.0:STMicroelectronics:USB::USB Host:HID HS::1.0:USB_HOST_1_0_RESTRICTED_HS
2023-10-08 10:41:22,384 [WARN] ModelIntegratedComponent:188 - Modes not found for component STMicroelectronics:USB_HOST:1.0.0:STMicroelectronics:USB::USB Host:HID HS::1.0:USB_HOST_1_0_RESTRICTED_HS
2023-10-08 10:41:22,385 [WARN] ModelIntegratedComponent:182 - Modes not found for component STMicroelectronics:USB_HOST:1.0.0:STMicroelectronics:USB::USB Host:MTP HS::1.0:USB_HOST_1_0_RESTRICTED_HS
2023-10-08 10:41:22,385 [WARN] ModelIntegratedComponent:188 - Modes not found for component STMicroelectronics:USB_HOST:1.0.0:STMicroelectronics:USB::USB Host:MTP HS::1.0:USB_HOST_1_0_RESTRICTED_HS
2023-10-08 10:41:22,395 [WARN] ModelIntegratedComponent:63 - No mode defined for component null
2023-10-08 10:41:22,395 [WARN] ModelIntegratedComponent:63 - No mode defined for component null
2023-10-08 10:41:22,395 [WARN] ModelIntegratedComponent:63 - No mode defined for component null
2023-10-08 10:41:22,395 [WARN] ModelIntegratedComponent:63 - No mode defined for component null
2023-10-08 10:41:22,395 [WARN] ModelIntegratedComponent:63 - No mode defined for component null
2023-10-08 10:41:22,396 [WARN] ModelIntegratedComponent:63 - No mode defined for component null
2023-10-08 10:41:22,396 [WARN] ModelIntegratedComponent:63 - No mode defined for component null
2023-10-08 10:41:22,396 [WARN] ModelIntegratedComponent:63 - No mode defined for component null
2023-10-08 10:41:22,396 [WARN] ModelIntegratedComponent:63 - No mode defined for component null
2023-10-08 10:41:22,396 [WARN] ModelIntegratedComponent:63 - No mode defined for component null
2023-10-08 10:41:22,396 [WARN] ModelIntegratedComponent:63 - No mode defined for component null
2023-10-08 10:41:22,396 [WARN] ModelIntegratedComponent:63 - No mode defined for component null
2023-10-08 10:41:22,396 [WARN] ModelIntegratedComponent:63 - No mode defined for component null
2023-10-08 10:41:22,396 [WARN] ModelIntegratedComponent:63 - No mode defined for component null
2023-10-08 10:41:22,396 [WARN] ModelIntegratedComponent:63 - No mode defined for component null
2023-10-08 10:41:22,396 [WARN] ModelIntegratedComponent:63 - No mode defined for component null
2023-10-08 10:41:22,396 [WARN] ModelIntegratedComponent:63 - No mode defined for component null
2023-10-08 10:41:22,396 [WARN] ModelIntegratedComponent:63 - No mode defined for component null
2023-10-08 10:41:22,396 [WARN] ModelIntegratedComponent:63 - No mode defined for component null
2023-10-08 10:41:22,397 [WARN] ModelIntegratedComponent:63 - No mode defined for component null
2023-10-08 10:41:22,397 [WARN] ModelIntegratedComponent:63 - No mode defined for component null
2023-10-08 10:41:22,397 [WARN] ModelIntegratedComponent:63 - No mode defined for component null
2023-10-08 10:41:22,397 [WARN] ModelIntegratedComponent:63 - No mode defined for component null
2023-10-08 10:41:22,397 [WARN] ModelIntegratedComponent:63 - No mode defined for component null
2023-10-08 10:41:22,397 [WARN] ModelIntegratedComponent:63 - No mode defined for component null
2023-10-08 10:41:22,397 [WARN] ModelIntegratedComponent:63 - No mode defined for component null
2023-10-08 10:41:22,397 [WARN] ModelIntegratedComponent:63 - No mode defined for component null
2023-10-08 10:41:22,397 [WARN] ModelIntegratedComponent:63 - No mode defined for component null
2023-10-08 10:41:22,397 [WARN] ModelIntegratedComponent:63 - No mode defined for component null
2023-10-08 10:41:22,397 [WARN] ModelIntegratedComponent:63 - No mode defined for component null
2023-10-08 10:41:22,398 [WARN] ModelIntegratedComponent:63 - No mode defined for component null
2023-10-08 10:41:22,398 [WARN] ModelIntegratedComponent:63 - No mode defined for component null
2023-10-08 10:41:22,398 [WARN] ModelIntegratedComponent:63 - No mode defined for component null
2023-10-08 10:41:22,409 [WARN] ModelIntegratedComponent:182 - Modes not found for component STMicroelectronics:USB_DEVICE:1.0.0:STMicroelectronics:USB::USB Device:Audio HS::1.0:USB_DEVICE_1_0_RESTRICTED_HS
2023-10-08 10:41:22,410 [WARN] ModelIntegratedComponent:188 - Modes not found for component STMicroelectronics:USB_DEVICE:1.0.0:STMicroelectronics:USB::USB Device:Audio HS::1.0:USB_DEVICE_1_0_RESTRICTED_HS
2023-10-08 10:41:22,410 [WARN] ModelIntegratedComponent:182 - Modes not found for component STMicroelectronics:USB_DEVICE:1.0.0:STMicroelectronics:USB::USB Device:CDC HS::1.0:USB_DEVICE_1_0_RESTRICTED_HS
2023-10-08 10:41:22,410 [WARN] ModelIntegratedComponent:188 - Modes not found for component STMicroelectronics:USB_DEVICE:1.0.0:STMicroelectronics:USB::USB Device:CDC HS::1.0:USB_DEVICE_1_0_RESTRICTED_HS
2023-10-08 10:41:22,410 [WARN] ModelIntegratedComponent:182 - Modes not found for component STMicroelectronics:USB_DEVICE:1.0.0:STMicroelectronics:USB::USB Device:DFU HS::1.0:USB_DEVICE_1_0_RESTRICTED_HS
2023-10-08 10:41:22,410 [WARN] ModelIntegratedComponent:188 - Modes not found for component STMicroelectronics:USB_DEVICE:1.0.0:STMicroelectronics:USB::USB Device:DFU HS::1.0:USB_DEVICE_1_0_RESTRICTED_HS
2023-10-08 10:41:22,410 [WARN] ModelIntegratedComponent:182 - Modes not found for component STMicroelectronics:USB_DEVICE:1.0.0:STMicroelectronics:USB::USB Device:HID HS::1.0:USB_DEVICE_1_0_RESTRICTED_HS
2023-10-08 10:41:22,411 [WARN] ModelIntegratedComponent:188 - Modes not found for component STMicroelectronics:USB_DEVICE:1.0.0:STMicroelectronics:USB::USB Device:HID HS::1.0:USB_DEVICE_1_0_RESTRICTED_HS
2023-10-08 10:41:22,411 [WARN] ModelIntegratedComponent:182 - Modes not found for component STMicroelectronics:USB_DEVICE:1.0.0:STMicroelectronics:USB::USB Device:Custom HID HS::1.0:USB_DEVICE_1_0_RESTRICTED_HS
2023-10-08 10:41:22,411 [WARN] ModelIntegratedComponent:188 - Modes not found for component STMicroelectronics:USB_DEVICE:1.0.0:STMicroelectronics:USB::USB Device:Custom HID HS::1.0:USB_DEVICE_1_0_RESTRICTED_HS
2023-10-08 10:41:22,411 [WARN] ModelIntegratedComponent:182 - Modes not found for component STMicroelectronics:USB_DEVICE:1.0.0:STMicroelectronics:USB::USB Device:MSC HS::1.0:USB_DEVICE_1_0_RESTRICTED_HS
2023-10-08 10:41:22,411 [WARN] ModelIntegratedComponent:188 - Modes not found for component STMicroelectronics:USB_DEVICE:1.0.0:STMicroelectronics:USB::USB Device:MSC HS::1.0:USB_DEVICE_1_0_RESTRICTED_HS
2023-10-08 10:41:22,429 [INFO] ThirdPartyModel:298 - Start build external matchings
2023-10-08 10:41:22,716 [INFO] ThirdPartyModel:316 - End build external matchings
2023-10-08 10:41:22,729 [INFO] RtosManager:919 - Current active RTOS is FREERTOS [Cortex-M4NS]
2023-10-08 10:41:23,085 [INFO] UtilMem:75 - End LoadConfig() Used Memory: 184128744 Bytes (268435456)
2023-10-08 10:41:23,223 [INFO] ApiDb:581 - Connected to CubeFinder SQLite database (C:\Users\alan1\.stmcufinder\plugins\mcufinder\mcu\cube-finder-db.db)
2023-10-08 10:41:23,306 [INFO] ApiDb:668 - CubeFinder database Data Model version=2.1
2023-10-08 10:41:23,306 [INFO] ApiDb:669 - CubeFinder database Configuration version=3.0.35
2023-10-08 10:41:23,306 [INFO] ApiDb:670 - CubeFinder database generation date=2023-04-03 (1680511692)
2023-10-08 10:41:23,306 [INFO] ApiDb:671 - CubeFinder database FW Pack versions=[FP-ATR-ASTRA1_V2.0.0, STM32Cube_FW_C0_V1.0.1, STM32Cube_FW_F0_V1.11.4, STM32Cube_FW_F3_V1.11.4, STM32Cube_FW_F4_V1.27.1, STM32Cube_FW_F7_V1.17.0, STM32Cube_FW_G0_V1.6.1, STM32Cube_FW_G4_V1.5.1, STM32Cube_FW_H5_V0.5.1, STM32Cube_FW_H5_V1.0.0, STM32Cube_FW_H7_V1.11.0, STM32Cube_FW_L0_V1.12.2, STM32Cube_FW_L5_V1.5.0, STM32Cube_FW_U5_V1.2.0, STM32Cube_FW_WBA_V1.0.0, STM32Cube_FW_WBA_V1.0.0RC1, STM32Cube_FW_WBA_V1.0.0RC3, STM32Cube_FW_WB_V1.15.0RC1, STM32Cube_FW_WB_V1.16.0, STM32Cube_FW_WB_V1.16.0RC2, STM32Cube_FW_WL_V1.3.0, X-CUBE-ALGOBUILD_V1.3.0, X-CUBE-ALS_V1.0.1, X-CUBE-AZRTOS-F4_V1.1.0, X-CUBE-AZRTOS-F7_V1.1.0, X-CUBE-AZRTOS-G0_V1.1.0, X-CUBE-AZRTOS-G4_V1.0.0, X-CUBE-AZRTOS-H7_V3.0.0, X-CUBE-AZRTOS-L4_V1.0.0, X-CUBE-AZRTOS-L5_V1.1.0, X-CUBE-AZRTOS-WB_V1.1.0, X-CUBE-AZRTOS-WL_V1.0.0, X-CUBE-BLE1_V6.2.4, X-CUBE-BLE2_V3.3.0, X-CUBE-BLEMGR_V1.3.0, X-CUBE-EEPRMA1_V4.1.0, X-CUBE-FREERTOS_V1.0.1, X-CUBE-GNSS1_V6.0.0, X-CUBE-MEMS1_V9.1.0, X-CUBE-MEMS1_V9.4.0, X-CUBE-MEMS1_V9.5.0, X-CUBE-NFC4_V3.0.0, X-CUBE-NFC7_V1.0.0, X-CUBE-SFXS2LP1_V4.0.0, X-CUBE-SUBG2_V5.0.0]
2023-10-08 10:41:25,252 [INFO] ApiDb:240 - Found 297 in-development CPN: [B-G473E-ZEST1S, B-WB1M-WPAN1, B-WL5M-SUBG1, NUCLEO-C031C6, NUCLEO-H503RB, NUCLEO-H563ZI, NUCLEO-U545RE-Q, NUCLEO-U5A5ZJ-Q, NUCLEO-WBA52CG, STEVAL-PROTEUS1, STEVAL-STWINBX1, STM320518-EVAL, STM32C0116-DK, STM32C011D6Y3TR, STM32C011D6Y6TR, STM32C011F4P3, STM32C011F4P6, STM32C011F4U3, STM32C011F4U6TR, STM32C011F6P3, STM32C011F6P6, STM32C011F6U3, STM32C011F6U6TR, STM32C011J4M3, STM32C011J4M6, STM32C011J6M3, STM32C011J6M6, STM32C0316-DK, STM32C031C4T3, STM32C031C4T6, STM32C031C4U3, STM32C031C4U6, STM32C031C6T3, STM32C031C6T6, STM32C031C6U3, STM32C031C6U6, STM32C031F4P3, STM32C031F4P6, STM32C031F6P3, STM32C031F6P6, STM32C031G4U3, STM32C031G4U6, STM32C031G6U3, STM32C031G6U6, STM32C031K4T3, STM32C031K4T6, STM32C031K4U3, STM32C031K4U6, STM32C031K6T3, STM32C031K6T6, STM32C031K6U3, STM32C031K6U6, STM32G071K8TXN, STM32G071K8UXN, STM32G081GBU6N, STM32G081KBT6N, STM32G081KBUXN, STM32G0B1CCT6N, STM32G0B1KCT6, STM32G0B1NEY6TR, STM32G0B1RCT6N, STM32G0C1CCT6, STM32G0C1CCT6N, STM32G0C1CCU6N, STM32G0C1CET6N, STM32G0C1CEU6N, STM32G0C1KCT6, STM32G0C1NEY6TR, STM32G0C1RCI6N, STM32G0C1RCT6N, STM32G0C1REI6N, STM32G0C1RET6N, STM32G0C1VCI6, STM32G0C1VEI6, STM32G471CCT6, STM32G471CCU6, STM32G471CET3, STM32G471CET6, STM32G471CEU3, STM32G471CEU6, STM32G471MCT6, STM32G471MET3, STM32G471MET6, STM32G471MEY6TR, STM32G471QCT6, STM32G471QET3, STM32G471RCT6, STM32G471RET3, STM32G471RET6, STM32G471VCH6, STM32G471VCI6, STM32G471VCT6, STM32G471VEH3, STM32G471VEH6, STM32G471VEI3, STM32G471VEI6, STM32G471VET3, STM32G471VET6, STM32G474CCT6, STM32H503CBT6, STM32H503CBU6, STM32H503EBY6TR, STM32H503KBU6, STM32H503RBT6, STM32H562AGI6, STM32H562AII6, STM32H562IGK6, STM32H562IGT6, STM32H562IIK6, STM32H562IIT6, STM32H562RGT6, STM32H562RGV6, STM32H562RIT6, STM32H562RIV6, STM32H562VGT6, STM32H562VIT6, STM32H562ZGT6, STM32H562ZIT6, STM32H563AGI6, STM32H563AII3Q, STM32H563AII6, STM32H563IGK6, STM32H563IGT6, STM32H563IIK3Q, STM32H563IIK6, STM32H563IIT3Q, STM32H563IIT6, STM32H563MIY3QTR, STM32H563RGT6, STM32H563RGV6, STM32H563RIT6, STM32H563RIV6, STM32H563VGT6, STM32H563VIT3Q, STM32H563VIT6, STM32H563ZGT6, STM32H563ZIT3Q, STM32H563ZIT6, STM32H573AII3Q, STM32H573AII6, STM32H573I-DK, STM32H573IIK3Q, STM32H573IIK6, STM32H573IIT3Q, STM32H573IIT6, STM32H573MIY3QTR, STM32H573RIT6, STM32H573RIV6, STM32H573VIT3Q, STM32H573VIT6, STM32H573ZIT3Q, STM32H573ZIT6, STM32L4R5QGI6STR, STM32MP131AAE3, STM32MP131AAF3, STM32MP131AAG3, STM32MP131CAE3, STM32MP131CAF3, STM32MP131CAG3, STM32MP131DAE7, STM32MP131DAF7, STM32MP131DAG7, STM32MP131FAE7, STM32MP131FAF7, STM32MP131FAG7, STM32MP133AAE3, STM32MP133AAF3, STM32MP133AAG3, STM32MP133CAE3, STM32MP133CAF3, STM32MP133CAG3, STM32MP133DAE7, STM32MP133DAF7, STM32MP133DAG7, STM32MP133FAE7, STM32MP133FAF7, STM32MP133FAG7, STM32MP135AAE3, STM32MP135AAF3, STM32MP135AAG3, STM32MP135CAE3, STM32MP135CAF3, STM32MP135CAG3, STM32MP135DAE7, STM32MP135DAF7, STM32MP135DAG7, STM32MP135F-DK, STM32MP135FAE7, STM32MP135FAF7, STM32MP135FAF7T, STM32MP135FAF7U, STM32MP135FAG7, STM32U535CBT6, STM32U535CBT6Q, STM32U535CBU6, STM32U535CBU6Q, STM32U535CCT6, STM32U535CCT6Q, STM32U535CCU6, STM32U535CCU6Q, STM32U535CET6, STM32U535CET6Q, STM32U535CEU6, STM32U535CEU6Q, STM32U535JEY6QTR, STM32U535NCY6QTR, STM32U535NEY6QTR, STM32U535RBI6, STM32U535RBI6Q, STM32U535RBT6, STM32U535RBT6Q, STM32U535RCI6, STM32U535RCI6Q, STM32U535RCT6, STM32U535RCT6Q, STM32U535REI6, STM32U535REI6Q, STM32U535RET6, STM32U535RET6Q, STM32U535VCI6, STM32U535VCI6Q, STM32U535VCT6, STM32U535VCT6Q, STM32U535VEI6, STM32U535VEI6Q, STM32U535VET6, STM32U535VET6Q, STM32U545CET6, STM32U545CET6Q, STM32U545CEU6, STM32U545CEU6Q, STM32U545JEY6QTR, STM32U545NEY6QTR, STM32U545REI6, STM32U545REI6Q, STM32U545RET6, STM32U545RET6Q, STM32U545VEI6, STM32U545VEI6Q, STM32U545VET6, STM32U545VET6Q, STM32U595AIH6, STM32U595AIH6Q, STM32U595AJH6, STM32U595AJH6Q, STM32U595QII6, STM32U595QII6Q, STM32U595QJI6, STM32U595QJI6Q, STM32U595RIT6, STM32U595RIT6Q, STM32U595RJT6, STM32U595RJT6Q, STM32U595VIT6, STM32U595VIT6Q, STM32U595VJT6, STM32U595VJT6Q, STM32U595ZIT6, STM32U595ZIT6Q, STM32U595ZIY6QTR, STM32U595ZJT6, STM32U595ZJT6Q, STM32U595ZJY6QTR, STM32U599BJY6QTR, STM32U599NIH6Q, STM32U599NJH6Q, STM32U599VIT6Q, STM32U599VJT6, STM32U599VJT6Q, STM32U599ZIT6Q, STM32U599ZIY6QTR, STM32U599ZJT6Q, STM32U599ZJY6QTR, STM32U5A5AJH6, STM32U5A5AJH6Q, STM32U5A5QJI6, STM32U5A5QJI6Q, STM32U5A5RJT6, STM32U5A5RJT6Q, STM32U5A5VJT6, STM32U5A5VJT6Q, STM32U5A5ZJT6, STM32U5A5ZJT6Q, STM32U5A5ZJY6QTR, STM32U5A9BJY6QTR, STM32U5A9J-DK, STM32U5A9NJH6Q, STM32U5A9VJT6Q, STM32U5A9ZJT6Q, STM32U5A9ZJY6QTR, STM32WB1MMCH6, STM32WBA52CEU6, STM32WBA52CEU6T, STM32WBA52CGU6, STM32WBA52CGU6T, STM32WL5MOCH6, STM32WL5MOCH6TR]
2023-10-08 10:41:25,256 [INFO] DbMcus:216 - Found 3775 MCUs, 3775 are supported
2023-10-08 10:41:25,260 [INFO] ApiDb:423 - Load user favorites file C:\Users\alan1/.stm32cubeide/favorites.mcus.txt: 0 item(s)
2023-10-08 10:41:25,260 [INFO] ApiDb:427 - User favorites MCUs=[]
2023-10-08 10:41:25,261 [INFO] DbMcus:222 - Set 0 / 0 favorites MCUs
2023-10-08 10:41:25,719 [WARN] ThirdParty:833 - waiting for thirdparty lock release [change project]
2023-10-08 10:41:25,719 [INFO] ThirdParty:835 - entering critical section [change project]
2023-10-08 10:41:25,719 [INFO] ThirdParty:1030 - CMSIS Pack Vendor :STMicroelectronics X-CUBE-ISPU 1.1.0
2023-10-08 10:41:25,719 [INFO] ThirdParty:1030 - CMSIS Pack Vendor :STMicroelectronics X-CUBE-GNSS1 6.0.0
2023-10-08 10:41:25,719 [INFO] ThirdParty:1030 - CMSIS Pack Vendor :STMicroelectronics USB_HOST 2.0.0
2023-10-08 10:41:25,720 [INFO] ThirdParty:1030 - CMSIS Pack Vendor :STMicroelectronics X-CUBE-AZRTOS-F4 1.1.0
2023-10-08 10:41:25,720 [INFO] ThirdParty:1030 - CMSIS Pack Vendor :STMicroelectronics LIBJPEG 8.0.0
2023-10-08 10:41:25,720 [INFO] ThirdParty:1030 - CMSIS Pack Vendor :wolfSSL I-CUBE-wolfSSL 5.6.3
2023-10-08 10:41:25,720 [INFO] ThirdParty:1030 - CMSIS Pack Vendor :STMicroelectronics X-CUBE-SMBUS 2.1.0
2023-10-08 10:41:25,720 [INFO] ThirdParty:1030 - CMSIS Pack Vendor :STMicroelectronics USB_DEVICE 3.0.0
2023-10-08 10:41:25,720 [INFO] ThirdParty:1030 - CMSIS Pack Vendor :STMicroelectronics X-CUBE-AZRTOS-WB 2.0.0
2023-10-08 10:41:25,720 [INFO] ThirdParty:1030 - CMSIS Pack Vendor :STMicroelectronics X-CUBE-AZRTOS-F7 1.1.0
2023-10-08 10:41:25,720 [INFO] ThirdParty:1030 - CMSIS Pack Vendor :STMicroelectronics X-CUBE-AZRTOS-L5 2.0.0
2023-10-08 10:41:25,720 [INFO] ThirdParty:1030 - CMSIS Pack Vendor :STMicroelectronics USB_DEVICE 2.0.0
2023-10-08 10:41:25,720 [INFO] ThirdParty:1030 - CMSIS Pack Vendor :STMicroelectronics X-CUBE-MEMS1 9.6.0
2023-10-08 10:41:25,720 [INFO] ThirdParty:1030 - CMSIS Pack Vendor :ITTIA_DB I-CUBE-ITTIADB 8.8.0
2023-10-08 10:41:25,720 [INFO] ThirdParty:1030 - CMSIS Pack Vendor :STMicroelectronics FP-SNS-MOTENV1 4.3.2
2023-10-08 10:41:25,720 [INFO] ThirdParty:1030 - CMSIS Pack Vendor :STMicroelectronics X-CUBE-ALGOBUILD 1.3.0
2023-10-08 10:41:25,720 [INFO] ThirdParty:1030 - CMSIS Pack Vendor :STMicroelectronics FreeRTOS 0.0.1
2023-10-08 10:41:25,721 [INFO] ThirdParty:1030 - CMSIS Pack Vendor :STMicroelectronics X-CUBE-AZRTOS-G0 1.1.0
2023-10-08 10:41:25,721 [INFO] ThirdParty:1030 - CMSIS Pack Vendor :STMicroelectronics X-CUBE-BLEMGR 2.0.0
2023-10-08 10:41:25,721 [INFO] ThirdParty:1030 - CMSIS Pack Vendor :STMicroelectronics X-CUBE-NFC4 3.0.0
2023-10-08 10:41:25,721 [INFO] ThirdParty:1030 - CMSIS Pack Vendor :STMicroelectronics X-CUBE-SUBG2 5.0.0
2023-10-08 10:41:25,721 [INFO] ThirdParty:1030 - CMSIS Pack Vendor :STMicroelectronics STM32_WPAN 1.0.0
2023-10-08 10:41:25,721 [INFO] ThirdParty:1030 - CMSIS Pack Vendor :STMicroelectronics lwIP 2.0.3
2023-10-08 10:41:25,721 [INFO] ThirdParty:1030 - CMSIS Pack Vendor :STMicroelectronics FP-SNS-FLIGHT1 5.0.2
2023-10-08 10:41:25,721 [INFO] ThirdParty:1030 - CMSIS Pack Vendor :STMicroelectronics USB_HOST 1.0.0
2023-10-08 10:41:25,721 [INFO] ThirdParty:1030 - CMSIS Pack Vendor :STMicroelectronics X-CUBE-TOF1 3.3.1
2023-10-08 10:41:25,721 [INFO] ThirdParty:1030 - CMSIS Pack Vendor :STMicroelectronics X-CUBE-AZRTOS-G4 2.0.0
2023-10-08 10:41:25,721 [INFO] ThirdParty:1030 - CMSIS Pack Vendor :STMicroelectronics PDM2PCM 3.1.0
2023-10-08 10:41:25,721 [INFO] ThirdParty:1030 - CMSIS Pack Vendor :STMicroelectronics X-CUBE-AZRTOS-H7 3.1.0
2023-10-08 10:41:25,721 [INFO] ThirdParty:1030 - CMSIS Pack Vendor :Infineon AIROC-Wi-Fi-Bluetooth-STM32 1.5.1
2023-10-08 10:41:25,721 [INFO] ThirdParty:1030 - CMSIS Pack Vendor :STMicroelectronics PDM2PCM 3.3.0
2023-10-08 10:41:25,721 [INFO] ThirdParty:1030 - CMSIS Pack Vendor :STMicroelectronics X-CUBE-DISPLAY 3.0.0
2023-10-08 10:41:25,722 [INFO] ThirdParty:1030 - CMSIS Pack Vendor :STMicroelectronics X-CUBE-BLE1 7.0.0
2023-10-08 10:41:25,722 [INFO] ThirdParty:1030 - CMSIS Pack Vendor :STMicroelectronics FP-ATR-SIGFOX1 3.2.0
2023-10-08 10:41:25,722 [INFO] ThirdParty:1030 - CMSIS Pack Vendor :STMicroelectronics HAL Drivers 0.0.0
2023-10-08 10:41:25,722 [INFO] ThirdParty:1030 - CMSIS Pack Vendor :STMicroelectronics MBEDTLS 2.16.2
2023-10-08 10:41:25,722 [INFO] ThirdParty:1030 - CMSIS Pack Vendor :emotas I-CUBE-CANOPEN 1.3.0
2023-10-08 10:41:25,722 [INFO] ThirdParty:1030 - CMSIS Pack Vendor :STMicroelectronics X-CUBE-FREERTOS 1.1.0
2023-10-08 10:41:25,724 [INFO] ThirdParty:1030 - CMSIS Pack Vendor :STMicroelectronics X-CUBE-TOUCHGFX 4.22.0
2023-10-08 10:41:25,724 [INFO] ThirdParty:1030 - CMSIS Pack Vendor :STMicroelectronics X-CUBE-NFC7 1.0.1
2023-10-08 10:41:25,724 [INFO] ThirdParty:1030 - CMSIS Pack Vendor :STMicroelectronics MBEDTLS 2.14.1
2023-10-08 10:41:25,724 [INFO] ThirdParty:1030 - CMSIS Pack Vendor :STMicroelectronics X-CUBE-TOUCHGFX 4.22.1
2023-10-08 10:41:25,724 [INFO] ThirdParty:1030 - CMSIS Pack Vendor :STMicroelectronics X-CUBE-NFC6 3.0.0
2023-10-08 10:41:25,724 [INFO] ThirdParty:1030 - CMSIS Pack Vendor :STMicroelectronics X-CUBE-EEPRMA1 4.1.0
2023-10-08 10:41:25,724 [INFO] ThirdParty:1030 - CMSIS Pack Vendor :portGmbH I-Cube-SoM-uGOAL 1.1.0
2023-10-08 10:41:25,724 [INFO] ThirdParty:1030 - CMSIS Pack Vendor :STMicroelectronics X-CUBE-ALS 1.0.1
2023-10-08 10:41:25,724 [INFO] ThirdParty:1030 - CMSIS Pack Vendor :STMicroelectronics ThreadX 1.0.0
2023-10-08 10:41:25,724 [INFO] ThirdParty:1030 - CMSIS Pack Vendor :STMicroelectronics FP-SNS-SMARTAG2 1.2.0
2023-10-08 10:41:25,725 [INFO] ThirdParty:1030 - CMSIS Pack Vendor :STMicroelectronics X-CUBE-AZRTOS-WL 2.0.0
2023-10-08 10:41:25,725 [INFO] ThirdParty:1030 - CMSIS Pack Vendor :SEGGER I-CUBE-embOS 1.3.1
2023-10-08 10:41:25,725 [INFO] ThirdParty:1030 - CMSIS Pack Vendor :STMicroelectronics USB_DEVICE 1.0.0
2023-10-08 10:41:25,725 [INFO] ThirdParty:1030 - CMSIS Pack Vendor :STMicroelectronics X-CUBE-AI 8.1.0
2023-10-08 10:41:25,725 [INFO] ThirdParty:1030 - CMSIS Pack Vendor :STMicroelectronics X-CUBE-AZRTOS-L4 2.0.0
2023-10-08 10:41:25,725 [INFO] ThirdParty:1030 - CMSIS Pack Vendor :STMicroelectronics ThreadX 0.0.2
2023-10-08 10:41:25,725 [INFO] ThirdParty:1030 - CMSIS Pack Vendor :WES I-CUBE-Cesium 1.3.0
2023-10-08 10:41:25,725 [INFO] ThirdParty:1030 - CMSIS Pack Vendor :STMicroelectronics FP-ATR-ASTRA1 2.0.0
2023-10-08 10:41:25,725 [INFO] ThirdParty:1030 - CMSIS Pack Vendor :STMicroelectronics lwIP 2.1.2
2023-10-08 10:41:25,725 [INFO] ThirdParty:1030 - CMSIS Pack Vendor :STMicroelectronics X-CUBE-SFXS2LP1 4.0.0
2023-10-08 10:41:25,725 [INFO] ThirdParty:1030 - CMSIS Pack Vendor :STMicroelectronics X-CUBE-BLE2 3.3.0
2023-10-08 10:41:25,725 [INFO] ThirdParty:1030 - CMSIS Pack Vendor :STMicroelectronics PDM2PCM 3.2.0
2023-10-08 10:41:25,725 [INFO] ThirdParty:841 - exiting critical section [change project]
2023-10-08 10:41:26,228 [INFO] PinOutPanel:1499 - setPackage(No Configuration,No Configuration)
2023-10-08 10:41:26,230 [INFO] PinOutPanel:1499 - setPackage(STM32F411RETx,LQFP64)
2023-10-08 10:41:26,864 [INFO] UtilMem:75 - Before build in PCC Used Memory: 199003536 Bytes (268435456)
2023-10-08 10:41:27,886 [ERROR] LogOutputStream:75 - [STDERR_REDIRECT] SLF4J: Failed to load class "org.slf4j.impl.StaticLoggerBinder".
2023-10-08 10:41:27,887 [ERROR] LogOutputStream:75 - [STDERR_REDIRECT] SLF4J: Defaulting to no-operation (NOP) logger implementation
2023-10-08 10:41:27,891 [ERROR] LogOutputStream:75 - [STDERR_REDIRECT] SLF4J: See http://www.slf4j.org/codes.html#StaticLoggerBinder for further details.
2023-10-08 10:41:28,165 [INFO] UtilMem:75 - After build in PCC Used Memory: 195250544 Bytes (268435456)
2023-10-08 10:41:28,327 [INFO] ApiDbMcu:507 - Load IP Config File for FREERTOS
2023-10-08 10:41:28,381 [INFO] IPUIPlugin:80 - create IPUIPlugin
2023-10-08 10:41:28,381 [INFO] IPUIPlugin:80 - create IPUIPlugin
2023-10-08 10:41:28,381 [INFO] IPUIPlugin:80 - create IPUIPlugin
2023-10-08 10:41:28,382 [INFO] IPUIPlugin:80 - create IPUIPlugin
2023-10-08 10:41:28,382 [INFO] IPUIPlugin:80 - create IPUIPlugin
2023-10-08 10:41:28,382 [INFO] IPUIPlugin:80 - create IPUIPlugin
2023-10-08 10:41:28,382 [INFO] IPUIPlugin:80 - create IPUIPlugin
2023-10-08 10:41:28,383 [INFO] IPUIPlugin:80 - create IPUIPlugin
2023-10-08 10:41:28,383 [INFO] IPUIPlugin:80 - create IPUIPlugin
2023-10-08 10:41:28,383 [INFO] IPUIPlugin:80 - create IPUIPlugin
2023-10-08 10:41:28,383 [INFO] IPUIPlugin:80 - create IPUIPlugin
2023-10-08 10:41:28,384 [INFO] IPUIPlugin:80 - create IPUIPlugin
2023-10-08 10:41:28,384 [INFO] IPUIPlugin:80 - create IPUIPlugin
2023-10-08 10:41:28,384 [INFO] IPUIPlugin:80 - create IPUIPlugin
2023-10-08 10:41:28,384 [INFO] IPUIPlugin:80 - create IPUIPlugin
2023-10-08 10:41:28,385 [INFO] IPUIPlugin:80 - create IPUIPlugin
2023-10-08 10:41:28,385 [INFO] IPUIPlugin:80 - create IPUIPlugin
2023-10-08 10:41:28,386 [INFO] IPUIPlugin:80 - create IPUIPlugin
2023-10-08 10:41:28,386 [INFO] IPUIPlugin:80 - create IPUIPlugin
2023-10-08 10:41:28,386 [INFO] IPUIPlugin:80 - create IPUIPlugin
2023-10-08 10:41:28,387 [INFO] IPUIPlugin:80 - create IPUIPlugin
2023-10-08 10:41:28,388 [INFO] IPUIPlugin:80 - create IPUIPlugin
2023-10-08 10:41:28,388 [INFO] IPUIPlugin:80 - create IPUIPlugin
2023-10-08 10:41:28,388 [INFO] IPUIPlugin:80 - create IPUIPlugin
2023-10-08 10:41:28,389 [INFO] IPUIPlugin:80 - create IPUIPlugin
2023-10-08 10:41:28,389 [INFO] IPUIPlugin:80 - create IPUIPlugin
2023-10-08 10:41:28,390 [INFO] IPUIPlugin:80 - create IPUIPlugin
2023-10-08 10:41:28,390 [INFO] IPUIPlugin:80 - create IPUIPlugin
2023-10-08 10:41:28,391 [INFO] IPUIPlugin:80 - create IPUIPlugin
2023-10-08 10:41:28,391 [INFO] IPUIPlugin:80 - create IPUIPlugin
2023-10-08 10:41:28,392 [INFO] IPUIPlugin:80 - create IPUIPlugin
2023-10-08 10:41:28,392 [INFO] IPUIPlugin:80 - create IPUIPlugin
2023-10-08 10:41:28,392 [INFO] IPUIPlugin:80 - create IPUIPlugin
2023-10-08 10:41:28,393 [INFO] IPUIPlugin:80 - create IPUIPlugin
2023-10-08 10:41:28,393 [INFO] IPUIPlugin:80 - create IPUIPlugin
2023-10-08 10:41:28,393 [INFO] IPUIPlugin:80 - create IPUIPlugin
2023-10-08 10:41:28,394 [INFO] IPUIPlugin:80 - create IPUIPlugin
2023-10-08 10:41:28,394 [INFO] IPUIPlugin:80 - create IPUIPlugin
2023-10-08 10:41:28,395 [INFO] IPUIPlugin:80 - create IPUIPlugin
2023-10-08 10:41:28,396 [INFO] IPUIPlugin:80 - create IPUIPlugin
2023-10-08 10:41:28,396 [INFO] IPUIPlugin:80 - create IPUIPlugin
2023-10-08 10:41:28,397 [INFO] IPUIPlugin:80 - create IPUIPlugin
2023-10-08 10:41:28,398 [INFO] IPUIPlugin:80 - create IPUIPlugin
2023-10-08 10:41:28,439 [INFO] ApiDbMcu:507 - Load IP Config File for PDM2PCM
2023-10-08 10:41:28,488 [WARN] FreeRTOS:1023 - Null or empty value: should not occur! (nothing added to the table)
2023-10-08 10:41:28,751 [INFO] CADModel:165 - CPN selected for project levelSTM32F411RET6
2023-10-08 10:41:28,751 [INFO] CADModel:114 - Register for checkConnection events
2023-10-08 10:41:28,754 [INFO] RtosManager:697 - Active RTOS found at IOC load: FREERTOS [Cortex-M4NS]
2023-10-08 10:41:28,826 [INFO] OpenFileManager:328 - Restore cursor
2023-10-08 10:41:46,971 [ERROR] RtosPanel:558 - Can not restore the selected Tab for FREERTOS(A reason can be that the tab is no more available.)
2023-10-08 10:43:14,503 [INFO] TasksAndQueuesTab:757 - Dynamic
2023-10-08 10:43:14,503 [WARN] TasksAndQueuesTab:763 - 128 128
2023-10-08 10:43:14,503 [WARN] TasksAndQueuesTab:775 - max value is: 3840.0
2023-10-08 10:43:14,503 [INFO] TasksAndQueuesTab:757 - Dynamic
2023-10-08 10:43:14,503 [WARN] TasksAndQueuesTab:763 - 128 128
2023-10-08 10:43:14,503 [WARN] TasksAndQueuesTab:775 - max value is: 3840.0
